Number of Maps  = 16
Samples per Map = 100
21/01/29 12:04:53 INFO tracing.SpanReceiverHost: Loaded SpanReceiver org.apache.htrace.impl.LocalFileSpanReceiver successfully.
Wrote input for Map #0
Wrote input for Map #1
Wrote input for Map #2
Wrote input for Map #3
Wrote input for Map #4
Wrote input for Map #5
Wrote input for Map #6
Wrote input for Map #7
Wrote input for Map #8
Wrote input for Map #9
Wrote input for Map #10
Wrote input for Map #11
Wrote input for Map #12
Wrote input for Map #13
Wrote input for Map #14
Wrote input for Map #15
Starting Job
21/01/29 12:04:53 INFO tracing.SpanReceiverHost: Loaded SpanReceiver org.apache.htrace.impl.LocalFileSpanReceiver successfully.
current time before test func is: 2021-01-29 12:04:53.796
21/01/29 12:04:53 INFO ipc.CallQueueManager: Using callQueue class java.util.concurrent.LinkedBlockingQueue
21/01/29 12:04:53 INFO ipc.Server: Starting Socket Reader #1 for port 43423
21/01/29 12:04:54 WARN util.NativeCodeLoader: Unable to load native-hadoop library for your platform... using builtin-java classes where applicable
21/01/29 12:04:54 INFO ipc.Server: IPC Server Responder: starting
21/01/29 12:04:54 INFO ipc.Server: IPC Server listener on 43423: starting
You are connected
call add: 11
21/01/29 12:04:55 INFO client.RMProxy: Connecting to ResourceManager at /0.0.0.0:8032
21/01/29 12:04:55 INFO input.FileInputFormat: Total input paths to process : 16
21/01/29 12:04:55 INFO mapreduce.JobSubmitter: number of splits:16
21/01/29 12:04:55 INFO mapreduce.JobSubmitter: Submitting tokens for job: job_1598481421677_0041
21/01/29 12:04:55 INFO impl.YarnClientImpl: Submitted application application_1598481421677_0041
21/01/29 12:04:55 INFO mapreduce.Job: The url to track the job: http://santaclara:8088/proxy/application_1598481421677_0041/
21/01/29 12:04:55 INFO mapreduce.Job: Running job: job_1598481421677_0041
21/01/29 12:04:56 INFO ipc.Server: Stopping server on 43423
21/01/29 12:04:56 INFO ipc.Server: Stopping IPC Server listener on 43423
21/01/29 12:04:56 INFO ipc.Server: Stopping IPC Server Responder
21/01/29 12:05:01 INFO mapreduce.Job: Job job_1598481421677_0041 running in uber mode : false
21/01/29 12:05:01 INFO mapreduce.Job:  map 0% reduce 0%
21/01/29 12:05:04 INFO mapreduce.Job:  map 6% reduce 0%
21/01/29 12:05:06 INFO tracing.SpanReceiverHost: Loaded SpanReceiver org.apache.htrace.impl.LocalFileSpanReceiver successfully.
current time before test func is: 2021-01-29 12:05:06.679
21/01/29 12:05:06 INFO ipc.CallQueueManager: Using callQueue class java.util.concurrent.LinkedBlockingQueue
21/01/29 12:05:06 INFO ipc.Server: Starting Socket Reader #1 for port 42217
21/01/29 12:05:06 WARN util.NativeCodeLoader: Unable to load native-hadoop library for your platform... using builtin-java classes where applicable
21/01/29 12:05:06 INFO ipc.Server: IPC Server Responder: starting
21/01/29 12:05:06 INFO ipc.Server: IPC Server listener on 42217: starting
You are connected
call add: 11
21/01/29 12:05:07 INFO mapreduce.Job:  map 13% reduce 0%
21/01/29 12:05:08 INFO ipc.Server: Stopping server on 42217
21/01/29 12:05:08 INFO ipc.Server: Stopping IPC Server listener on 42217
21/01/29 12:05:08 INFO ipc.Server: Stopping IPC Server Responder
21/01/29 12:05:10 INFO mapreduce.Job:  map 19% reduce 0%
21/01/29 12:05:13 INFO mapreduce.Job:  map 25% reduce 0%
21/01/29 12:05:16 INFO mapreduce.Job:  map 31% reduce 0%
21/01/29 12:05:19 INFO mapreduce.Job:  map 38% reduce 0%
21/01/29 12:05:19 INFO tracing.SpanReceiverHost: Loaded SpanReceiver org.apache.htrace.impl.LocalFileSpanReceiver successfully.
current time before test func is: 2021-01-29 12:05:19.603
21/01/29 12:05:19 INFO ipc.CallQueueManager: Using callQueue class java.util.concurrent.LinkedBlockingQueue
21/01/29 12:05:19 INFO ipc.Server: Starting Socket Reader #1 for port 38397
21/01/29 12:05:19 WARN util.NativeCodeLoader: Unable to load native-hadoop library for your platform... using builtin-java classes where applicable
21/01/29 12:05:19 INFO ipc.Server: IPC Server listener on 38397: starting
21/01/29 12:05:19 INFO ipc.Server: IPC Server Responder: starting
You are connected
call add: 11
21/01/29 12:05:21 INFO ipc.Server: Stopping server on 38397
21/01/29 12:05:21 INFO ipc.Server: Stopping IPC Server listener on 38397
21/01/29 12:05:21 INFO ipc.Server: Stopping IPC Server Responder
21/01/29 12:05:22 INFO mapreduce.Job:  map 44% reduce 0%
21/01/29 12:05:25 INFO mapreduce.Job:  map 50% reduce 0%
21/01/29 12:05:28 INFO mapreduce.Job:  map 56% reduce 0%
21/01/29 12:05:31 INFO mapreduce.Job:  map 63% reduce 0%
21/01/29 12:05:32 INFO tracing.SpanReceiverHost: Loaded SpanReceiver org.apache.htrace.impl.LocalFileSpanReceiver successfully.
current time before test func is: 2021-01-29 12:05:32.629
21/01/29 12:05:32 INFO ipc.CallQueueManager: Using callQueue class java.util.concurrent.LinkedBlockingQueue
21/01/29 12:05:32 INFO ipc.Server: Starting Socket Reader #1 for port 42679
21/01/29 12:05:32 WARN util.NativeCodeLoader: Unable to load native-hadoop library for your platform... using builtin-java classes where applicable
21/01/29 12:05:32 INFO ipc.Server: IPC Server Responder: starting
21/01/29 12:05:32 INFO ipc.Server: IPC Server listener on 42679: starting
You are connected
call add: 11
21/01/29 12:05:34 INFO mapreduce.Job:  map 69% reduce 0%
21/01/29 12:05:34 INFO ipc.Server: Stopping server on 42679
21/01/29 12:05:34 INFO ipc.Server: Stopping IPC Server listener on 42679
21/01/29 12:05:34 INFO ipc.Server: Stopping IPC Server Responder
21/01/29 12:05:37 INFO mapreduce.Job:  map 75% reduce 0%
21/01/29 12:05:40 INFO mapreduce.Job:  map 81% reduce 0%
21/01/29 12:05:43 INFO mapreduce.Job:  map 88% reduce 0%
21/01/29 12:05:45 INFO tracing.SpanReceiverHost: Loaded SpanReceiver org.apache.htrace.impl.LocalFileSpanReceiver successfully.
current time before test func is: 2021-01-29 12:05:45.544
21/01/29 12:05:45 INFO ipc.CallQueueManager: Using callQueue class java.util.concurrent.LinkedBlockingQueue
21/01/29 12:05:45 INFO ipc.Server: Starting Socket Reader #1 for port 45139
21/01/29 12:05:45 WARN util.NativeCodeLoader: Unable to load native-hadoop library for your platform... using builtin-java classes where applicable
21/01/29 12:05:45 INFO ipc.Server: IPC Server Responder: starting
21/01/29 12:05:45 INFO ipc.Server: IPC Server listener on 45139: starting
You are connected
call add: 11
21/01/29 12:05:46 INFO mapreduce.Job:  map 94% reduce 0%
21/01/29 12:05:47 INFO ipc.Server: Stopping server on 45139
21/01/29 12:05:47 INFO ipc.Server: Stopping IPC Server listener on 45139
21/01/29 12:05:47 INFO ipc.Server: Stopping IPC Server Responder
21/01/29 12:05:49 INFO mapreduce.Job:  map 100% reduce 0%
21/01/29 12:05:52 INFO mapreduce.Job:  map 100% reduce 100%
21/01/29 12:05:52 INFO mapreduce.Job: Job job_1598481421677_0041 completed successfully
21/01/29 12:05:52 INFO mapreduce.Job: Counters: 49
        File System Counters
                FILE: Number of bytes read=358
                FILE: Number of bytes written=1970717
                FILE: Number of read operations=0
                FILE: Number of large read operations=0
                FILE: Number of write operations=0
                HDFS: Number of bytes read=4246
                HDFS: Number of bytes written=215
                HDFS: Number of read operations=67
                HDFS: Number of large read operations=0
                HDFS: Number of write operations=3
        Job Counters
                Launched map tasks=16
                Launched reduce tasks=1
                Data-local map tasks=16
                Total time spent by all maps in occupied slots (ms)=842528
                Total time spent by all reduces in occupied slots (ms)=58464
                Total time spent by all map tasks (ms)=26329
                Total time spent by all reduce tasks (ms)=1827
                Total vcore-seconds taken by all map tasks=26329
                Total vcore-seconds taken by all reduce tasks=1827
                Total megabyte-seconds taken by all map tasks=107843584
                Total megabyte-seconds taken by all reduce tasks=7483392
        Map-Reduce Framework
                Map input records=16
                Map output records=32
                Map output bytes=288
                Map output materialized bytes=448
                Input split bytes=2358
                Combine input records=0
                Combine output records=0
                Reduce input groups=2
                Reduce shuffle bytes=448
                Reduce input records=32
                Reduce output records=0
                Spilled Records=64
                Shuffled Maps =16
                Failed Shuffles=0
                Merged Map outputs=16
                GC time elapsed (ms)=889
                CPU time spent (ms)=11890
                Physical memory (bytes) snapshot=5555511296
                Virtual memory (bytes) snapshot=48290328576
                Total committed heap usage (bytes)=6052380672
        Shuffle Errors
                BAD_ID=0
                CONNECTION=0
                IO_ERROR=0
                WRONG_LENGTH=0
                WRONG_MAP=0
                WRONG_REDUCE=0
        File Input Format Counters
                Bytes Read=1888
        File Output Format Counters
                Bytes Written=97
Job Finished in 57.411 seconds
Estimated value of Pi is 3.15000000000000000000
21/01/29 12:05:58 INFO tracing.SpanReceiverHost: Loaded SpanReceiver org.apache.htrace.impl.LocalFileSpanReceiver successfully.
current time before test func is: 2021-01-29 12:05:58.433
21/01/29 12:05:58 INFO ipc.CallQueueManager: Using callQueue class java.util.concurrent.LinkedBlockingQueue
21/01/29 12:05:58 INFO ipc.Server: Starting Socket Reader #1 for port 44025
21/01/29 12:05:58 WARN util.NativeCodeLoader: Unable to load native-hadoop library for your platform... using builtin-java classes where applicable
21/01/29 12:05:58 INFO ipc.Server: IPC Server Responder: starting
21/01/29 12:05:58 INFO ipc.Server: IPC Server listener on 44025: starting
You are connected
call add: 11