bug triggering time: 21-04-23 13:20:11
Number of Maps  = 16
Samples per Map = 1000
21/04/23 13:18:49 INFO tracing.SpanReceiverHost: Loaded SpanReceiver org.apache.htrace.impl.LocalFileSpanReceiver successfully.
21/04/23 13:18:49 INFO mortbay.log: Logging to org.slf4j.impl.Log4jLoggerAdapter(org.mortbay.log) via org.mortbay.log.Slf4jLog
21/04/23 13:18:49 INFO server.AuthenticationFilter: Unable to initialize FileSignerSecretProvider, falling back to use random secrets.
21/04/23 13:18:49 INFO http.HttpRequestLog: Http request log for http.requests.namenode is not defined
21/04/23 13:18:49 INFO http.HttpServer2: Added global filter 'safety' (class=org.apache.hadoop.http.HttpServer2$QuotingInputFilter)
21/04/23 13:18:49 INFO http.HttpServer2: Added filter static_user_filter (class=org.apache.hadoop.http.lib.StaticUserWebFilter$StaticUserFilter) to context hdfs
21/04/23 13:18:49 INFO http.HttpServer2: Added filter static_user_filter (class=org.apache.hadoop.http.lib.StaticUserWebFilter$StaticUserFilter) to context static
21/04/23 13:18:49 INFO tracing.SpanReceiverHost: Loaded SpanReceiver org.apache.htrace.impl.LocalFileSpanReceiver successfully.
21/04/23 13:18:49 INFO http.HttpServer2: Jetty bound to port 41617
21/04/23 13:18:49 INFO mortbay.log: jetty-6.1.26
21/04/23 13:18:49 INFO mortbay.log: Started HttpServer2$SelectChannelConnectorWithSafeStartup@localhost:41617
!!!http://localhost:41617
21/04/23 13:18:50 WARN util.NativeCodeLoader: Unable to load native-hadoop library for your platform... using builtin-java classes where applicable
21/04/23 13:18:50 INFO namenode.TransferFsImage: Image Transfer timeout configured to 60000 milliseconds
Wrote input for Map #0
Wrote input for Map #1
Wrote input for Map #2
Wrote input for Map #3
Wrote input for Map #4
Wrote input for Map #5
Wrote input for Map #6
Wrote input for Map #7
Wrote input for Map #8
Wrote input for Map #9
Wrote input for Map #10
Wrote input for Map #11
Wrote input for Map #12
Wrote input for Map #13
Wrote input for Map #14
Wrote input for Map #15
Starting Job
21/04/23 13:18:51 INFO client.RMProxy: Connecting to ResourceManager at /0.0.0.0:8032
21/04/23 13:18:51 INFO input.FileInputFormat: Total input paths to process : 16
21/04/23 13:18:52 INFO mapreduce.JobSubmitter: number of splits:16
21/04/23 13:18:52 INFO mapreduce.JobSubmitter: Submitting tokens for job: job_1598481421677_0051
21/04/23 13:18:52 INFO impl.YarnClientImpl: Submitted application application_1598481421677_0051
21/04/23 13:18:52 INFO mapreduce.Job: The url to track the job: http://santaclara:8088/proxy/application_1598481421677_0051/
21/04/23 13:18:52 INFO mapreduce.Job: Running job: job_1598481421677_0051
21/04/23 13:18:55 INFO namenode.TransferFsImage: Uploaded image with txid 1 to namenode at http://localhost:41617 in 5.091 seconds
21/04/23 13:18:55 INFO mortbay.log: Stopped HttpServer2$SelectChannelConnectorWithSafeStartup@localhost:0
21/04/23 13:18:57 INFO mapreduce.Job: Job job_1598481421677_0051 running in uber mode : false
21/04/23 13:18:57 INFO mapreduce.Job:  map 0% reduce 0%
21/04/23 13:19:01 INFO mapreduce.Job:  map 6% reduce 0%
21/04/23 13:19:04 INFO mapreduce.Job:  map 13% reduce 0%
21/04/23 13:19:05 INFO mortbay.log: Logging to org.slf4j.impl.Log4jLoggerAdapter(org.mortbay.log) via org.mortbay.log.Slf4jLog
21/04/23 13:19:06 INFO server.AuthenticationFilter: Unable to initialize FileSignerSecretProvider, falling back to use random secrets.
21/04/23 13:19:06 INFO http.HttpRequestLog: Http request log for http.requests.namenode is not defined
21/04/23 13:19:06 INFO http.HttpServer2: Added global filter 'safety' (class=org.apache.hadoop.http.HttpServer2$QuotingInputFilter)
21/04/23 13:19:06 INFO http.HttpServer2: Added filter static_user_filter (class=org.apache.hadoop.http.lib.StaticUserWebFilter$StaticUserFilter) to context hdfs
21/04/23 13:19:06 INFO http.HttpServer2: Added filter static_user_filter (class=org.apache.hadoop.http.lib.StaticUserWebFilter$StaticUserFilter) to context static
21/04/23 13:19:06 INFO tracing.SpanReceiverHost: Loaded SpanReceiver org.apache.htrace.impl.LocalFileSpanReceiver successfully.
21/04/23 13:19:06 INFO http.HttpServer2: Jetty bound to port 38699
21/04/23 13:19:06 INFO mortbay.log: jetty-6.1.26
21/04/23 13:19:06 INFO mortbay.log: Started HttpServer2$SelectChannelConnectorWithSafeStartup@localhost:38699
!!!http://localhost:38699
21/04/23 13:19:06 WARN util.NativeCodeLoader: Unable to load native-hadoop library for your platform... using builtin-java classes where applicable
21/04/23 13:19:06 INFO namenode.TransferFsImage: Image Transfer timeout configured to 60000 milliseconds
21/04/23 13:19:07 INFO mapreduce.Job:  map 19% reduce 0%
21/04/23 13:19:10 INFO mapreduce.Job:  map 25% reduce 0%
21/04/23 13:19:11 INFO namenode.TransferFsImage: Uploaded image with txid 1 to namenode at http://localhost:38699 in 5.077 seconds
21/04/23 13:19:11 INFO mortbay.log: Stopped HttpServer2$SelectChannelConnectorWithSafeStartup@localhost:0
21/04/23 13:19:13 INFO mapreduce.Job:  map 31% reduce 0%
21/04/23 13:19:16 INFO mapreduce.Job:  map 38% reduce 0%
21/04/23 13:19:19 INFO mapreduce.Job:  map 44% reduce 0%
21/04/23 13:19:22 INFO mapreduce.Job:  map 50% reduce 0%
21/04/23 13:19:22 INFO mortbay.log: Logging to org.slf4j.impl.Log4jLoggerAdapter(org.mortbay.log) via org.mortbay.log.Slf4jLog
21/04/23 13:19:22 INFO server.AuthenticationFilter: Unable to initialize FileSignerSecretProvider, falling back to use random secrets.
21/04/23 13:19:22 INFO http.HttpRequestLog: Http request log for http.requests.namenode is not defined
21/04/23 13:19:22 INFO http.HttpServer2: Added global filter 'safety' (class=org.apache.hadoop.http.HttpServer2$QuotingInputFilter)
21/04/23 13:19:22 INFO http.HttpServer2: Added filter static_user_filter (class=org.apache.hadoop.http.lib.StaticUserWebFilter$StaticUserFilter) to context hdfs
21/04/23 13:19:22 INFO http.HttpServer2: Added filter static_user_filter (class=org.apache.hadoop.http.lib.StaticUserWebFilter$StaticUserFilter) to context static
21/04/23 13:19:22 INFO tracing.SpanReceiverHost: Loaded SpanReceiver org.apache.htrace.impl.LocalFileSpanReceiver successfully.
21/04/23 13:19:22 INFO http.HttpServer2: Jetty bound to port 41493
21/04/23 13:19:22 INFO mortbay.log: jetty-6.1.26
21/04/23 13:19:22 INFO mortbay.log: Started HttpServer2$SelectChannelConnectorWithSafeStartup@localhost:41493
!!!http://localhost:41493
21/04/23 13:19:22 WARN util.NativeCodeLoader: Unable to load native-hadoop library for your platform... using builtin-java classes where applicable
21/04/23 13:19:22 INFO namenode.TransferFsImage: Image Transfer timeout configured to 60000 milliseconds
21/04/23 13:19:25 INFO mapreduce.Job:  map 56% reduce 0%
21/04/23 13:19:27 INFO namenode.TransferFsImage: Uploaded image with txid 1 to namenode at http://localhost:41493 in 5.103 seconds
21/04/23 13:19:27 INFO mortbay.log: Stopped HttpServer2$SelectChannelConnectorWithSafeStartup@localhost:0
21/04/23 13:19:28 INFO mapreduce.Job:  map 63% reduce 0%
21/04/23 13:19:31 INFO mapreduce.Job:  map 69% reduce 0%
21/04/23 13:19:34 INFO mapreduce.Job:  map 75% reduce 0%
21/04/23 13:19:37 INFO mapreduce.Job:  map 81% reduce 0%
21/04/23 13:19:38 INFO mortbay.log: Logging to org.slf4j.impl.Log4jLoggerAdapter(org.mortbay.log) via org.mortbay.log.Slf4jLog
21/04/23 13:19:38 INFO server.AuthenticationFilter: Unable to initialize FileSignerSecretProvider, falling back to use random secrets.
21/04/23 13:19:38 INFO http.HttpRequestLog: Http request log for http.requests.namenode is not defined
21/04/23 13:19:38 INFO http.HttpServer2: Added global filter 'safety' (class=org.apache.hadoop.http.HttpServer2$QuotingInputFilter)
21/04/23 13:19:38 INFO http.HttpServer2: Added filter static_user_filter (class=org.apache.hadoop.http.lib.StaticUserWebFilter$StaticUserFilter) to context hdfs
21/04/23 13:19:38 INFO http.HttpServer2: Added filter static_user_filter (class=org.apache.hadoop.http.lib.StaticUserWebFilter$StaticUserFilter) to context static
21/04/23 13:19:38 INFO tracing.SpanReceiverHost: Loaded SpanReceiver org.apache.htrace.impl.LocalFileSpanReceiver successfully.
21/04/23 13:19:38 INFO http.HttpServer2: Jetty bound to port 32799
21/04/23 13:19:38 INFO mortbay.log: jetty-6.1.26
21/04/23 13:19:38 INFO mortbay.log: Started HttpServer2$SelectChannelConnectorWithSafeStartup@localhost:32799
!!!http://localhost:32799
21/04/23 13:19:39 WARN util.NativeCodeLoader: Unable to load native-hadoop library for your platform... using builtin-java classes where applicable
21/04/23 13:19:39 INFO namenode.TransferFsImage: Image Transfer timeout configured to 60000 milliseconds
21/04/23 13:19:40 INFO mapreduce.Job:  map 88% reduce 0%
21/04/23 13:19:43 INFO mapreduce.Job:  map 94% reduce 0%
21/04/23 13:19:44 INFO namenode.TransferFsImage: Uploaded image with txid 1 to namenode at http://localhost:32799 in 5.08 seconds
21/04/23 13:19:44 INFO mortbay.log: Stopped HttpServer2$SelectChannelConnectorWithSafeStartup@localhost:0
21/04/23 13:19:46 INFO mapreduce.Job:  map 100% reduce 0%
21/04/23 13:19:49 INFO mapreduce.Job:  map 100% reduce 100%
21/04/23 13:19:49 INFO mapreduce.Job: Job job_1598481421677_0051 completed successfully
21/04/23 13:19:49 INFO mapreduce.Job: Counters: 49
        File System Counters
                FILE: Number of bytes read=358
                FILE: Number of bytes written=1970717
                FILE: Number of read operations=0
                FILE: Number of large read operations=0
                FILE: Number of write operations=0
                HDFS: Number of bytes read=4246
                HDFS: Number of bytes written=215
                HDFS: Number of read operations=67
                HDFS: Number of large read operations=0
                HDFS: Number of write operations=3
        Job Counters
                Launched map tasks=16
                Launched reduce tasks=1
                Data-local map tasks=16
                Total time spent by all maps in occupied slots (ms)=841408
                Total time spent by all reduces in occupied slots (ms)=59008
                Total time spent by all map tasks (ms)=26294
                Total time spent by all reduce tasks (ms)=1844
                Total vcore-seconds taken by all map tasks=26294
                Total vcore-seconds taken by all reduce tasks=1844
                Total megabyte-seconds taken by all map tasks=107700224
                Total megabyte-seconds taken by all reduce tasks=7553024
        Map-Reduce Framework
                Map input records=16
                Map output records=32
                Map output bytes=288
                Map output materialized bytes=448
                Input split bytes=2358
                Combine input records=0
                Combine output records=0
                Reduce input groups=2
                Reduce shuffle bytes=448
                Reduce input records=32
                Reduce output records=0
                Spilled Records=64
                Shuffled Maps =16
                Failed Shuffles=0
                Merged Map outputs=16
                GC time elapsed (ms)=653
                CPU time spent (ms)=10350
                Physical memory (bytes) snapshot=4987052032
                Virtual memory (bytes) snapshot=48277807104
                Total committed heap usage (bytes)=5381816320
        Shuffle Errors
                BAD_ID=0
                CONNECTION=0
                IO_ERROR=0
                WRONG_LENGTH=0
                WRONG_MAP=0
                WRONG_REDUCE=0
        File Input Format Counters
                Bytes Read=1888
        File Output Format Counters
                Bytes Written=97
Job Finished in 58.504 seconds
Estimated value of Pi is 3.14250000000000000000
21/04/23 13:19:54 INFO mortbay.log: Logging to org.slf4j.impl.Log4jLoggerAdapter(org.mortbay.log) via org.mortbay.log.Slf4jLog
21/04/23 13:19:55 INFO server.AuthenticationFilter: Unable to initialize FileSignerSecretProvider, falling back to use random secrets.
21/04/23 13:19:55 INFO http.HttpRequestLog: Http request log for http.requests.namenode is not defined
21/04/23 13:19:55 INFO http.HttpServer2: Added global filter 'safety' (class=org.apache.hadoop.http.HttpServer2$QuotingInputFilter)
21/04/23 13:19:55 INFO http.HttpServer2: Added filter static_user_filter (class=org.apache.hadoop.http.lib.StaticUserWebFilter$StaticUserFilter) to context hdfs
21/04/23 13:19:55 INFO http.HttpServer2: Added filter static_user_filter (class=org.apache.hadoop.http.lib.StaticUserWebFilter$StaticUserFilter) to context static
21/04/23 13:19:55 INFO tracing.SpanReceiverHost: Loaded SpanReceiver org.apache.htrace.impl.LocalFileSpanReceiver successfully.
21/04/23 13:19:55 INFO http.HttpServer2: Jetty bound to port 40581
21/04/23 13:19:55 INFO mortbay.log: jetty-6.1.26
21/04/23 13:19:55 INFO mortbay.log: Started HttpServer2$SelectChannelConnectorWithSafeStartup@localhost:40581
!!!http://localhost:40581
21/04/23 13:19:55 WARN util.NativeCodeLoader: Unable to load native-hadoop library for your platform... using builtin-java classes where applicable
21/04/23 13:19:55 INFO namenode.TransferFsImage: Image Transfer timeout configured to 60000 milliseconds
21/04/23 13:20:00 INFO namenode.TransferFsImage: Uploaded image with txid 1 to namenode at http://localhost:40581 in 5.08 seconds
21/04/23 13:20:00 INFO mortbay.log: Stopped HttpServer2$SelectChannelConnectorWithSafeStartup@localhost:0