start time
Fri Apr 30 11:43:04 EDT 2021
30..
2021-04-30 11:43:10,621 WARN  [Thread-3] hbase.HBaseConfiguration: instantiating HBaseConfiguration() is deprecated. Please use HBaseConfiguration#create() to construct a plain Configuration
2021-04-30 11:43:10,621 WARN  [Thread-4] hbase.HBaseConfiguration: instantiating HBaseConfiguration() is deprecated. Please use HBaseConfiguration#create() to construct a plain Configuration
2021-04-30 11:43:10,621 WARN  [Thread-2] hbase.HBaseConfiguration: instantiating HBaseConfiguration() is deprecated. Please use HBaseConfiguration#create() to construct a plain Configuration
2021-04-30 11:43:10,621 WARN  [Thread-0] hbase.HBaseConfiguration: instantiating HBaseConfiguration() is deprecated. Please use HBaseConfiguration#create() to construct a plain Configuration
2021-04-30 11:43:10,621 WARN  [Thread-1] hbase.HBaseConfiguration: instantiating HBaseConfiguration() is deprecated. Please use HBaseConfiguration#create() to construct a plain Configuration
2021-04-30 11:43:10,798 INFO  [Thread-0] trace.SpanReceiverHost: SpanReceiver org.apache.htrace.impl.LocalFileSpanReceiver was loaded successfully.
2021-04-30 11:43:11,510 WARN  [Thread-0] util.NativeCodeLoader: Unable to load native-hadoop library for your platform... using builtin-java classes where applicable
2021-04-30 11:43:12,427 INFO  [Thread-0] zookeeper.RecoverableZooKeeper: Process identifier=hconnection-0x3d6a10f connecting to ZooKeeper ensemble=127.0.0.1:2181
2021-04-30 11:43:12,459 INFO  [Thread-0] zookeeper.ZooKeeper: Client environment:zookeeper.version=3.4.6-1569965, built on 02/20/2014 09:09 GMT
2021-04-30 11:43:12,459 INFO  [Thread-0] zookeeper.ZooKeeper: Client environment:host.name=santaclara
2021-04-30 11:43:12,459 INFO  [Thread-0] zookeeper.ZooKeeper: Client environment:java.version=1.8.0_282
2021-04-30 11:43:12,459 INFO  [Thread-0] zookeeper.ZooKeeper: Client environment:java.vendor=Private Build
2021-04-30 11:43:12,459 INFO  [Thread-0] zookeeper.ZooKeeper: Client environment:java.home=/usr/lib/jvm/java-8-openjdk-amd64/jre
2021-04-30 11:43:12,459 INFO  [Thread-0] zookeeper.ZooKeeper: Client environment:java.class.path=/home/jhe16/Downloads/hbase-1.3.0/bin/../conf:/usr/lib/jvm/java-1.8.0-openjdk-amd64/lib/tools.jar:/home/jhe16/Downloads/hbase-1.3.0/bin/../lib/activation-1.1.jar:/home/jhe16/Downloads/hbase-1.3.0/bin/../lib/aopalliance-1.0.jar:/home/jhe16/Downloads/hbase-1.3.0/bin/../lib/apacheds-i18n-2.0.0-M15.jar:/home/jhe16/Downloads/hbase-1.3.0/bin/../lib/apacheds-kerberos-codec-2.0.0-M15.jar:/home/jhe16/Downloads/hbase-1.3.0/bin/../lib/api-asn1-api-1.0.0-M20.jar:/home/jhe16/Downloads/hbase-1.3.0/bin/../lib/api-util-1.0.0-M20.jar:/home/jhe16/Downloads/hbase-1.3.0/bin/../lib/asm-3.1.jar:/home/jhe16/Downloads/hbase-1.3.0/bin/../lib/avro-1.7.4.jar:/home/jhe16/Downloads/hbase-1.3.0/bin/../lib/commons-beanutils-1.7.0.jar:/home/jhe16/Downloads/hbase-1.3.0/bin/../lib/commons-beanutils-core-1.8.0.jar:/home/jhe16/Downloads/hbase-1.3.0/bin/../lib/commons-cli-1.2.jar:/home/jhe16/Downloads/hbase-1.3.0/bin/../lib/commons-codec-1.9.jar:/home/jhe16/Downloads/hbase-1.3.0/bin/../lib/commons-collections-3.2.2.jar:/home/jhe16/Downloads/hbase-1.3.0/bin/../lib/commons-compress-1.4.1.jar:/home/jhe16/Downloads/hbase-1.3.0/bin/../lib/commons-configuration-1.6.jar:/home/jhe16/Downloads/hbase-1.3.0/bin/../lib/commons-daemon-1.0.13.jar:/home/jhe16/Downloads/hbase-1.3.0/bin/../lib/commons-digester-1.8.jar:/home/jhe16/Downloads/hbase-1.3.0/bin/../lib/commons-el-1.0.jar:/home/jhe16/Downloads/hbase-1.3.0/bin/../lib/commons-httpclient-3.1.jar:/home/jhe16/Downloads/hbase-1.3.0/bin/../lib/commons-io-2.4.jar:/home/jhe16/Downloads/hbase-1.3.0/bin/../lib/commons-lang-2.6.jar:/home/jhe16/Downloads/hbase-1.3.0/bin/../lib/commons-logging-1.2.jar:/home/jhe16/Downloads/hbase-1.3.0/bin/../lib/commons-math-2.2.jar:/home/jhe16/Downloads/hbase-1.3.0/bin/../lib/commons-math3-3.1.1.jar:/home/jhe16/Downloads/hbase-1.3.0/bin/../lib/commons-net-3.1.jar:/home/jhe16/Downloads/hbase-1.3.0/bin/../lib/disruptor-3.3.0.jar:/home/jhe16/Downloads/hbase-1.3.0/bin/../lib/findbugs-annotations-1.3.9-1.jar:/home/jhe16/Downloads/hbase-1.3.0/bin/../lib/guava-12.0.1.jar:/home/jhe16/Downloads/hbase-1.3.0/bin/../lib/guice-3.0.jar:/home/jhe16/Downloads/hbase-1.3.0/bin/../lib/guice-servlet-3.0.jar:/home/jhe16/Downloads/hbase-1.3.0/bin/../lib/hadoop-annotations-2.5.1.jar:/home/jhe16/Downloads/hbase-1.3.0/bin/../lib/hadoop-auth-2.5.1.jar:/home/jhe16/Downloads/hbase-1.3.0/bin/../lib/hadoop-client-2.5.1.jar:/home/jhe16/Downloads/hbase-1.3.0/bin/../lib/hadoop-common-2.5.1.jar:/home/jhe16/Downloads/hbase-1.3.0/bin/../lib/hadoop-hdfs-2.5.1.jar:/home/jhe16/Downloads/hbase-1.3.0/bin/../lib/hadoop-mapreduce-client-app-2.5.1.jar:/home/jhe16/Downloads/hbase-1.3.0/bin/../lib/hadoop-mapreduce-client-common-2.5.1.jar:/home/jhe16/Downloads/hbase-1.3.0/bin/../lib/hadoop-mapreduce-client-core-2.5.1.jar:/home/jhe16/Downloads/hbase-1.3.0/bin/../lib/hadoop-mapreduce-client-jobclient-2.5.1.jar:/home/jhe16/Downloads/hbase-1.3.0/bin/../lib/hadoop-mapreduce-client-shuffle-2.5.1.jar:/home/jhe16/Downloads/hbase-1.3.0/bin/../lib/hadoop-yarn-api-2.5.1.jar:/home/jhe16/Downloads/hbase-1.3.0/bin/../lib/hadoop-yarn-client-2.5.1.jar:/home/jhe16/Downloads/hbase-1.3.0/bin/../lib/hadoop-yarn-common-2.5.1.jar:/home/jhe16/Downloads/hbase-1.3.0/bin/../lib/hadoop-yarn-server-common-2.5.1.jar:/home/jhe16/Downloads/hbase-1.3.0/bin/../lib/hbase-annotations-1.3.0.jar:/home/jhe16/Downloads/hbase-1.3.0/bin/../lib/hbase-annotations-1.3.0-tests.jar:/home/jhe16/Downloads/hbase-1.3.0/bin/../lib/hbase-client-1.3.0.jar:/home/jhe16/Downloads/hbase-1.3.0/bin/../lib/hbase-common-1.3.0.jar:/home/jhe16/Downloads/hbase-1.3.0/bin/../lib/hbase-common-1.3.0-tests.jar:/home/jhe16/Downloads/hbase-1.3.0/bin/../lib/hbase-examples-1.3.0.jar:/home/jhe16/Downloads/hbase-1.3.0/bin/../lib/hbase-external-blockcache-1.3.0.jar:/home/jhe16/Downloads/hbase-1.3.0/bin/../lib/hbase-hadoop2-compat-1.3.0.jar:/home/jhe16/Downloads/hbase-1.3.0/bin/../lib/hbase-hadoop-compat-1.3.0.jar:/home/jhe16/Downloads/hbase-1.3.0/bin/../lib/hbase-it-1.3.0.jar:/home/jhe16/Downloads/hbase-1.3.0/bin/../lib/hbase-it-1.3.0-tests.jar:/home/jhe16/Downloads/hbase-1.3.0/bin/../lib/hbase-prefix-tree-1.3.0.jar:/home/jhe16/Downloads/hbase-1.3.0/bin/../lib/hbase-procedure-1.3.0.jar:/home/jhe16/Downloads/hbase-1.3.0/bin/../lib/hbase-protocol-1.3.0.jar:/home/jhe16/Downloads/hbase-1.3.0/bin/../lib/hbase-resource-bundle-1.3.0.jar:/home/jhe16/Downloads/hbase-1.3.0/bin/../lib/hbase-rest-1.3.0.jar:/home/jhe16/Downloads/hbase-1.3.0/bin/../lib/hbase-server-1.3.0.jar:/home/jhe16/Downloads/hbase-1.3.0/bin/../lib/hbase-server-1.3.0-tests.jar:/home/jhe16/Downloads/hbase-1.3.0/bin/../lib/hbase-shell-1.3.0.jar:/home/jhe16/Downloads/hbase-1.3.0/bin/../lib/hbase-thrift-1.3.0.jar:/home/jhe16/Downloads/hbase-1.3.0/bin/../lib/htrace-core-3.1.0-incubating.jar:/home/jhe16/Downloads/hbase-1.3.0/bin/../lib/httpclient-4.2.5.jar:/home/jhe16/Downloads/hbase-1.3.0/bin/../lib/httpcore-4.4.1.jar:/home/jhe16/Downloads/hbase-1.3.0/bin/../lib/jackson-core-asl-1.9.13.jar:/home/jhe16/Downloads/hbase-1.3.0/bin/../lib/jackson-jaxrs-1.9.13.jar:/home/jhe16/Downloads/hbase-1.3.0/bin/../lib/jackson-mapper-asl-1.9.13.jar:/home/jhe16/Downloads/hbase-1.3.0/bin/../lib/jackson-xc-1.9.13.jar:/home/jhe16/Downloads/hbase-1.3.0/bin/../lib/jamon-runtime-2.4.1.jar:/home/jhe16/Downloads/hbase-1.3.0/bin/../lib/jasper-compiler-5.5.23.jar:/home/jhe16/Downloads/hbase-1.3.0/bin/../lib/jasper-runtime-5.5.23.jar:/home/jhe16/Downloads/hbase-1.3.0/bin/../lib/javax.inject-1.jar:/home/jhe16/Downloads/hbase-1.3.0/bin/../lib/java-xmlbuilder-0.4.jar:/home/jhe16/Downloads/hbase-1.3.0/bin/../lib/jaxb-api-2.2.2.jar:/home/jhe16/Downloads/hbase-1.3.0/bin/../lib/jaxb-impl-2.2.3-1.jar:/home/jhe16/Downloads/hbase-1.3.0/bin/../lib/jcodings-1.0.8.jar:/home/jhe16/Downloads/hbase-1.3.0/bin/../lib/jersey-client-1.9.jar:/home/jhe16/Downloads/hbase-1.3.0/bin/../lib/jersey-core-1.9.jar:/home/jhe16/Downloads/hbase-1.3.0/bin/../lib/jersey-guice-1.9.jar:/home/jhe16/Downloads/hbase-1.3.0/bin/../lib/jersey-json-1.9.jar:/home/jhe16/Downloads/hbase-1.3.0/bin/../lib/jersey-server-1.9.jar:/home/jhe16/Downloads/hbase-1.3.0/bin/../lib/jets3t-0.9.0.jar:/home/jhe16/Downloads/hbase-1.3.0/bin/../lib/jettison-1.3.3.jar:/home/jhe16/Downloads/hbase-1.3.0/bin/../lib/jetty-6.1.26.jar:/home/jhe16/Downloads/hbase-1.3.0/bin/../lib/jetty-sslengine-6.1.26.jar:/home/jhe16/Downloads/hbase-1.3.0/bin/../lib/jetty-util-6.1.26.jar:/home/jhe16/Downloads/hbase-1.3.0/bin/../lib/joni-2.1.2.jar:/home/jhe16/Downloads/hbase-1.3.0/bin/../lib/jruby-complete-1.6.8.jar:/home/jhe16/Downloads/hbase-1.3.0/bin/../lib/jsch-0.1.42.jar:/home/jhe16/Downloads/hbase-1.3.0/bin/../lib/jsp-2.1-6.1.14.jar:/home/jhe16/Downloads/hbase-1.3.0/bin/../lib/jsp-api-2.1-6.1.14.jar:/home/jhe16/Downloads/hbase-1.3.0/bin/../lib/junit-4.12.jar:/home/jhe16/Downloads/hbase-1.3.0/bin/../lib/leveldbjni-all-1.8.jar:/home/jhe16/Downloads/hbase-1.3.0/bin/../lib/libthrift-0.9.3.jar:/home/jhe16/Downloads/hbase-1.3.0/bin/../lib/log4j-1.2.17.jar:/home/jhe16/Downloads/hbase-1.3.0/bin/../lib/metrics-core-2.2.0.jar:/home/jhe16/Downloads/hbase-1.3.0/bin/../lib/netty-all-4.0.23.Final.jar:/home/jhe16/Downloads/hbase-1.3.0/bin/../lib/paranamer-2.3.jar:/home/jhe16/Downloads/hbase-1.3.0/bin/../lib/protobuf-java-2.5.0.jar:/home/jhe16/Downloads/hbase-1.3.0/bin/../lib/servlet-api-2.5-6.1.14.jar:/home/jhe16/Downloads/hbase-1.3.0/bin/../lib/servlet-api-2.5.jar:/home/jhe16/Downloads/hbase-1.3.0/bin/../lib/slf4j-api-1.7.7.jar:/home/jhe16/Downloads/hbase-1.3.0/bin/../lib/slf4j-log4j12-1.7.5.jar:/home/jhe16/Downloads/hbase-1.3.0/bin/../lib/snappy-java-1.0.4.1.jar:/home/jhe16/Downloads/hbase-1.3.0/bin/../lib/spymemcached-2.11.6.jar:/home/jhe16/Downloads/hbase-1.3.0/bin/../lib/xmlenc-0.52.jar:/home/jhe16/Downloads/hbase-1.3.0/bin/../lib/xz-1.0.jar:/home/jhe16/Downloads/hbase-1.3.0/bin/../lib/zookeeper-3.4.6.jar::
2021-04-30 11:43:12,460 INFO  [Thread-0] zookeeper.ZooKeeper: Client environment:java.library.path=/usr/java/packages/lib/amd64:/usr/lib/x86_64-linux-gnu/jni:/lib/x86_64-linux-gnu:/usr/lib/x86_64-linux-gnu:/usr/lib/jni:/lib:/usr/lib
2021-04-30 11:43:12,460 INFO  [Thread-0] zookeeper.ZooKeeper: Client environment:java.io.tmpdir=/tmp
2021-04-30 11:43:12,460 INFO  [Thread-0] zookeeper.ZooKeeper: Client environment:java.compiler=<NA>
2021-04-30 11:43:12,460 INFO  [Thread-0] zookeeper.ZooKeeper: Client environment:os.name=Linux
2021-04-30 11:43:12,460 INFO  [Thread-0] zookeeper.ZooKeeper: Client environment:os.arch=amd64
2021-04-30 11:43:12,460 INFO  [Thread-0] zookeeper.ZooKeeper: Client environment:os.version=4.15.0-66-generic
2021-04-30 11:43:12,460 INFO  [Thread-0] zookeeper.ZooKeeper: Client environment:user.name=jhe16
2021-04-30 11:43:12,460 INFO  [Thread-0] zookeeper.ZooKeeper: Client environment:user.home=/home/jhe16
2021-04-30 11:43:12,460 INFO  [Thread-0] zookeeper.ZooKeeper: Client environment:user.dir=/home/jhe16/Documents/ExtractSignature/benchmark/hbase2066/normal
2021-04-30 11:43:12,461 INFO  [Thread-0] zookeeper.ZooKeeper: Initiating client connection, connectString=127.0.0.1:2181 sessionTimeout=90000 watcher=org.apache.hadoop.hbase.zookeeper.PendingWatcher@2a0be95e
2021-04-30 11:43:12,586 INFO  [Thread-0-SendThread(127.0.0.1:2181)] zookeeper.ClientCnxn: Opening socket connection to server 127.0.0.1/127.0.0.1:2181. Will not attempt to authenticate using SASL (unknown error)
2021-04-30 11:43:12,590 INFO  [Thread-0-SendThread(127.0.0.1:2181)] zookeeper.ClientCnxn: Socket connection established to 127.0.0.1/127.0.0.1:2181, initiating session
2021-04-30 11:43:12,666 INFO  [Thread-0-SendThread(127.0.0.1:2181)] zookeeper.ClientCnxn: Session establishment complete on server 127.0.0.1/127.0.0.1:2181, sessionid = 0x1792362df840009, negotiated timeout = 40000
t4Max so far  2  exceptions 0
t0Max so far  2  exceptions 0
t1Max so far  2  exceptions 0
t2Max so far  2  exceptions 0
t3Max so far  2  exceptions 0
2021-04-30 11:44:22,265 INFO  [Thread-2] client.AsyncProcess: , tableName=t1
2021-04-30 11:44:22,266 INFO  [Thread-0] client.AsyncProcess: , tableName=t1
2021-04-30 11:44:22,267 INFO  [Thread-1] client.AsyncProcess: , tableName=t1
2021-04-30 11:44:22,271 INFO  [Thread-4] client.AsyncProcess: , tableName=t1
2021-04-30 11:44:22,271 INFO  [Thread-3] client.AsyncProcess: , tableName=t1
2021-04-30 11:44:22,444 INFO  [Thread-0] client.AsyncProcess: Left over 2 task(s) are processed on server(s): [santaclara,41435,1619796355236]
2021-04-30 11:44:22,444 INFO  [Thread-3] client.AsyncProcess: Left over 2 task(s) are processed on server(s): [santaclara,41435,1619796355236]
2021-04-30 11:44:22,444 INFO  [Thread-4] client.AsyncProcess: Left over 2 task(s) are processed on server(s): [santaclara,41435,1619796355236]
2021-04-30 11:44:22,444 INFO  [Thread-1] client.AsyncProcess: Left over 2 task(s) are processed on server(s): [santaclara,41435,1619796355236]
2021-04-30 11:44:22,444 INFO  [Thread-2] client.AsyncProcess: Left over 2 task(s) are processed on server(s): [santaclara,41435,1619796355236]
2021-04-30 11:44:22,445 INFO  [Thread-1] client.AsyncProcess: Regions against which left over task(s) are processed: [t1,A_t051757319,1619796422642.cdfcbbff54c16ef7e4dd1acf6c1553f9.]
2021-04-30 11:44:22,444 INFO  [Thread-4] client.AsyncProcess: Regions against which left over task(s) are processed: [t1,A_t051757319,1619796422642.cdfcbbff54c16ef7e4dd1acf6c1553f9.]
2021-04-30 11:44:22,444 INFO  [Thread-3] client.AsyncProcess: Regions against which left over task(s) are processed: [t1,A_t051757319,1619796422642.cdfcbbff54c16ef7e4dd1acf6c1553f9.]
2021-04-30 11:44:22,444 INFO  [Thread-0] client.AsyncProcess: Regions against which left over task(s) are processed: [t1,,1619796422642.029b4ea51adebc7f7c9f77ac7953fc02.]
2021-04-30 11:44:22,445 INFO  [Thread-2] client.AsyncProcess: Regions against which left over task(s) are processed: [t1,A_t051757319,1619796422642.cdfcbbff54c16ef7e4dd1acf6c1553f9.]
t3Max so far  60  exceptions 0
t0Max so far  60  exceptions 0
t4Max so far  60  exceptions 0
t1Max so far  60  exceptions 0
t2Max so far  60  exceptions 0
2021-04-30 11:45:34,598 INFO  [Thread-4] client.AsyncProcess: , tableName=t1
2021-04-30 11:45:34,598 INFO  [Thread-4] client.AsyncProcess: Left over 2 task(s) are processed on server(s): [santaclara,41435,1619796355236]
2021-04-30 11:45:34,598 INFO  [Thread-4] client.AsyncProcess: Regions against which left over task(s) are processed: [t1,A_t051757319,1619796422642.cdfcbbff54c16ef7e4dd1acf6c1553f9.]
2021-04-30 11:45:34,598 INFO  [Thread-2] client.AsyncProcess: , tableName=t1
2021-04-30 11:45:34,598 INFO  [Thread-1] client.AsyncProcess: , tableName=t1
2021-04-30 11:45:34,598 INFO  [Thread-2] client.AsyncProcess: Left over 2 task(s) are processed on server(s): [santaclara,41435,1619796355236]
2021-04-30 11:45:34,598 INFO  [Thread-3] client.AsyncProcess: , tableName=t1
2021-04-30 11:45:34,598 INFO  [Thread-0] client.AsyncProcess: , tableName=t1
2021-04-30 11:45:34,599 INFO  [Thread-3] client.AsyncProcess: Left over 2 task(s) are processed on server(s): [santaclara,41435,1619796355236]
2021-04-30 11:45:34,599 INFO  [Thread-0] client.AsyncProcess: Left over 2 task(s) are processed on server(s): [santaclara,41435,1619796355236]
2021-04-30 11:45:34,598 INFO  [Thread-2] client.AsyncProcess: Regions against which left over task(s) are processed: [t1,A_t051757319,1619796422642.cdfcbbff54c16ef7e4dd1acf6c1553f9.]
2021-04-30 11:45:34,598 INFO  [Thread-1] client.AsyncProcess: Left over 2 task(s) are processed on server(s): [santaclara,41435,1619796355236]
2021-04-30 11:45:34,599 INFO  [Thread-1] client.AsyncProcess: Regions against which left over task(s) are processed: [t1,A_t051757319,1619796422642.cdfcbbff54c16ef7e4dd1acf6c1553f9.]
2021-04-30 11:45:34,599 INFO  [Thread-0] client.AsyncProcess: Regions against which left over task(s) are processed: [t1,,1619796422642.029b4ea51adebc7f7c9f77ac7953fc02.]
2021-04-30 11:45:34,599 INFO  [Thread-3] client.AsyncProcess: Regions against which left over task(s) are processed: [t1,A_t051757319,1619796422642.cdfcbbff54c16ef7e4dd1acf6c1553f9.]
2021-04-30 11:46:39,041 INFO  [Thread-2] client.AsyncProcess: , tableName=t1
2021-04-30 11:46:39,041 INFO  [Thread-4] client.AsyncProcess: , tableName=t1
2021-04-30 11:46:39,041 INFO  [Thread-3] client.AsyncProcess: , tableName=t1
2021-04-30 11:46:39,041 INFO  [Thread-1] client.AsyncProcess: , tableName=t1
2021-04-30 11:46:39,042 INFO  [Thread-3] client.AsyncProcess: Left over 2 task(s) are processed on server(s): [santaclara,41435,1619796355236]
2021-04-30 11:46:39,042 INFO  [Thread-0] client.AsyncProcess: , tableName=t1
2021-04-30 11:46:39,042 INFO  [Thread-4] client.AsyncProcess: Left over 2 task(s) are processed on server(s): [santaclara,41435,1619796355236]
2021-04-30 11:46:39,042 INFO  [Thread-2] client.AsyncProcess: Left over 2 task(s) are processed on server(s): [santaclara,41435,1619796355236]
2021-04-30 11:46:39,042 INFO  [Thread-4] client.AsyncProcess: Regions against which left over task(s) are processed: [t1,A_t051757319,1619796422642.cdfcbbff54c16ef7e4dd1acf6c1553f9.]
2021-04-30 11:46:39,042 INFO  [Thread-0] client.AsyncProcess: Left over 2 task(s) are processed on server(s): [santaclara,41435,1619796355236]
2021-04-30 11:46:39,042 INFO  [Thread-3] client.AsyncProcess: Regions against which left over task(s) are processed: [t1,A_t051757319,1619796422642.cdfcbbff54c16ef7e4dd1acf6c1553f9.]
2021-04-30 11:46:39,042 INFO  [Thread-1] client.AsyncProcess: Left over 2 task(s) are processed on server(s): [santaclara,41435,1619796355236]
2021-04-30 11:46:39,042 INFO  [Thread-0] client.AsyncProcess: Regions against which left over task(s) are processed: [t1,,1619796422642.029b4ea51adebc7f7c9f77ac7953fc02.]
2021-04-30 11:46:39,042 INFO  [Thread-2] client.AsyncProcess: Regions against which left over task(s) are processed: [t1,A_t051757319,1619796422642.cdfcbbff54c16ef7e4dd1acf6c1553f9.]
2021-04-30 11:46:39,042 INFO  [Thread-1] client.AsyncProcess: Regions against which left over task(s) are processed: [t1,A_t051757319,1619796422642.cdfcbbff54c16ef7e4dd1acf6c1553f9.]
aklog: a pioctl failed while obtaining tokens for cell unity.ncsu.edu
aklog: a pioctl failed while obtaining tokens for cell eos.ncsu.edu
2021-04-30 11:47:41,690 INFO  [Thread-0] client.AsyncProcess: , tableName=t1
2021-04-30 11:47:41,690 INFO  [Thread-4] client.AsyncProcess: , tableName=t1
2021-04-30 11:47:41,690 INFO  [Thread-0] client.AsyncProcess: Left over 2 task(s) are processed on server(s): [santaclara,41435,1619796355236]
2021-04-30 11:47:41,690 INFO  [Thread-2] client.AsyncProcess: , tableName=t1
2021-04-30 11:47:41,690 INFO  [Thread-0] client.AsyncProcess: Regions against which left over task(s) are processed: [t1,,1619796422642.029b4ea51adebc7f7c9f77ac7953fc02.]
2021-04-30 11:47:41,690 INFO  [Thread-4] client.AsyncProcess: Left over 2 task(s) are processed on server(s): [santaclara,41435,1619796355236]
2021-04-30 11:47:41,690 INFO  [Thread-2] client.AsyncProcess: Left over 2 task(s) are processed on server(s): [santaclara,41435,1619796355236]
2021-04-30 11:47:41,691 INFO  [Thread-4] client.AsyncProcess: Regions against which left over task(s) are processed: [t1,A_t051757319,1619796422642.cdfcbbff54c16ef7e4dd1acf6c1553f9.]
2021-04-30 11:47:41,691 INFO  [Thread-2] client.AsyncProcess: Regions against which left over task(s) are processed: [t1,A_t051757319,1619796422642.cdfcbbff54c16ef7e4dd1acf6c1553f9.]
2021-04-30 11:47:41,696 INFO  [Thread-3] client.AsyncProcess: , tableName=t1
2021-04-30 11:47:41,696 INFO  [Thread-1] client.AsyncProcess: , tableName=t1
2021-04-30 11:47:41,696 INFO  [Thread-3] client.AsyncProcess: Left over 2 task(s) are processed on server(s): [santaclara,41435,1619796355236]
2021-04-30 11:47:41,696 INFO  [Thread-1] client.AsyncProcess: Left over 2 task(s) are processed on server(s): [santaclara,41435,1619796355236]
2021-04-30 11:47:41,696 INFO  [Thread-3] client.AsyncProcess: Regions against which left over task(s) are processed: [t1,A_t051757319,1619796422642.cdfcbbff54c16ef7e4dd1acf6c1553f9.]
2021-04-30 11:47:41,696 INFO  [Thread-1] client.AsyncProcess: Regions against which left over task(s) are processed: [t1,A_t051757319,1619796422642.cdfcbbff54c16ef7e4dd1acf6c1553f9.]
20..
2021-04-30 11:48:04,051 WARN  [Thread-4] hbase.HBaseConfiguration: instantiating HBaseConfiguration() is deprecated. Please use HBaseConfiguration#create() to construct a plain Configuration
2021-04-30 11:48:04,050 WARN  [Thread-2] hbase.HBaseConfiguration: instantiating HBaseConfiguration() is deprecated. Please use HBaseConfiguration#create() to construct a plain Configuration
2021-04-30 11:48:04,050 WARN  [Thread-0] hbase.HBaseConfiguration: instantiating HBaseConfiguration() is deprecated. Please use HBaseConfiguration#create() to construct a plain Configuration
2021-04-30 11:48:04,050 WARN  [Thread-1] hbase.HBaseConfiguration: instantiating HBaseConfiguration() is deprecated. Please use HBaseConfiguration#create() to construct a plain Configuration
2021-04-30 11:48:04,051 WARN  [Thread-3] hbase.HBaseConfiguration: instantiating HBaseConfiguration() is deprecated. Please use HBaseConfiguration#create() to construct a plain Configuration
2021-04-30 11:48:04,331 INFO  [Thread-3] trace.SpanReceiverHost: SpanReceiver org.apache.htrace.impl.LocalFileSpanReceiver was loaded successfully.
2021-04-30 11:48:04,886 WARN  [Thread-4] util.NativeCodeLoader: Unable to load native-hadoop library for your platform... using builtin-java classes where applicable
2021-04-30 11:48:06,207 INFO  [Thread-1] zookeeper.RecoverableZooKeeper: Process identifier=hconnection-0x6dbefa9f connecting to ZooKeeper ensemble=127.0.0.1:2181
2021-04-30 11:48:06,211 INFO  [Thread-1] zookeeper.ZooKeeper: Client environment:zookeeper.version=3.4.6-1569965, built on 02/20/2014 09:09 GMT
2021-04-30 11:48:06,211 INFO  [Thread-1] zookeeper.ZooKeeper: Client environment:host.name=santaclara
2021-04-30 11:48:06,211 INFO  [Thread-1] zookeeper.ZooKeeper: Client environment:java.version=1.8.0_282
2021-04-30 11:48:06,211 INFO  [Thread-1] zookeeper.ZooKeeper: Client environment:java.vendor=Private Build
2021-04-30 11:48:06,211 INFO  [Thread-1] zookeeper.ZooKeeper: Client environment:java.home=/usr/lib/jvm/java-8-openjdk-amd64/jre
2021-04-30 11:48:06,211 INFO  [Thread-1] zookeeper.ZooKeeper: Client environment:java.class.path=/home/jhe16/Downloads/hbase-1.3.0/bin/../conf:/usr/lib/jvm/java-1.8.0-openjdk-amd64/lib/tools.jar:/home/jhe16/Downloads/hbase-1.3.0/bin/../lib/activation-1.1.jar:/home/jhe16/Downloads/hbase-1.3.0/bin/../lib/aopalliance-1.0.jar:/home/jhe16/Downloads/hbase-1.3.0/bin/../lib/apacheds-i18n-2.0.0-M15.jar:/home/jhe16/Downloads/hbase-1.3.0/bin/../lib/apacheds-kerberos-codec-2.0.0-M15.jar:/home/jhe16/Downloads/hbase-1.3.0/bin/../lib/api-asn1-api-1.0.0-M20.jar:/home/jhe16/Downloads/hbase-1.3.0/bin/../lib/api-util-1.0.0-M20.jar:/home/jhe16/Downloads/hbase-1.3.0/bin/../lib/asm-3.1.jar:/home/jhe16/Downloads/hbase-1.3.0/bin/../lib/avro-1.7.4.jar:/home/jhe16/Downloads/hbase-1.3.0/bin/../lib/commons-beanutils-1.7.0.jar:/home/jhe16/Downloads/hbase-1.3.0/bin/../lib/commons-beanutils-core-1.8.0.jar:/home/jhe16/Downloads/hbase-1.3.0/bin/../lib/commons-cli-1.2.jar:/home/jhe16/Downloads/hbase-1.3.0/bin/../lib/commons-codec-1.9.jar:/home/jhe16/Downloads/hbase-1.3.0/bin/../lib/commons-collections-3.2.2.jar:/home/jhe16/Downloads/hbase-1.3.0/bin/../lib/commons-compress-1.4.1.jar:/home/jhe16/Downloads/hbase-1.3.0/bin/../lib/commons-configuration-1.6.jar:/home/jhe16/Downloads/hbase-1.3.0/bin/../lib/commons-daemon-1.0.13.jar:/home/jhe16/Downloads/hbase-1.3.0/bin/../lib/commons-digester-1.8.jar:/home/jhe16/Downloads/hbase-1.3.0/bin/../lib/commons-el-1.0.jar:/home/jhe16/Downloads/hbase-1.3.0/bin/../lib/commons-httpclient-3.1.jar:/home/jhe16/Downloads/hbase-1.3.0/bin/../lib/commons-io-2.4.jar:/home/jhe16/Downloads/hbase-1.3.0/bin/../lib/commons-lang-2.6.jar:/home/jhe16/Downloads/hbase-1.3.0/bin/../lib/commons-logging-1.2.jar:/home/jhe16/Downloads/hbase-1.3.0/bin/../lib/commons-math-2.2.jar:/home/jhe16/Downloads/hbase-1.3.0/bin/../lib/commons-math3-3.1.1.jar:/home/jhe16/Downloads/hbase-1.3.0/bin/../lib/commons-net-3.1.jar:/home/jhe16/Downloads/hbase-1.3.0/bin/../lib/disruptor-3.3.0.jar:/home/jhe16/Downloads/hbase-1.3.0/bin/../lib/findbugs-annotations-1.3.9-1.jar:/home/jhe16/Downloads/hbase-1.3.0/bin/../lib/guava-12.0.1.jar:/home/jhe16/Downloads/hbase-1.3.0/bin/../lib/guice-3.0.jar:/home/jhe16/Downloads/hbase-1.3.0/bin/../lib/guice-servlet-3.0.jar:/home/jhe16/Downloads/hbase-1.3.0/bin/../lib/hadoop-annotations-2.5.1.jar:/home/jhe16/Downloads/hbase-1.3.0/bin/../lib/hadoop-auth-2.5.1.jar:/home/jhe16/Downloads/hbase-1.3.0/bin/../lib/hadoop-client-2.5.1.jar:/home/jhe16/Downloads/hbase-1.3.0/bin/../lib/hadoop-common-2.5.1.jar:/home/jhe16/Downloads/hbase-1.3.0/bin/../lib/hadoop-hdfs-2.5.1.jar:/home/jhe16/Downloads/hbase-1.3.0/bin/../lib/hadoop-mapreduce-client-app-2.5.1.jar:/home/jhe16/Downloads/hbase-1.3.0/bin/../lib/hadoop-mapreduce-client-common-2.5.1.jar:/home/jhe16/Downloads/hbase-1.3.0/bin/../lib/hadoop-mapreduce-client-core-2.5.1.jar:/home/jhe16/Downloads/hbase-1.3.0/bin/../lib/hadoop-mapreduce-client-jobclient-2.5.1.jar:/home/jhe16/Downloads/hbase-1.3.0/bin/../lib/hadoop-mapreduce-client-shuffle-2.5.1.jar:/home/jhe16/Downloads/hbase-1.3.0/bin/../lib/hadoop-yarn-api-2.5.1.jar:/home/jhe16/Downloads/hbase-1.3.0/bin/../lib/hadoop-yarn-client-2.5.1.jar:/home/jhe16/Downloads/hbase-1.3.0/bin/../lib/hadoop-yarn-common-2.5.1.jar:/home/jhe16/Downloads/hbase-1.3.0/bin/../lib/hadoop-yarn-server-common-2.5.1.jar:/home/jhe16/Downloads/hbase-1.3.0/bin/../lib/hbase-annotations-1.3.0.jar:/home/jhe16/Downloads/hbase-1.3.0/bin/../lib/hbase-annotations-1.3.0-tests.jar:/home/jhe16/Downloads/hbase-1.3.0/bin/../lib/hbase-client-1.3.0.jar:/home/jhe16/Downloads/hbase-1.3.0/bin/../lib/hbase-common-1.3.0.jar:/home/jhe16/Downloads/hbase-1.3.0/bin/../lib/hbase-common-1.3.0-tests.jar:/home/jhe16/Downloads/hbase-1.3.0/bin/../lib/hbase-examples-1.3.0.jar:/home/jhe16/Downloads/hbase-1.3.0/bin/../lib/hbase-external-blockcache-1.3.0.jar:/home/jhe16/Downloads/hbase-1.3.0/bin/../lib/hbase-hadoop2-compat-1.3.0.jar:/home/jhe16/Downloads/hbase-1.3.0/bin/../lib/hbase-hadoop-compat-1.3.0.jar:/home/jhe16/Downloads/hbase-1.3.0/bin/../lib/hbase-it-1.3.0.jar:/home/jhe16/Downloads/hbase-1.3.0/bin/../lib/hbase-it-1.3.0-tests.jar:/home/jhe16/Downloads/hbase-1.3.0/bin/../lib/hbase-prefix-tree-1.3.0.jar:/home/jhe16/Downloads/hbase-1.3.0/bin/../lib/hbase-procedure-1.3.0.jar:/home/jhe16/Downloads/hbase-1.3.0/bin/../lib/hbase-protocol-1.3.0.jar:/home/jhe16/Downloads/hbase-1.3.0/bin/../lib/hbase-resource-bundle-1.3.0.jar:/home/jhe16/Downloads/hbase-1.3.0/bin/../lib/hbase-rest-1.3.0.jar:/home/jhe16/Downloads/hbase-1.3.0/bin/../lib/hbase-server-1.3.0.jar:/home/jhe16/Downloads/hbase-1.3.0/bin/../lib/hbase-server-1.3.0-tests.jar:/home/jhe16/Downloads/hbase-1.3.0/bin/../lib/hbase-shell-1.3.0.jar:/home/jhe16/Downloads/hbase-1.3.0/bin/../lib/hbase-thrift-1.3.0.jar:/home/jhe16/Downloads/hbase-1.3.0/bin/../lib/htrace-core-3.1.0-incubating.jar:/home/jhe16/Downloads/hbase-1.3.0/bin/../lib/httpclient-4.2.5.jar:/home/jhe16/Downloads/hbase-1.3.0/bin/../lib/httpcore-4.4.1.jar:/home/jhe16/Downloads/hbase-1.3.0/bin/../lib/jackson-core-asl-1.9.13.jar:/home/jhe16/Downloads/hbase-1.3.0/bin/../lib/jackson-jaxrs-1.9.13.jar:/home/jhe16/Downloads/hbase-1.3.0/bin/../lib/jackson-mapper-asl-1.9.13.jar:/home/jhe16/Downloads/hbase-1.3.0/bin/../lib/jackson-xc-1.9.13.jar:/home/jhe16/Downloads/hbase-1.3.0/bin/../lib/jamon-runtime-2.4.1.jar:/home/jhe16/Downloads/hbase-1.3.0/bin/../lib/jasper-compiler-5.5.23.jar:/home/jhe16/Downloads/hbase-1.3.0/bin/../lib/jasper-runtime-5.5.23.jar:/home/jhe16/Downloads/hbase-1.3.0/bin/../lib/javax.inject-1.jar:/home/jhe16/Downloads/hbase-1.3.0/bin/../lib/java-xmlbuilder-0.4.jar:/home/jhe16/Downloads/hbase-1.3.0/bin/../lib/jaxb-api-2.2.2.jar:/home/jhe16/Downloads/hbase-1.3.0/bin/../lib/jaxb-impl-2.2.3-1.jar:/home/jhe16/Downloads/hbase-1.3.0/bin/../lib/jcodings-1.0.8.jar:/home/jhe16/Downloads/hbase-1.3.0/bin/../lib/jersey-client-1.9.jar:/home/jhe16/Downloads/hbase-1.3.0/bin/../lib/jersey-core-1.9.jar:/home/jhe16/Downloads/hbase-1.3.0/bin/../lib/jersey-guice-1.9.jar:/home/jhe16/Downloads/hbase-1.3.0/bin/../lib/jersey-json-1.9.jar:/home/jhe16/Downloads/hbase-1.3.0/bin/../lib/jersey-server-1.9.jar:/home/jhe16/Downloads/hbase-1.3.0/bin/../lib/jets3t-0.9.0.jar:/home/jhe16/Downloads/hbase-1.3.0/bin/../lib/jettison-1.3.3.jar:/home/jhe16/Downloads/hbase-1.3.0/bin/../lib/jetty-6.1.26.jar:/home/jhe16/Downloads/hbase-1.3.0/bin/../lib/jetty-sslengine-6.1.26.jar:/home/jhe16/Downloads/hbase-1.3.0/bin/../lib/jetty-util-6.1.26.jar:/home/jhe16/Downloads/hbase-1.3.0/bin/../lib/joni-2.1.2.jar:/home/jhe16/Downloads/hbase-1.3.0/bin/../lib/jruby-complete-1.6.8.jar:/home/jhe16/Downloads/hbase-1.3.0/bin/../lib/jsch-0.1.42.jar:/home/jhe16/Downloads/hbase-1.3.0/bin/../lib/jsp-2.1-6.1.14.jar:/home/jhe16/Downloads/hbase-1.3.0/bin/../lib/jsp-api-2.1-6.1.14.jar:/home/jhe16/Downloads/hbase-1.3.0/bin/../lib/junit-4.12.jar:/home/jhe16/Downloads/hbase-1.3.0/bin/../lib/leveldbjni-all-1.8.jar:/home/jhe16/Downloads/hbase-1.3.0/bin/../lib/libthrift-0.9.3.jar:/home/jhe16/Downloads/hbase-1.3.0/bin/../lib/log4j-1.2.17.jar:/home/jhe16/Downloads/hbase-1.3.0/bin/../lib/metrics-core-2.2.0.jar:/home/jhe16/Downloads/hbase-1.3.0/bin/../lib/netty-all-4.0.23.Final.jar:/home/jhe16/Downloads/hbase-1.3.0/bin/../lib/paranamer-2.3.jar:/home/jhe16/Downloads/hbase-1.3.0/bin/../lib/protobuf-java-2.5.0.jar:/home/jhe16/Downloads/hbase-1.3.0/bin/../lib/servlet-api-2.5-6.1.14.jar:/home/jhe16/Downloads/hbase-1.3.0/bin/../lib/servlet-api-2.5.jar:/home/jhe16/Downloads/hbase-1.3.0/bin/../lib/slf4j-api-1.7.7.jar:/home/jhe16/Downloads/hbase-1.3.0/bin/../lib/slf4j-log4j12-1.7.5.jar:/home/jhe16/Downloads/hbase-1.3.0/bin/../lib/snappy-java-1.0.4.1.jar:/home/jhe16/Downloads/hbase-1.3.0/bin/../lib/spymemcached-2.11.6.jar:/home/jhe16/Downloads/hbase-1.3.0/bin/../lib/xmlenc-0.52.jar:/home/jhe16/Downloads/hbase-1.3.0/bin/../lib/xz-1.0.jar:/home/jhe16/Downloads/hbase-1.3.0/bin/../lib/zookeeper-3.4.6.jar::
2021-04-30 11:48:06,212 INFO  [Thread-1] zookeeper.ZooKeeper: Client environment:java.library.path=/usr/java/packages/lib/amd64:/usr/lib/x86_64-linux-gnu/jni:/lib/x86_64-linux-gnu:/usr/lib/x86_64-linux-gnu:/usr/lib/jni:/lib:/usr/lib
2021-04-30 11:48:06,212 INFO  [Thread-1] zookeeper.ZooKeeper: Client environment:java.io.tmpdir=/tmp
2021-04-30 11:48:06,212 INFO  [Thread-1] zookeeper.ZooKeeper: Client environment:java.compiler=<NA>
2021-04-30 11:48:06,212 INFO  [Thread-1] zookeeper.ZooKeeper: Client environment:os.name=Linux
2021-04-30 11:48:06,212 INFO  [Thread-1] zookeeper.ZooKeeper: Client environment:os.arch=amd64
2021-04-30 11:48:06,212 INFO  [Thread-1] zookeeper.ZooKeeper: Client environment:os.version=4.15.0-66-generic
2021-04-30 11:48:06,212 INFO  [Thread-1] zookeeper.ZooKeeper: Client environment:user.name=jhe16
2021-04-30 11:48:06,212 INFO  [Thread-1] zookeeper.ZooKeeper: Client environment:user.home=/home/jhe16
2021-04-30 11:48:06,212 INFO  [Thread-1] zookeeper.ZooKeeper: Client environment:user.dir=/home/jhe16/Documents/ExtractSignature/benchmark/hbase2066/normal
2021-04-30 11:48:06,212 INFO  [Thread-1] zookeeper.ZooKeeper: Initiating client connection, connectString=127.0.0.1:2181 sessionTimeout=90000 watcher=org.apache.hadoop.hbase.zookeeper.PendingWatcher@3db3fd9
2021-04-30 11:48:06,640 INFO  [Thread-1-SendThread(127.0.0.1:2181)] zookeeper.ClientCnxn: Opening socket connection to server 127.0.0.1/127.0.0.1:2181. Will not attempt to authenticate using SASL (unknown error)
2021-04-30 11:48:06,645 INFO  [Thread-1-SendThread(127.0.0.1:2181)] zookeeper.ClientCnxn: Socket connection established to 127.0.0.1/127.0.0.1:2181, initiating session
2021-04-30 11:48:07,160 INFO  [Thread-1-SendThread(127.0.0.1:2181)] zookeeper.ClientCnxn: Session establishment complete on server 127.0.0.1/127.0.0.1:2181, sessionid = 0x1792362df84000a, negotiated timeout = 40000
t0Max so far  1  exceptions 0
t4Max so far  1  exceptions 0
t1Max so far  1  exceptions 0
t2Max so far  1  exceptions 0
t3Max so far  1  exceptions 0
2021-04-30 11:49:31,082 INFO  [Thread-3] client.AsyncProcess: , tableName=t1
2021-04-30 11:49:31,083 INFO  [Thread-3] client.AsyncProcess: Left over 2 task(s) are processed on server(s): [santaclara,41435,1619796355236]
2021-04-30 11:49:31,083 INFO  [Thread-3] client.AsyncProcess: Regions against which left over task(s) are processed: [t1,A_t051757319,1619796422642.cdfcbbff54c16ef7e4dd1acf6c1553f9.]
2021-04-30 11:49:31,085 INFO  [Thread-4] client.AsyncProcess: , tableName=t1
2021-04-30 11:49:31,085 INFO  [Thread-4] client.AsyncProcess: Left over 2 task(s) are processed on server(s): [santaclara,41435,1619796355236]
2021-04-30 11:49:31,085 INFO  [Thread-4] client.AsyncProcess: Regions against which left over task(s) are processed: [t1,A_t051757319,1619796422642.cdfcbbff54c16ef7e4dd1acf6c1553f9.]
2021-04-30 11:49:31,085 INFO  [Thread-1] client.AsyncProcess: , tableName=t1
2021-04-30 11:49:31,085 INFO  [Thread-1] client.AsyncProcess: Left over 2 task(s) are processed on server(s): [santaclara,41435,1619796355236]
2021-04-30 11:49:31,085 INFO  [Thread-1] client.AsyncProcess: Regions against which left over task(s) are processed: [t1,A_t051757319,1619796422642.cdfcbbff54c16ef7e4dd1acf6c1553f9.]
2021-04-30 11:49:31,085 INFO  [Thread-0] client.AsyncProcess: , tableName=t1
2021-04-30 11:49:31,086 INFO  [Thread-0] client.AsyncProcess: Left over 2 task(s) are processed on server(s): [santaclara,41435,1619796355236]
2021-04-30 11:49:31,086 INFO  [Thread-0] client.AsyncProcess: Regions against which left over task(s) are processed: [t1,,1619796422642.029b4ea51adebc7f7c9f77ac7953fc02.]
2021-04-30 11:49:31,090 INFO  [Thread-2] client.AsyncProcess: , tableName=t1
2021-04-30 11:49:31,090 INFO  [Thread-2] client.AsyncProcess: Left over 2 task(s) are processed on server(s): [santaclara,41435,1619796355236]
2021-04-30 11:49:31,090 INFO  [Thread-2] client.AsyncProcess: Regions against which left over task(s) are processed: [t1,A_t051757319,1619796422642.cdfcbbff54c16ef7e4dd1acf6c1553f9.]
t3Max so far  60  exceptions 0
t1Max so far  60  exceptions 0
t4Max so far  60  exceptions 0
t2Max so far  60  exceptions 0
t0Max so far  60  exceptions 0
10..
2021-04-30 11:49:58,948 WARN  [Thread-1] hbase.HBaseConfiguration: instantiating HBaseConfiguration() is deprecated. Please use HBaseConfiguration#create() to construct a plain Configuration
2021-04-30 11:49:58,948 WARN  [Thread-2] hbase.HBaseConfiguration: instantiating HBaseConfiguration() is deprecated. Please use HBaseConfiguration#create() to construct a plain Configuration
2021-04-30 11:49:58,948 WARN  [Thread-0] hbase.HBaseConfiguration: instantiating HBaseConfiguration() is deprecated. Please use HBaseConfiguration#create() to construct a plain Configuration
2021-04-30 11:49:58,948 WARN  [Thread-4] hbase.HBaseConfiguration: instantiating HBaseConfiguration() is deprecated. Please use HBaseConfiguration#create() to construct a plain Configuration
2021-04-30 11:49:58,948 WARN  [Thread-3] hbase.HBaseConfiguration: instantiating HBaseConfiguration() is deprecated. Please use HBaseConfiguration#create() to construct a plain Configuration
2021-04-30 11:49:59,187 INFO  [Thread-1] trace.SpanReceiverHost: SpanReceiver org.apache.htrace.impl.LocalFileSpanReceiver was loaded successfully.
2021-04-30 11:50:02,116 WARN  [Thread-4] util.NativeCodeLoader: Unable to load native-hadoop library for your platform... using builtin-java classes where applicable
2021-04-30 11:50:02,953 INFO  [Thread-4] zookeeper.RecoverableZooKeeper: Process identifier=hconnection-0x1073542d connecting to ZooKeeper ensemble=127.0.0.1:2181
2021-04-30 11:50:02,957 INFO  [Thread-4] zookeeper.ZooKeeper: Client environment:zookeeper.version=3.4.6-1569965, built on 02/20/2014 09:09 GMT
2021-04-30 11:50:02,958 INFO  [Thread-4] zookeeper.ZooKeeper: Client environment:host.name=santaclara
2021-04-30 11:50:02,958 INFO  [Thread-4] zookeeper.ZooKeeper: Client environment:java.version=1.8.0_282
2021-04-30 11:50:02,958 INFO  [Thread-4] zookeeper.ZooKeeper: Client environment:java.vendor=Private Build
2021-04-30 11:50:02,958 INFO  [Thread-4] zookeeper.ZooKeeper: Client environment:java.home=/usr/lib/jvm/java-8-openjdk-amd64/jre
2021-04-30 11:50:02,958 INFO  [Thread-4] zookeeper.ZooKeeper: Client environment:java.class.path=/home/jhe16/Downloads/hbase-1.3.0/bin/../conf:/usr/lib/jvm/java-1.8.0-openjdk-amd64/lib/tools.jar:/home/jhe16/Downloads/hbase-1.3.0/bin/../lib/activation-1.1.jar:/home/jhe16/Downloads/hbase-1.3.0/bin/../lib/aopalliance-1.0.jar:/home/jhe16/Downloads/hbase-1.3.0/bin/../lib/apacheds-i18n-2.0.0-M15.jar:/home/jhe16/Downloads/hbase-1.3.0/bin/../lib/apacheds-kerberos-codec-2.0.0-M15.jar:/home/jhe16/Downloads/hbase-1.3.0/bin/../lib/api-asn1-api-1.0.0-M20.jar:/home/jhe16/Downloads/hbase-1.3.0/bin/../lib/api-util-1.0.0-M20.jar:/home/jhe16/Downloads/hbase-1.3.0/bin/../lib/asm-3.1.jar:/home/jhe16/Downloads/hbase-1.3.0/bin/../lib/avro-1.7.4.jar:/home/jhe16/Downloads/hbase-1.3.0/bin/../lib/commons-beanutils-1.7.0.jar:/home/jhe16/Downloads/hbase-1.3.0/bin/../lib/commons-beanutils-core-1.8.0.jar:/home/jhe16/Downloads/hbase-1.3.0/bin/../lib/commons-cli-1.2.jar:/home/jhe16/Downloads/hbase-1.3.0/bin/../lib/commons-codec-1.9.jar:/home/jhe16/Downloads/hbase-1.3.0/bin/../lib/commons-collections-3.2.2.jar:/home/jhe16/Downloads/hbase-1.3.0/bin/../lib/commons-compress-1.4.1.jar:/home/jhe16/Downloads/hbase-1.3.0/bin/../lib/commons-configuration-1.6.jar:/home/jhe16/Downloads/hbase-1.3.0/bin/../lib/commons-daemon-1.0.13.jar:/home/jhe16/Downloads/hbase-1.3.0/bin/../lib/commons-digester-1.8.jar:/home/jhe16/Downloads/hbase-1.3.0/bin/../lib/commons-el-1.0.jar:/home/jhe16/Downloads/hbase-1.3.0/bin/../lib/commons-httpclient-3.1.jar:/home/jhe16/Downloads/hbase-1.3.0/bin/../lib/commons-io-2.4.jar:/home/jhe16/Downloads/hbase-1.3.0/bin/../lib/commons-lang-2.6.jar:/home/jhe16/Downloads/hbase-1.3.0/bin/../lib/commons-logging-1.2.jar:/home/jhe16/Downloads/hbase-1.3.0/bin/../lib/commons-math-2.2.jar:/home/jhe16/Downloads/hbase-1.3.0/bin/../lib/commons-math3-3.1.1.jar:/home/jhe16/Downloads/hbase-1.3.0/bin/../lib/commons-net-3.1.jar:/home/jhe16/Downloads/hbase-1.3.0/bin/../lib/disruptor-3.3.0.jar:/home/jhe16/Downloads/hbase-1.3.0/bin/../lib/findbugs-annotations-1.3.9-1.jar:/home/jhe16/Downloads/hbase-1.3.0/bin/../lib/guava-12.0.1.jar:/home/jhe16/Downloads/hbase-1.3.0/bin/../lib/guice-3.0.jar:/home/jhe16/Downloads/hbase-1.3.0/bin/../lib/guice-servlet-3.0.jar:/home/jhe16/Downloads/hbase-1.3.0/bin/../lib/hadoop-annotations-2.5.1.jar:/home/jhe16/Downloads/hbase-1.3.0/bin/../lib/hadoop-auth-2.5.1.jar:/home/jhe16/Downloads/hbase-1.3.0/bin/../lib/hadoop-client-2.5.1.jar:/home/jhe16/Downloads/hbase-1.3.0/bin/../lib/hadoop-common-2.5.1.jar:/home/jhe16/Downloads/hbase-1.3.0/bin/../lib/hadoop-hdfs-2.5.1.jar:/home/jhe16/Downloads/hbase-1.3.0/bin/../lib/hadoop-mapreduce-client-app-2.5.1.jar:/home/jhe16/Downloads/hbase-1.3.0/bin/../lib/hadoop-mapreduce-client-common-2.5.1.jar:/home/jhe16/Downloads/hbase-1.3.0/bin/../lib/hadoop-mapreduce-client-core-2.5.1.jar:/home/jhe16/Downloads/hbase-1.3.0/bin/../lib/hadoop-mapreduce-client-jobclient-2.5.1.jar:/home/jhe16/Downloads/hbase-1.3.0/bin/../lib/hadoop-mapreduce-client-shuffle-2.5.1.jar:/home/jhe16/Downloads/hbase-1.3.0/bin/../lib/hadoop-yarn-api-2.5.1.jar:/home/jhe16/Downloads/hbase-1.3.0/bin/../lib/hadoop-yarn-client-2.5.1.jar:/home/jhe16/Downloads/hbase-1.3.0/bin/../lib/hadoop-yarn-common-2.5.1.jar:/home/jhe16/Downloads/hbase-1.3.0/bin/../lib/hadoop-yarn-server-common-2.5.1.jar:/home/jhe16/Downloads/hbase-1.3.0/bin/../lib/hbase-annotations-1.3.0.jar:/home/jhe16/Downloads/hbase-1.3.0/bin/../lib/hbase-annotations-1.3.0-tests.jar:/home/jhe16/Downloads/hbase-1.3.0/bin/../lib/hbase-client-1.3.0.jar:/home/jhe16/Downloads/hbase-1.3.0/bin/../lib/hbase-common-1.3.0.jar:/home/jhe16/Downloads/hbase-1.3.0/bin/../lib/hbase-common-1.3.0-tests.jar:/home/jhe16/Downloads/hbase-1.3.0/bin/../lib/hbase-examples-1.3.0.jar:/home/jhe16/Downloads/hbase-1.3.0/bin/../lib/hbase-external-blockcache-1.3.0.jar:/home/jhe16/Downloads/hbase-1.3.0/bin/../lib/hbase-hadoop2-compat-1.3.0.jar:/home/jhe16/Downloads/hbase-1.3.0/bin/../lib/hbase-hadoop-compat-1.3.0.jar:/home/jhe16/Downloads/hbase-1.3.0/bin/../lib/hbase-it-1.3.0.jar:/home/jhe16/Downloads/hbase-1.3.0/bin/../lib/hbase-it-1.3.0-tests.jar:/home/jhe16/Downloads/hbase-1.3.0/bin/../lib/hbase-prefix-tree-1.3.0.jar:/home/jhe16/Downloads/hbase-1.3.0/bin/../lib/hbase-procedure-1.3.0.jar:/home/jhe16/Downloads/hbase-1.3.0/bin/../lib/hbase-protocol-1.3.0.jar:/home/jhe16/Downloads/hbase-1.3.0/bin/../lib/hbase-resource-bundle-1.3.0.jar:/home/jhe16/Downloads/hbase-1.3.0/bin/../lib/hbase-rest-1.3.0.jar:/home/jhe16/Downloads/hbase-1.3.0/bin/../lib/hbase-server-1.3.0.jar:/home/jhe16/Downloads/hbase-1.3.0/bin/../lib/hbase-server-1.3.0-tests.jar:/home/jhe16/Downloads/hbase-1.3.0/bin/../lib/hbase-shell-1.3.0.jar:/home/jhe16/Downloads/hbase-1.3.0/bin/../lib/hbase-thrift-1.3.0.jar:/home/jhe16/Downloads/hbase-1.3.0/bin/../lib/htrace-core-3.1.0-incubating.jar:/home/jhe16/Downloads/hbase-1.3.0/bin/../lib/httpclient-4.2.5.jar:/home/jhe16/Downloads/hbase-1.3.0/bin/../lib/httpcore-4.4.1.jar:/home/jhe16/Downloads/hbase-1.3.0/bin/../lib/jackson-core-asl-1.9.13.jar:/home/jhe16/Downloads/hbase-1.3.0/bin/../lib/jackson-jaxrs-1.9.13.jar:/home/jhe16/Downloads/hbase-1.3.0/bin/../lib/jackson-mapper-asl-1.9.13.jar:/home/jhe16/Downloads/hbase-1.3.0/bin/../lib/jackson-xc-1.9.13.jar:/home/jhe16/Downloads/hbase-1.3.0/bin/../lib/jamon-runtime-2.4.1.jar:/home/jhe16/Downloads/hbase-1.3.0/bin/../lib/jasper-compiler-5.5.23.jar:/home/jhe16/Downloads/hbase-1.3.0/bin/../lib/jasper-runtime-5.5.23.jar:/home/jhe16/Downloads/hbase-1.3.0/bin/../lib/javax.inject-1.jar:/home/jhe16/Downloads/hbase-1.3.0/bin/../lib/java-xmlbuilder-0.4.jar:/home/jhe16/Downloads/hbase-1.3.0/bin/../lib/jaxb-api-2.2.2.jar:/home/jhe16/Downloads/hbase-1.3.0/bin/../lib/jaxb-impl-2.2.3-1.jar:/home/jhe16/Downloads/hbase-1.3.0/bin/../lib/jcodings-1.0.8.jar:/home/jhe16/Downloads/hbase-1.3.0/bin/../lib/jersey-client-1.9.jar:/home/jhe16/Downloads/hbase-1.3.0/bin/../lib/jersey-core-1.9.jar:/home/jhe16/Downloads/hbase-1.3.0/bin/../lib/jersey-guice-1.9.jar:/home/jhe16/Downloads/hbase-1.3.0/bin/../lib/jersey-json-1.9.jar:/home/jhe16/Downloads/hbase-1.3.0/bin/../lib/jersey-server-1.9.jar:/home/jhe16/Downloads/hbase-1.3.0/bin/../lib/jets3t-0.9.0.jar:/home/jhe16/Downloads/hbase-1.3.0/bin/../lib/jettison-1.3.3.jar:/home/jhe16/Downloads/hbase-1.3.0/bin/../lib/jetty-6.1.26.jar:/home/jhe16/Downloads/hbase-1.3.0/bin/../lib/jetty-sslengine-6.1.26.jar:/home/jhe16/Downloads/hbase-1.3.0/bin/../lib/jetty-util-6.1.26.jar:/home/jhe16/Downloads/hbase-1.3.0/bin/../lib/joni-2.1.2.jar:/home/jhe16/Downloads/hbase-1.3.0/bin/../lib/jruby-complete-1.6.8.jar:/home/jhe16/Downloads/hbase-1.3.0/bin/../lib/jsch-0.1.42.jar:/home/jhe16/Downloads/hbase-1.3.0/bin/../lib/jsp-2.1-6.1.14.jar:/home/jhe16/Downloads/hbase-1.3.0/bin/../lib/jsp-api-2.1-6.1.14.jar:/home/jhe16/Downloads/hbase-1.3.0/bin/../lib/junit-4.12.jar:/home/jhe16/Downloads/hbase-1.3.0/bin/../lib/leveldbjni-all-1.8.jar:/home/jhe16/Downloads/hbase-1.3.0/bin/../lib/libthrift-0.9.3.jar:/home/jhe16/Downloads/hbase-1.3.0/bin/../lib/log4j-1.2.17.jar:/home/jhe16/Downloads/hbase-1.3.0/bin/../lib/metrics-core-2.2.0.jar:/home/jhe16/Downloads/hbase-1.3.0/bin/../lib/netty-all-4.0.23.Final.jar:/home/jhe16/Downloads/hbase-1.3.0/bin/../lib/paranamer-2.3.jar:/home/jhe16/Downloads/hbase-1.3.0/bin/../lib/protobuf-java-2.5.0.jar:/home/jhe16/Downloads/hbase-1.3.0/bin/../lib/servlet-api-2.5-6.1.14.jar:/home/jhe16/Downloads/hbase-1.3.0/bin/../lib/servlet-api-2.5.jar:/home/jhe16/Downloads/hbase-1.3.0/bin/../lib/slf4j-api-1.7.7.jar:/home/jhe16/Downloads/hbase-1.3.0/bin/../lib/slf4j-log4j12-1.7.5.jar:/home/jhe16/Downloads/hbase-1.3.0/bin/../lib/snappy-java-1.0.4.1.jar:/home/jhe16/Downloads/hbase-1.3.0/bin/../lib/spymemcached-2.11.6.jar:/home/jhe16/Downloads/hbase-1.3.0/bin/../lib/xmlenc-0.52.jar:/home/jhe16/Downloads/hbase-1.3.0/bin/../lib/xz-1.0.jar:/home/jhe16/Downloads/hbase-1.3.0/bin/../lib/zookeeper-3.4.6.jar::
2021-04-30 11:50:02,958 INFO  [Thread-4] zookeeper.ZooKeeper: Client environment:java.library.path=/usr/java/packages/lib/amd64:/usr/lib/x86_64-linux-gnu/jni:/lib/x86_64-linux-gnu:/usr/lib/x86_64-linux-gnu:/usr/lib/jni:/lib:/usr/lib
2021-04-30 11:50:02,958 INFO  [Thread-4] zookeeper.ZooKeeper: Client environment:java.io.tmpdir=/tmp
2021-04-30 11:50:02,958 INFO  [Thread-4] zookeeper.ZooKeeper: Client environment:java.compiler=<NA>
2021-04-30 11:50:02,958 INFO  [Thread-4] zookeeper.ZooKeeper: Client environment:os.name=Linux
2021-04-30 11:50:02,958 INFO  [Thread-4] zookeeper.ZooKeeper: Client environment:os.arch=amd64
2021-04-30 11:50:02,958 INFO  [Thread-4] zookeeper.ZooKeeper: Client environment:os.version=4.15.0-66-generic
2021-04-30 11:50:02,958 INFO  [Thread-4] zookeeper.ZooKeeper: Client environment:user.name=jhe16
2021-04-30 11:50:02,958 INFO  [Thread-4] zookeeper.ZooKeeper: Client environment:user.home=/home/jhe16
2021-04-30 11:50:02,958 INFO  [Thread-4] zookeeper.ZooKeeper: Client environment:user.dir=/home/jhe16/Documents/ExtractSignature/benchmark/hbase2066/normal
2021-04-30 11:50:02,959 INFO  [Thread-4] zookeeper.ZooKeeper: Initiating client connection, connectString=127.0.0.1:2181 sessionTimeout=90000 watcher=org.apache.hadoop.hbase.zookeeper.PendingWatcher@1ea637bd
2021-04-30 11:50:03,050 INFO  [Thread-4-SendThread(127.0.0.1:2181)] zookeeper.ClientCnxn: Opening socket connection to server 127.0.0.1/127.0.0.1:2181. Will not attempt to authenticate using SASL (unknown error)
2021-04-30 11:50:03,055 INFO  [Thread-4-SendThread(127.0.0.1:2181)] zookeeper.ClientCnxn: Socket connection established to 127.0.0.1/127.0.0.1:2181, initiating session
2021-04-30 11:50:03,488 INFO  [Thread-4-SendThread(127.0.0.1:2181)] zookeeper.ClientCnxn: Session establishment complete on server 127.0.0.1/127.0.0.1:2181, sessionid = 0x1792362df84000b, negotiated timeout = 40000
t2Max so far  1  exceptions 0
t0Max so far  1  exceptions 0
t4Max so far  1  exceptions 0
t1Max so far  1  exceptions 0
t3Max so far  1  exceptions 0
t0Max so far  60  exceptions 0
t1Max so far  60  exceptions 0
t2Max so far  60  exceptions 0
t3Max so far  60  exceptions 0
t4Max so far  60  exceptions 0
