Number of Maps  = 16
Samples per Map = 100
21/04/09 11:14:03 INFO tracing.SpanReceiverHost: Loaded SpanReceiver org.apache.htrace.impl.LocalFileSpanReceiver successfully.
Wrote input for Map #0
Wrote input for Map #1
Wrote input for Map #2
Wrote input for Map #3
Wrote input for Map #4
Wrote input for Map #5
Wrote input for Map #6
Wrote input for Map #7
Wrote input for Map #8
Wrote input for Map #9
Wrote input for Map #10
Wrote input for Map #11
Wrote input for Map #12
Wrote input for Map #13
Wrote input for Map #14
Wrote input for Map #15
Starting Job
21/04/09 11:14:04 INFO client.RMProxy: Connecting to ResourceManager at /0.0.0.0:8032
21/04/09 11:14:05 INFO input.FileInputFormat: Total input paths to process : 16
21/04/09 11:14:05 INFO mapreduce.JobSubmitter: number of splits:16
21/04/09 11:14:05 INFO mapreduce.JobSubmitter: Submitting tokens for job: job_1598481421677_0046
21/04/09 11:14:05 INFO impl.YarnClientImpl: Submitted application application_1598481421677_0046
21/04/09 11:14:05 INFO mapreduce.Job: The url to track the job: http://santaclara:8088/proxy/application_1598481421677_0046/
21/04/09 11:14:05 INFO mapreduce.Job: Running job: job_1598481421677_0046
21/04/09 11:14:09 INFO mapreduce.Job: Job job_1598481421677_0046 running in uber mode : false
21/04/09 11:14:09 INFO mapreduce.Job:  map 0% reduce 0%
21/04/09 11:14:13 INFO mapreduce.Job:  map 6% reduce 0%
21/04/09 11:14:16 INFO mapreduce.Job:  map 13% reduce 0%
21/04/09 11:14:20 INFO mapreduce.Job:  map 19% reduce 0%
21/04/09 11:14:23 INFO mapreduce.Job:  map 25% reduce 0%
21/04/09 11:14:26 INFO mapreduce.Job:  map 31% reduce 0%
21/04/09 11:14:28 INFO mapreduce.Job:  map 38% reduce 0%
21/04/09 11:14:32 INFO mapreduce.Job:  map 44% reduce 0%
21/04/09 11:14:35 INFO mapreduce.Job:  map 50% reduce 0%
21/04/09 11:14:39 INFO mapreduce.Job:  map 56% reduce 0%
21/04/09 11:14:42 INFO mapreduce.Job:  map 63% reduce 0%
21/04/09 11:14:45 INFO mapreduce.Job:  map 69% reduce 0%
21/04/09 11:14:48 INFO mapreduce.Job:  map 75% reduce 0%
21/04/09 11:14:51 INFO mapreduce.Job:  map 81% reduce 0%
21/04/09 11:14:54 INFO mapreduce.Job:  map 88% reduce 0%
21/04/09 11:14:57 INFO mapreduce.Job:  map 94% reduce 0%
21/04/09 11:14:59 INFO mapreduce.Job:  map 100% reduce 0%
21/04/09 11:15:03 INFO mapreduce.Job:  map 100% reduce 100%
21/04/09 11:15:03 INFO mapreduce.Job: Job job_1598481421677_0046 completed successfully
21/04/09 11:15:03 INFO mapreduce.Job: Counters: 49
        File System Counters
                FILE: Number of bytes read=358
                FILE: Number of bytes written=1970717
                FILE: Number of read operations=0
                FILE: Number of large read operations=0
                FILE: Number of write operations=0
                HDFS: Number of bytes read=4246
                HDFS: Number of bytes written=215
                HDFS: Number of read operations=67
                HDFS: Number of large read operations=0
                HDFS: Number of write operations=3
        Job Counters
                Launched map tasks=16
                Launched reduce tasks=1
                Data-local map tasks=16
                Total time spent by all maps in occupied slots (ms)=850272
                Total time spent by all reduces in occupied slots (ms)=61792
                Total time spent by all map tasks (ms)=26571
                Total time spent by all reduce tasks (ms)=1931
                Total vcore-seconds taken by all map tasks=26571
                Total vcore-seconds taken by all reduce tasks=1931
                Total megabyte-seconds taken by all map tasks=108834816
                Total megabyte-seconds taken by all reduce tasks=7909376
        Map-Reduce Framework
                Map input records=16
                Map output records=32
                Map output bytes=288
                Map output materialized bytes=448
                Input split bytes=2358
                Combine input records=0
                Combine output records=0
                Reduce input groups=2
                Reduce shuffle bytes=448
                Reduce input records=32
                Reduce output records=0
                Spilled Records=64
                Shuffled Maps =16
                Failed Shuffles=0
                Merged Map outputs=16
                GC time elapsed (ms)=636
                CPU time spent (ms)=10050
                Physical memory (bytes) snapshot=4962181120
                Virtual memory (bytes) snapshot=48266768384
                Total committed heap usage (bytes)=5351931904
        Shuffle Errors
                BAD_ID=0
                CONNECTION=0
                IO_ERROR=0
                WRONG_LENGTH=0
                WRONG_MAP=0
                WRONG_REDUCE=0
        File Input Format Counters
                Bytes Read=1888
        File Output Format Counters
                Bytes Written=97
Job Finished in 58.298 seconds
Estimated value of Pi is 3.15000000000000000000

