{"i":"9f002eb82d1b5888","s":"4ccb07066d0edca1","b":1619145067890,"e":1619145067947,"d":"RecoverableZookeeper.exists","r":"TestHCM","p":["8d32be7c6d847d59"]}
{"i":"9f002eb82d1b5888","s":"140c850daedde356","b":1619145067948,"e":1619145067949,"d":"RecoverableZookeeper.getData","r":"TestHCM","p":["8d32be7c6d847d59"]}
{"i":"9f002eb82d1b5888","s":"21988557daa4fb38","b":1619145068110,"e":1619145068111,"d":"RecoverableZookeeper.exists","r":"TestHCM","p":["8d32be7c6d847d59"]}
{"i":"9f002eb82d1b5888","s":"2214c350d2f3da4e","b":1619145068112,"e":1619145068112,"d":"RecoverableZookeeper.getData","r":"TestHCM","p":["8d32be7c6d847d59"]}
{"i":"9f002eb82d1b5888","s":"2b0f42c8978b9b40","b":1619145068209,"e":1619145068217,"d":"RpcClientImpl.tracedWriteRequest","r":"TestHCM","p":["8d32be7c6d847d59"]}
{"i":"9f002eb82d1b5888","s":"6962761ff3ebb41f","b":1619145068295,"e":1619145068295,"d":"MasterService.IsMasterRunning","r":"HMaster","p":["8d32be7c6d847d59"]}
{"i":"9f002eb82d1b5888","s":"fa59382de0097d17","b":1619145068348,"e":1619145068348,"d":"RpcClientImpl.tracedWriteRequest","r":"TestHCM","p":["8d32be7c6d847d59"]}
{"i":"9f002eb82d1b5888","s":"32d06f41ce99aea2","b":1619145068349,"e":1619145068451,"d":"MasterService.CreateTable","r":"HMaster","p":["8d32be7c6d847d59"]}
{"i":"9f002eb82d1b5888","s":"04d9a8857e0af0d3","b":1619145068457,"e":1619145068457,"d":"MasterService.IsMasterRunning","r":"HMaster","p":["8d32be7c6d847d59"]}
{"i":"9f002eb82d1b5888","s":"df3e49f1b018d637","b":1619145068457,"e":1619145068457,"d":"RpcClientImpl.tracedWriteRequest","r":"TestHCM","p":["8d32be7c6d847d59"]}
{"i":"9f002eb82d1b5888","s":"2e1ed1c9cd348b49","b":1619145068464,"e":1619145068464,"d":"MasterService.getProcedureResult","r":"HMaster","p":["8d32be7c6d847d59"]}
{"i":"9f002eb82d1b5888","s":"73f8a45a49f9c0b3","b":1619145068463,"e":1619145068464,"d":"RpcClientImpl.tracedWriteRequest","r":"TestHCM","p":["8d32be7c6d847d59"]}
{"i":"9f002eb82d1b5888","s":"152a4ea81eb44739","b":1619145068567,"e":1619145068567,"d":"MasterService.IsMasterRunning","r":"HMaster","p":["8d32be7c6d847d59"]}
{"i":"9f002eb82d1b5888","s":"38af2117c1e4c929","b":1619145068566,"e":1619145068566,"d":"RpcClientImpl.tracedWriteRequest","r":"TestHCM","p":["8d32be7c6d847d59"]}
{"i":"9f002eb82d1b5888","s":"9363e21dd1b87437","b":1619145068568,"e":1619145068568,"d":"MasterService.getProcedureResult","r":"HMaster","p":["8d32be7c6d847d59"]}
{"i":"9f002eb82d1b5888","s":"d43b664fea0e7ec5","b":1619145068567,"e":1619145068567,"d":"RpcClientImpl.tracedWriteRequest","r":"TestHCM","p":["8d32be7c6d847d59"]}
{"i":"9f002eb82d1b5888","s":"b9bf3d6f494a4c59","b":1619145068769,"e":1619145068769,"d":"MasterService.IsMasterRunning","r":"HMaster","p":["8d32be7c6d847d59"]}
{"i":"9f002eb82d1b5888","s":"61feecf8a5e97a21","b":1619145068768,"e":1619145068768,"d":"RpcClientImpl.tracedWriteRequest","r":"TestHCM","p":["8d32be7c6d847d59"]}
{"i":"9f002eb82d1b5888","s":"948183e4b637934a","b":1619145068769,"e":1619145068770,"d":"MasterService.getProcedureResult","r":"HMaster","p":["8d32be7c6d847d59"]}
{"i":"9f002eb82d1b5888","s":"053e64bca08c1a1c","b":1619145068769,"e":1619145068769,"d":"RpcClientImpl.tracedWriteRequest","r":"TestHCM","p":["8d32be7c6d847d59"]}
{"i":"9f002eb82d1b5888","s":"8d32be7c6d847d59","b":1619145067671,"e":1619145068795,"d":"HBase15645","r":"TestHCM","p":[]}
{"i":"82880581ee02f306","s":"3d4cf5fcda195abb","b":1619145135478,"e":1619145135516,"d":"RecoverableZookeeper.exists","r":"TestHCM","p":["519e2161ee99cfc9"]}
{"i":"82880581ee02f306","s":"39401c36d8cbd098","b":1619145135517,"e":1619145135518,"d":"RecoverableZookeeper.getData","r":"TestHCM","p":["519e2161ee99cfc9"]}
{"i":"82880581ee02f306","s":"d8f12ef43c91c92c","b":1619145135628,"e":1619145135629,"d":"RecoverableZookeeper.exists","r":"TestHCM","p":["519e2161ee99cfc9"]}
{"i":"82880581ee02f306","s":"1f18a1e99798ea9c","b":1619145135629,"e":1619145135630,"d":"RecoverableZookeeper.getData","r":"TestHCM","p":["519e2161ee99cfc9"]}
{"i":"82880581ee02f306","s":"f8593bc83f3784a6","b":1619145135737,"e":1619145135737,"d":"MasterService.IsMasterRunning","r":"HMaster","p":["519e2161ee99cfc9"]}
{"i":"82880581ee02f306","s":"502037170445381d","b":1619145135720,"e":1619145135737,"d":"RpcClientImpl.tracedWriteRequest","r":"TestHCM","p":["519e2161ee99cfc9"]}
{"i":"82880581ee02f306","s":"5bf520bb3bbf0eef","b":1619145135753,"e":1619145135754,"d":"RpcClientImpl.tracedWriteRequest","r":"TestHCM","p":["519e2161ee99cfc9"]}
{"i":"82880581ee02f306","s":"0ad6e83d79786c46","b":1619145135755,"e":1619145135857,"d":"MasterService.CreateTable","r":"HMaster","p":["519e2161ee99cfc9"]}
{"i":"82880581ee02f306","s":"17649c68bd6efe1d","b":1619145135866,"e":1619145135866,"d":"MasterService.IsMasterRunning","r":"HMaster","p":["519e2161ee99cfc9"]}
{"i":"82880581ee02f306","s":"f9b796ee0fcd9e98","b":1619145135865,"e":1619145135865,"d":"RpcClientImpl.tracedWriteRequest","r":"TestHCM","p":["519e2161ee99cfc9"]}
{"i":"82880581ee02f306","s":"184f40db08d820ee","b":1619145135870,"e":1619145135870,"d":"MasterService.getProcedureResult","r":"HMaster","p":["519e2161ee99cfc9"]}
{"i":"82880581ee02f306","s":"bfa34dee884078bf","b":1619145135870,"e":1619145135870,"d":"RpcClientImpl.tracedWriteRequest","r":"TestHCM","p":["519e2161ee99cfc9"]}
{"i":"82880581ee02f306","s":"349d733800f00345","b":1619145135974,"e":1619145135974,"d":"MasterService.IsMasterRunning","r":"HMaster","p":["519e2161ee99cfc9"]}
{"i":"82880581ee02f306","s":"cbf2d56060566f69","b":1619145135973,"e":1619145135973,"d":"RpcClientImpl.tracedWriteRequest","r":"TestHCM","p":["519e2161ee99cfc9"]}
{"i":"82880581ee02f306","s":"d13ae8a34655a352","b":1619145135975,"e":1619145135975,"d":"MasterService.getProcedureResult","r":"HMaster","p":["519e2161ee99cfc9"]}
{"i":"82880581ee02f306","s":"51a616011a78bc61","b":1619145135974,"e":1619145135975,"d":"RpcClientImpl.tracedWriteRequest","r":"TestHCM","p":["519e2161ee99cfc9"]}
{"i":"82880581ee02f306","s":"8d308042db71fb44","b":1619145136176,"e":1619145136176,"d":"MasterService.IsMasterRunning","r":"HMaster","p":["519e2161ee99cfc9"]}
{"i":"82880581ee02f306","s":"cf8132ad90c46b04","b":1619145136175,"e":1619145136176,"d":"RpcClientImpl.tracedWriteRequest","r":"TestHCM","p":["519e2161ee99cfc9"]}
{"i":"82880581ee02f306","s":"e843b2c85b247709","b":1619145136177,"e":1619145136177,"d":"MasterService.getProcedureResult","r":"HMaster","p":["519e2161ee99cfc9"]}
{"i":"82880581ee02f306","s":"09ecd2b1dd24c5dd","b":1619145136176,"e":1619145136177,"d":"RpcClientImpl.tracedWriteRequest","r":"TestHCM","p":["519e2161ee99cfc9"]}
{"i":"82880581ee02f306","s":"519e2161ee99cfc9","b":1619145135260,"e":1619145136183,"d":"Read","r":"TestHCM","p":[]}
{"i":"e7000a79967c97d6","s":"6e293dbc22c87513","b":1619145173306,"e":1619145173340,"d":"RecoverableZookeeper.exists","r":"TestHCM","p":["66b8be59e1da0f33"]}
{"i":"e7000a79967c97d6","s":"ee5442b1ac4fcbe9","b":1619145173342,"e":1619145173344,"d":"RecoverableZookeeper.getData","r":"TestHCM","p":["66b8be59e1da0f33"]}
{"i":"e7000a79967c97d6","s":"04a9794e32f3bca8","b":1619145173505,"e":1619145173506,"d":"RecoverableZookeeper.exists","r":"TestHCM","p":["66b8be59e1da0f33"]}
{"i":"e7000a79967c97d6","s":"7564a7bedef1b4f7","b":1619145173507,"e":1619145173507,"d":"RecoverableZookeeper.getData","r":"TestHCM","p":["66b8be59e1da0f33"]}
{"i":"e7000a79967c97d6","s":"b1d818c21cc89f65","b":1619145173607,"e":1619145173615,"d":"RpcClientImpl.tracedWriteRequest","r":"TestHCM","p":["66b8be59e1da0f33"]}
{"i":"e7000a79967c97d6","s":"4d8ca15f25c3a18c","b":1619145173615,"e":1619145173615,"d":"MasterService.IsMasterRunning","r":"HMaster","p":["66b8be59e1da0f33"]}
{"i":"e7000a79967c97d6","s":"4b3393101ce22dea","b":1619145173663,"e":1619145173664,"d":"RpcClientImpl.tracedWriteRequest","r":"TestHCM","p":["66b8be59e1da0f33"]}
{"i":"e7000a79967c97d6","s":"a0352de12393e144","b":1619145173664,"e":1619145173766,"d":"MasterService.CreateTable","r":"HMaster","p":["66b8be59e1da0f33"]}
{"i":"e7000a79967c97d6","s":"cf53a67e6fed1d32","b":1619145173775,"e":1619145173775,"d":"MasterService.IsMasterRunning","r":"HMaster","p":["66b8be59e1da0f33"]}
{"i":"e7000a79967c97d6","s":"7db5eeb4966783bb","b":1619145173775,"e":1619145173775,"d":"RpcClientImpl.tracedWriteRequest","r":"TestHCM","p":["66b8be59e1da0f33"]}
{"i":"e7000a79967c97d6","s":"eefef7da4a0da75c","b":1619145173781,"e":1619145173781,"d":"MasterService.getProcedureResult","r":"HMaster","p":["66b8be59e1da0f33"]}
{"i":"e7000a79967c97d6","s":"69a505f37af9215b","b":1619145173781,"e":1619145173781,"d":"RpcClientImpl.tracedWriteRequest","r":"TestHCM","p":["66b8be59e1da0f33"]}
{"i":"e7000a79967c97d6","s":"4b78674c31d2c4a3","b":1619145173883,"e":1619145173883,"d":"MasterService.IsMasterRunning","r":"HMaster","p":["66b8be59e1da0f33"]}
{"i":"e7000a79967c97d6","s":"85140e5b41933402","b":1619145173883,"e":1619145173883,"d":"RpcClientImpl.tracedWriteRequest","r":"TestHCM","p":["66b8be59e1da0f33"]}
{"i":"e7000a79967c97d6","s":"b5ef4220cc1fe1c4","b":1619145173884,"e":1619145173884,"d":"MasterService.getProcedureResult","r":"HMaster","p":["66b8be59e1da0f33"]}
{"i":"e7000a79967c97d6","s":"0845684066e871d7","b":1619145173884,"e":1619145173884,"d":"RpcClientImpl.tracedWriteRequest","r":"TestHCM","p":["66b8be59e1da0f33"]}
{"i":"e7000a79967c97d6","s":"24743343f6165181","b":1619145174085,"e":1619145174085,"d":"MasterService.IsMasterRunning","r":"HMaster","p":["66b8be59e1da0f33"]}
{"i":"e7000a79967c97d6","s":"b74ef5b39c3c8e99","b":1619145174085,"e":1619145174085,"d":"RpcClientImpl.tracedWriteRequest","r":"TestHCM","p":["66b8be59e1da0f33"]}
{"i":"e7000a79967c97d6","s":"b28c2dbb0f111582","b":1619145174086,"e":1619145174086,"d":"MasterService.getProcedureResult","r":"HMaster","p":["66b8be59e1da0f33"]}
{"i":"e7000a79967c97d6","s":"2133dfaa22e8a09d","b":1619145174085,"e":1619145174086,"d":"RpcClientImpl.tracedWriteRequest","r":"TestHCM","p":["66b8be59e1da0f33"]}
{"i":"e7000a79967c97d6","s":"66b8be59e1da0f33","b":1619145173069,"e":1619145174112,"d":"HBase15645","r":"TestHCM","p":[]}
{"i":"8dbed4dbf67a7e8d","s":"36a8f1c867165fbb","b":1619145296485,"e":1619145296519,"d":"RecoverableZookeeper.exists","r":"TestHCM","p":["5aaf9f8b913c7b2f"]}
{"i":"8dbed4dbf67a7e8d","s":"67e41d423bbe20ca","b":1619145296521,"e":1619145296524,"d":"RecoverableZookeeper.getData","r":"TestHCM","p":["5aaf9f8b913c7b2f"]}
{"i":"8dbed4dbf67a7e8d","s":"3cb07dbe8426790d","b":1619145296694,"e":1619145296695,"d":"RecoverableZookeeper.exists","r":"TestHCM","p":["5aaf9f8b913c7b2f"]}
{"i":"8dbed4dbf67a7e8d","s":"1a5c6758064584f7","b":1619145296696,"e":1619145296697,"d":"RecoverableZookeeper.getData","r":"TestHCM","p":["5aaf9f8b913c7b2f"]}
{"i":"8dbed4dbf67a7e8d","s":"99388ba1d1d22513","b":1619145296806,"e":1619145296806,"d":"MasterService.IsMasterRunning","r":"HMaster","p":["5aaf9f8b913c7b2f"]}
{"i":"8dbed4dbf67a7e8d","s":"d940b0ac74bc221c","b":1619145296798,"e":1619145296806,"d":"RpcClientImpl.tracedWriteRequest","r":"TestHCM","p":["5aaf9f8b913c7b2f"]}
{"i":"8dbed4dbf67a7e8d","s":"9dc493686e372f6a","b":1619145296851,"e":1619145296852,"d":"RpcClientImpl.tracedWriteRequest","r":"TestHCM","p":["5aaf9f8b913c7b2f"]}
{"i":"8dbed4dbf67a7e8d","s":"b383c60655bb43cb","b":1619145296852,"e":1619145296954,"d":"MasterService.CreateTable","r":"HMaster","p":["5aaf9f8b913c7b2f"]}
{"i":"8dbed4dbf67a7e8d","s":"89869a654f9480ce","b":1619145296962,"e":1619145296962,"d":"MasterService.IsMasterRunning","r":"HMaster","p":["5aaf9f8b913c7b2f"]}
{"i":"8dbed4dbf67a7e8d","s":"73f5f0ee9461156d","b":1619145296962,"e":1619145296962,"d":"RpcClientImpl.tracedWriteRequest","r":"TestHCM","p":["5aaf9f8b913c7b2f"]}
{"i":"8dbed4dbf67a7e8d","s":"0cf8e5edb57309cc","b":1619145296969,"e":1619145296969,"d":"MasterService.getProcedureResult","r":"HMaster","p":["5aaf9f8b913c7b2f"]}
{"i":"8dbed4dbf67a7e8d","s":"4647f28118b15dea","b":1619145296968,"e":1619145296968,"d":"RpcClientImpl.tracedWriteRequest","r":"TestHCM","p":["5aaf9f8b913c7b2f"]}
{"i":"8dbed4dbf67a7e8d","s":"5e75efb64763beb1","b":1619145297071,"e":1619145297071,"d":"MasterService.IsMasterRunning","r":"HMaster","p":["5aaf9f8b913c7b2f"]}
{"i":"8dbed4dbf67a7e8d","s":"5e008ea3d1c9e754","b":1619145297071,"e":1619145297071,"d":"RpcClientImpl.tracedWriteRequest","r":"TestHCM","p":["5aaf9f8b913c7b2f"]}
{"i":"8dbed4dbf67a7e8d","s":"be42cf9ea1f4aaf4","b":1619145297072,"e":1619145297072,"d":"MasterService.getProcedureResult","r":"HMaster","p":["5aaf9f8b913c7b2f"]}
{"i":"8dbed4dbf67a7e8d","s":"97b5f995b1dfa7eb","b":1619145297072,"e":1619145297072,"d":"RpcClientImpl.tracedWriteRequest","r":"TestHCM","p":["5aaf9f8b913c7b2f"]}
{"i":"8dbed4dbf67a7e8d","s":"fcfc80d3a5a2e0a9","b":1619145297273,"e":1619145297273,"d":"MasterService.IsMasterRunning","r":"HMaster","p":["5aaf9f8b913c7b2f"]}
{"i":"8dbed4dbf67a7e8d","s":"cee27d07605dcd85","b":1619145297273,"e":1619145297273,"d":"RpcClientImpl.tracedWriteRequest","r":"TestHCM","p":["5aaf9f8b913c7b2f"]}
{"i":"8dbed4dbf67a7e8d","s":"47ea71e0919cee71","b":1619145297274,"e":1619145297274,"d":"MasterService.getProcedureResult","r":"HMaster","p":["5aaf9f8b913c7b2f"]}
{"i":"8dbed4dbf67a7e8d","s":"2e113380f2f7a248","b":1619145297274,"e":1619145297274,"d":"RpcClientImpl.tracedWriteRequest","r":"TestHCM","p":["5aaf9f8b913c7b2f"]}
{"i":"8dbed4dbf67a7e8d","s":"5aaf9f8b913c7b2f","b":1619145296273,"e":1619145297298,"d":"HBase15645","r":"TestHCM","p":[]}
{"i":"b5990340eed45fdc","s":"e36414c333a37d9c","b":1619145446077,"e":1619145446116,"d":"RecoverableZookeeper.exists","r":"TestHCM","p":["00ad8222a18078db"]}
{"i":"b5990340eed45fdc","s":"4326a48f51ad47d7","b":1619145446117,"e":1619145446120,"d":"RecoverableZookeeper.getData","r":"TestHCM","p":["00ad8222a18078db"]}
{"i":"b5990340eed45fdc","s":"4797951c2b1f17d2","b":1619145446269,"e":1619145446270,"d":"RecoverableZookeeper.exists","r":"TestHCM","p":["00ad8222a18078db"]}
{"i":"b5990340eed45fdc","s":"adae5ad284f09944","b":1619145446270,"e":1619145446271,"d":"RecoverableZookeeper.getData","r":"TestHCM","p":["00ad8222a18078db"]}
{"i":"b5990340eed45fdc","s":"eb4eafe76e6a9e92","b":1619145446362,"e":1619145446370,"d":"RpcClientImpl.tracedWriteRequest","r":"TestHCM","p":["00ad8222a18078db"]}
{"i":"b5990340eed45fdc","s":"9a6ff3e658a60dcb","b":1619145446372,"e":1619145446372,"d":"MasterService.IsMasterRunning","r":"HMaster","p":["00ad8222a18078db"]}
{"i":"b5990340eed45fdc","s":"03806c95b2c510cb","b":1619145446415,"e":1619145446415,"d":"RpcClientImpl.tracedWriteRequest","r":"TestHCM","p":["00ad8222a18078db"]}
{"i":"b5990340eed45fdc","s":"ffb08d9d41eede1d","b":1619145446415,"e":1619145446517,"d":"MasterService.CreateTable","r":"HMaster","p":["00ad8222a18078db"]}
{"i":"b5990340eed45fdc","s":"8ce582c0bcd51bec","b":1619145446526,"e":1619145446526,"d":"MasterService.IsMasterRunning","r":"HMaster","p":["00ad8222a18078db"]}
{"i":"b5990340eed45fdc","s":"2b65a0af97ba41b7","b":1619145446526,"e":1619145446526,"d":"RpcClientImpl.tracedWriteRequest","r":"TestHCM","p":["00ad8222a18078db"]}
{"i":"b5990340eed45fdc","s":"0a385f0f5ebb42e0","b":1619145446534,"e":1619145446534,"d":"MasterService.getProcedureResult","r":"HMaster","p":["00ad8222a18078db"]}
{"i":"b5990340eed45fdc","s":"4b264e0c4e744a8a","b":1619145446534,"e":1619145446534,"d":"RpcClientImpl.tracedWriteRequest","r":"TestHCM","p":["00ad8222a18078db"]}
{"i":"b5990340eed45fdc","s":"558e845e6e0efea1","b":1619145446636,"e":1619145446636,"d":"MasterService.IsMasterRunning","r":"HMaster","p":["00ad8222a18078db"]}
{"i":"b5990340eed45fdc","s":"1d448fda2ec7b8f7","b":1619145446636,"e":1619145446636,"d":"RpcClientImpl.tracedWriteRequest","r":"TestHCM","p":["00ad8222a18078db"]}
{"i":"b5990340eed45fdc","s":"2cbd74b73e25d82e","b":1619145446638,"e":1619145446638,"d":"MasterService.getProcedureResult","r":"HMaster","p":["00ad8222a18078db"]}
{"i":"b5990340eed45fdc","s":"c065e0f55b1355b1","b":1619145446637,"e":1619145446637,"d":"RpcClientImpl.tracedWriteRequest","r":"TestHCM","p":["00ad8222a18078db"]}
{"i":"b5990340eed45fdc","s":"0c8855b2366b6755","b":1619145446839,"e":1619145446839,"d":"MasterService.IsMasterRunning","r":"HMaster","p":["00ad8222a18078db"]}
{"i":"b5990340eed45fdc","s":"22bc239defb59aa0","b":1619145446838,"e":1619145446839,"d":"RpcClientImpl.tracedWriteRequest","r":"TestHCM","p":["00ad8222a18078db"]}
{"i":"b5990340eed45fdc","s":"364770bd9053fa92","b":1619145446840,"e":1619145446840,"d":"MasterService.getProcedureResult","r":"HMaster","p":["00ad8222a18078db"]}
{"i":"b5990340eed45fdc","s":"48e3174673a44c55","b":1619145446839,"e":1619145446839,"d":"RpcClientImpl.tracedWriteRequest","r":"TestHCM","p":["00ad8222a18078db"]}
{"i":"b5990340eed45fdc","s":"00ad8222a18078db","b":1619145445838,"e":1619145446863,"d":"HBase15645","r":"TestHCM","p":[]}
{"i":"09600c6ab4743ffa","s":"18b7796e7c32f295","b":1619145507294,"e":1619145507334,"d":"RecoverableZookeeper.exists","r":"TestHCM","p":["fec57b9a7a7c07ae"]}
{"i":"09600c6ab4743ffa","s":"90d6678926fd6910","b":1619145507334,"e":1619145507336,"d":"RecoverableZookeeper.getData","r":"TestHCM","p":["fec57b9a7a7c07ae"]}
{"i":"09600c6ab4743ffa","s":"cfa3b2f06a69a358","b":1619145507508,"e":1619145507508,"d":"RecoverableZookeeper.exists","r":"TestHCM","p":["fec57b9a7a7c07ae"]}
{"i":"09600c6ab4743ffa","s":"de6f0db1005175fd","b":1619145507510,"e":1619145507510,"d":"RecoverableZookeeper.getData","r":"TestHCM","p":["fec57b9a7a7c07ae"]}
{"i":"09600c6ab4743ffa","s":"029be208bc88cfd2","b":1619145507634,"e":1619145507634,"d":"MasterService.IsMasterRunning","r":"HMaster","p":["fec57b9a7a7c07ae"]}
{"i":"09600c6ab4743ffa","s":"6209699662e66aa7","b":1619145507626,"e":1619145507633,"d":"RpcClientImpl.tracedWriteRequest","r":"TestHCM","p":["fec57b9a7a7c07ae"]}
{"i":"09600c6ab4743ffa","s":"9231c597d305b5a3","b":1619145507677,"e":1619145507678,"d":"RpcClientImpl.tracedWriteRequest","r":"TestHCM","p":["fec57b9a7a7c07ae"]}
{"i":"09600c6ab4743ffa","s":"eab7ee5d0860f17c","b":1619145507678,"e":1619145507780,"d":"MasterService.CreateTable","r":"HMaster","p":["fec57b9a7a7c07ae"]}
{"i":"09600c6ab4743ffa","s":"3456426ef2511e1b","b":1619145507788,"e":1619145507788,"d":"MasterService.IsMasterRunning","r":"HMaster","p":["fec57b9a7a7c07ae"]}
{"i":"09600c6ab4743ffa","s":"98b7ec263c0b7a6e","b":1619145507788,"e":1619145507788,"d":"RpcClientImpl.tracedWriteRequest","r":"TestHCM","p":["fec57b9a7a7c07ae"]}
{"i":"09600c6ab4743ffa","s":"d20f5e952157887b","b":1619145507798,"e":1619145507799,"d":"MasterService.getProcedureResult","r":"HMaster","p":["fec57b9a7a7c07ae"]}
{"i":"09600c6ab4743ffa","s":"d807211e6cd35805","b":1619145507798,"e":1619145507798,"d":"RpcClientImpl.tracedWriteRequest","r":"TestHCM","p":["fec57b9a7a7c07ae"]}
{"i":"09600c6ab4743ffa","s":"798e91b56d7fb5f3","b":1619145507901,"e":1619145507901,"d":"MasterService.IsMasterRunning","r":"HMaster","p":["fec57b9a7a7c07ae"]}
{"i":"09600c6ab4743ffa","s":"240f5cad72f91703","b":1619145507900,"e":1619145507900,"d":"RpcClientImpl.tracedWriteRequest","r":"TestHCM","p":["fec57b9a7a7c07ae"]}
{"i":"09600c6ab4743ffa","s":"edaee91e62700cc3","b":1619145507901,"e":1619145507902,"d":"MasterService.getProcedureResult","r":"HMaster","p":["fec57b9a7a7c07ae"]}
{"i":"09600c6ab4743ffa","s":"1dd71875549936d1","b":1619145507901,"e":1619145507901,"d":"RpcClientImpl.tracedWriteRequest","r":"TestHCM","p":["fec57b9a7a7c07ae"]}
{"i":"09600c6ab4743ffa","s":"48708adec8af8e4b","b":1619145508103,"e":1619145508103,"d":"MasterService.IsMasterRunning","r":"HMaster","p":["fec57b9a7a7c07ae"]}
{"i":"09600c6ab4743ffa","s":"8b47f6a2f71acc77","b":1619145508102,"e":1619145508102,"d":"RpcClientImpl.tracedWriteRequest","r":"TestHCM","p":["fec57b9a7a7c07ae"]}
{"i":"09600c6ab4743ffa","s":"ca39f15a96772742","b":1619145508104,"e":1619145508104,"d":"MasterService.getProcedureResult","r":"HMaster","p":["fec57b9a7a7c07ae"]}
{"i":"09600c6ab4743ffa","s":"9e0236e2dadbfcd1","b":1619145508103,"e":1619145508103,"d":"RpcClientImpl.tracedWriteRequest","r":"TestHCM","p":["fec57b9a7a7c07ae"]}
{"i":"09600c6ab4743ffa","s":"fec57b9a7a7c07ae","b":1619145507037,"e":1619145508110,"d":"HBase15645","r":"TestHCM","p":[]}
{"i":"a2d24fd5c27a8a96","s":"f0df55187e745146","b":1619145676851,"e":1619145676886,"d":"RecoverableZookeeper.exists","r":"TestHCM","p":["45fc4c405ab18ee7"]}
{"i":"a2d24fd5c27a8a96","s":"771751f6917bb749","b":1619145676887,"e":1619145676890,"d":"RecoverableZookeeper.getData","r":"TestHCM","p":["45fc4c405ab18ee7"]}
{"i":"a2d24fd5c27a8a96","s":"1698697f9cf378ac","b":1619145677001,"e":1619145677002,"d":"RecoverableZookeeper.exists","r":"TestHCM","p":["45fc4c405ab18ee7"]}
{"i":"a2d24fd5c27a8a96","s":"ad65a3b8bcaabf52","b":1619145677002,"e":1619145677003,"d":"RecoverableZookeeper.getData","r":"TestHCM","p":["45fc4c405ab18ee7"]}
{"i":"a2d24fd5c27a8a96","s":"e0d2c44efa48a112","b":1619145677112,"e":1619145677112,"d":"MasterService.IsMasterRunning","r":"HMaster","p":["45fc4c405ab18ee7"]}
{"i":"a2d24fd5c27a8a96","s":"4581d5b3f0d4f6ad","b":1619145677093,"e":1619145677112,"d":"RpcClientImpl.tracedWriteRequest","r":"TestHCM","p":["45fc4c405ab18ee7"]}
{"i":"a2d24fd5c27a8a96","s":"0bf0af4803a1a9bf","b":1619145677131,"e":1619145677131,"d":"RpcClientImpl.tracedWriteRequest","r":"TestHCM","p":["45fc4c405ab18ee7"]}
{"i":"a2d24fd5c27a8a96","s":"abb27fa863e03378","b":1619145677131,"e":1619145677233,"d":"MasterService.CreateTable","r":"HMaster","p":["45fc4c405ab18ee7"]}
{"i":"a2d24fd5c27a8a96","s":"4c77127b979d2899","b":1619145677242,"e":1619145677242,"d":"MasterService.IsMasterRunning","r":"HMaster","p":["45fc4c405ab18ee7"]}
{"i":"a2d24fd5c27a8a96","s":"9d9aea8919ae5923","b":1619145677242,"e":1619145677242,"d":"RpcClientImpl.tracedWriteRequest","r":"TestHCM","p":["45fc4c405ab18ee7"]}
{"i":"a2d24fd5c27a8a96","s":"aa60d9a1770bf7ef","b":1619145677250,"e":1619145677250,"d":"MasterService.getProcedureResult","r":"HMaster","p":["45fc4c405ab18ee7"]}
{"i":"a2d24fd5c27a8a96","s":"558c607ed3efba10","b":1619145677250,"e":1619145677250,"d":"RpcClientImpl.tracedWriteRequest","r":"TestHCM","p":["45fc4c405ab18ee7"]}
{"i":"a2d24fd5c27a8a96","s":"11b908a9865c34f4","b":1619145677353,"e":1619145677353,"d":"MasterService.IsMasterRunning","r":"HMaster","p":["45fc4c405ab18ee7"]}
{"i":"a2d24fd5c27a8a96","s":"86e585da370ebd81","b":1619145677353,"e":1619145677353,"d":"RpcClientImpl.tracedWriteRequest","r":"TestHCM","p":["45fc4c405ab18ee7"]}
{"i":"a2d24fd5c27a8a96","s":"c2ca3f1e426a007e","b":1619145677354,"e":1619145677354,"d":"MasterService.getProcedureResult","r":"HMaster","p":["45fc4c405ab18ee7"]}
{"i":"a2d24fd5c27a8a96","s":"eb52c3b65573f6e3","b":1619145677354,"e":1619145677354,"d":"RpcClientImpl.tracedWriteRequest","r":"TestHCM","p":["45fc4c405ab18ee7"]}
{"i":"a2d24fd5c27a8a96","s":"7fe393bbc9f38bf3","b":1619145677555,"e":1619145677555,"d":"RpcClientImpl.tracedWriteRequest","r":"TestHCM","p":["45fc4c405ab18ee7"]}
{"i":"a2d24fd5c27a8a96","s":"72dc1d6509b5f6a1","b":1619145677556,"e":1619145677556,"d":"MasterService.IsMasterRunning","r":"HMaster","p":["45fc4c405ab18ee7"]}
{"i":"a2d24fd5c27a8a96","s":"68aa0c0ff00d53ba","b":1619145677556,"e":1619145677556,"d":"RpcClientImpl.tracedWriteRequest","r":"TestHCM","p":["45fc4c405ab18ee7"]}
{"i":"a2d24fd5c27a8a96","s":"8201a0b35bb61888","b":1619145677556,"e":1619145677557,"d":"MasterService.getProcedureResult","r":"HMaster","p":["45fc4c405ab18ee7"]}
{"i":"a2d24fd5c27a8a96","s":"45fc4c405ab18ee7","b":1619145676608,"e":1619145677562,"d":"HBase15645","r":"TestHCM","p":[]}
{"i":"c9f29e231cfecd87","s":"1385f774c3a7d200","b":1619145721728,"e":1619145721754,"d":"RecoverableZookeeper.exists","r":"TestHCM","p":["c4067706fa09d86a"]}
{"i":"c9f29e231cfecd87","s":"78f90a5c4d46308f","b":1619145721755,"e":1619145721757,"d":"RecoverableZookeeper.getData","r":"TestHCM","p":["c4067706fa09d86a"]}
{"i":"c9f29e231cfecd87","s":"7d80eb74229ed8cb","b":1619145721913,"e":1619145721914,"d":"RecoverableZookeeper.exists","r":"TestHCM","p":["c4067706fa09d86a"]}
{"i":"c9f29e231cfecd87","s":"d08012b68dd8d32f","b":1619145721915,"e":1619145721915,"d":"RecoverableZookeeper.getData","r":"TestHCM","p":["c4067706fa09d86a"]}
{"i":"c9f29e231cfecd87","s":"2bfed4e979483227","b":1619145722018,"e":1619145722018,"d":"MasterService.IsMasterRunning","r":"HMaster","p":["c4067706fa09d86a"]}
{"i":"c9f29e231cfecd87","s":"cd15e22288370df4","b":1619145722011,"e":1619145722018,"d":"RpcClientImpl.tracedWriteRequest","r":"TestHCM","p":["c4067706fa09d86a"]}
{"i":"c9f29e231cfecd87","s":"d96f7070c906a6e0","b":1619145722062,"e":1619145722062,"d":"RpcClientImpl.tracedWriteRequest","r":"TestHCM","p":["c4067706fa09d86a"]}
{"i":"c9f29e231cfecd87","s":"78927ee3af7bbc30","b":1619145722063,"e":1619145722164,"d":"MasterService.CreateTable","r":"HMaster","p":["c4067706fa09d86a"]}
{"i":"c9f29e231cfecd87","s":"4251a691d0093e10","b":1619145722173,"e":1619145722173,"d":"RpcClientImpl.tracedWriteRequest","r":"TestHCM","p":["c4067706fa09d86a"]}
{"i":"c9f29e231cfecd87","s":"cb774d0727a25b41","b":1619145722173,"e":1619145722173,"d":"MasterService.IsMasterRunning","r":"HMaster","p":["c4067706fa09d86a"]}
{"i":"c9f29e231cfecd87","s":"febceaf5a7296d75","b":1619145722180,"e":1619145722180,"d":"MasterService.getProcedureResult","r":"HMaster","p":["c4067706fa09d86a"]}
{"i":"c9f29e231cfecd87","s":"49c27ef230f8da8b","b":1619145722179,"e":1619145722179,"d":"RpcClientImpl.tracedWriteRequest","r":"TestHCM","p":["c4067706fa09d86a"]}
{"i":"c9f29e231cfecd87","s":"053bf0d76589b552","b":1619145722282,"e":1619145722282,"d":"MasterService.IsMasterRunning","r":"HMaster","p":["c4067706fa09d86a"]}
{"i":"c9f29e231cfecd87","s":"1e285393c01a4a9c","b":1619145722281,"e":1619145722282,"d":"RpcClientImpl.tracedWriteRequest","r":"TestHCM","p":["c4067706fa09d86a"]}
{"i":"c9f29e231cfecd87","s":"fddd6d4e4a7f53c7","b":1619145722283,"e":1619145722283,"d":"MasterService.getProcedureResult","r":"HMaster","p":["c4067706fa09d86a"]}
{"i":"c9f29e231cfecd87","s":"8eca10752f764d46","b":1619145722282,"e":1619145722282,"d":"RpcClientImpl.tracedWriteRequest","r":"TestHCM","p":["c4067706fa09d86a"]}
{"i":"c9f29e231cfecd87","s":"169576eb6161684c","b":1619145722484,"e":1619145722484,"d":"MasterService.IsMasterRunning","r":"HMaster","p":["c4067706fa09d86a"]}
{"i":"c9f29e231cfecd87","s":"2557e1e890360752","b":1619145722483,"e":1619145722483,"d":"RpcClientImpl.tracedWriteRequest","r":"TestHCM","p":["c4067706fa09d86a"]}
{"i":"c9f29e231cfecd87","s":"1df6f4707a36c279","b":1619145722484,"e":1619145722484,"d":"MasterService.getProcedureResult","r":"HMaster","p":["c4067706fa09d86a"]}
{"i":"c9f29e231cfecd87","s":"f32622c7864d9dc5","b":1619145722484,"e":1619145722484,"d":"RpcClientImpl.tracedWriteRequest","r":"TestHCM","p":["c4067706fa09d86a"]}
{"i":"c9f29e231cfecd87","s":"c4067706fa09d86a","b":1619145721507,"e":1619145722506,"d":"HBase15645","r":"TestHCM","p":[]}
{"i":"33f378cd9abe5628","s":"fa5cd4db8673c993","b":1619145857695,"e":1619145857727,"d":"RecoverableZookeeper.exists","r":"TestHCM","p":["92748f5924a52edf"]}
{"i":"33f378cd9abe5628","s":"6cb84aef2801e9b7","b":1619145857728,"e":1619145857730,"d":"RecoverableZookeeper.getData","r":"TestHCM","p":["92748f5924a52edf"]}
{"i":"33f378cd9abe5628","s":"2955ffb768917751","b":1619145857828,"e":1619145857828,"d":"RecoverableZookeeper.exists","r":"TestHCM","p":["92748f5924a52edf"]}
{"i":"33f378cd9abe5628","s":"4408c274d63d6489","b":1619145857829,"e":1619145857829,"d":"RecoverableZookeeper.getData","r":"TestHCM","p":["92748f5924a52edf"]}
{"i":"33f378cd9abe5628","s":"e7fc6279753e8338","b":1619145857936,"e":1619145857936,"d":"MasterService.IsMasterRunning","r":"HMaster","p":["92748f5924a52edf"]}
{"i":"33f378cd9abe5628","s":"7928983277803071","b":1619145857918,"e":1619145857936,"d":"RpcClientImpl.tracedWriteRequest","r":"TestHCM","p":["92748f5924a52edf"]}
{"i":"33f378cd9abe5628","s":"2d97d6d89705dd1d","b":1619145857951,"e":1619145857951,"d":"RpcClientImpl.tracedWriteRequest","r":"TestHCM","p":["92748f5924a52edf"]}
{"i":"33f378cd9abe5628","s":"a2a6e9910fdce5eb","b":1619145857951,"e":1619145858053,"d":"MasterService.CreateTable","r":"HMaster","p":["92748f5924a52edf"]}
{"i":"33f378cd9abe5628","s":"04b9cfa11c8a2347","b":1619145858062,"e":1619145858062,"d":"MasterService.IsMasterRunning","r":"HMaster","p":["92748f5924a52edf"]}
{"i":"33f378cd9abe5628","s":"86664d5f6732bbf5","b":1619145858062,"e":1619145858062,"d":"RpcClientImpl.tracedWriteRequest","r":"TestHCM","p":["92748f5924a52edf"]}
{"i":"33f378cd9abe5628","s":"45fe1d680c670adb","b":1619145858072,"e":1619145858072,"d":"MasterService.getProcedureResult","r":"HMaster","p":["92748f5924a52edf"]}
{"i":"33f378cd9abe5628","s":"372a71ed6a147b10","b":1619145858072,"e":1619145858072,"d":"RpcClientImpl.tracedWriteRequest","r":"TestHCM","p":["92748f5924a52edf"]}
{"i":"33f378cd9abe5628","s":"8a039e53a848ecc6","b":1619145858175,"e":1619145858175,"d":"MasterService.IsMasterRunning","r":"HMaster","p":["92748f5924a52edf"]}
{"i":"33f378cd9abe5628","s":"ae9ebd2275520f96","b":1619145858175,"e":1619145858175,"d":"RpcClientImpl.tracedWriteRequest","r":"TestHCM","p":["92748f5924a52edf"]}
{"i":"33f378cd9abe5628","s":"39ffb0b8e63368bc","b":1619145858176,"e":1619145858176,"d":"MasterService.getProcedureResult","r":"HMaster","p":["92748f5924a52edf"]}
{"i":"33f378cd9abe5628","s":"b758d1e3af26cc7d","b":1619145858176,"e":1619145858176,"d":"RpcClientImpl.tracedWriteRequest","r":"TestHCM","p":["92748f5924a52edf"]}
{"i":"33f378cd9abe5628","s":"8a4d5799a947b9f0","b":1619145858377,"e":1619145858377,"d":"MasterService.IsMasterRunning","r":"HMaster","p":["92748f5924a52edf"]}
{"i":"33f378cd9abe5628","s":"c072e35c848dfa1d","b":1619145858377,"e":1619145858377,"d":"RpcClientImpl.tracedWriteRequest","r":"TestHCM","p":["92748f5924a52edf"]}
{"i":"33f378cd9abe5628","s":"449a7100326bae32","b":1619145858378,"e":1619145858378,"d":"MasterService.getProcedureResult","r":"HMaster","p":["92748f5924a52edf"]}
{"i":"33f378cd9abe5628","s":"455e8715703bea6d","b":1619145858378,"e":1619145858378,"d":"RpcClientImpl.tracedWriteRequest","r":"TestHCM","p":["92748f5924a52edf"]}
{"i":"33f378cd9abe5628","s":"92748f5924a52edf","b":1619145857461,"e":1619145858384,"d":"HBase15645","r":"TestHCM","p":[]}
{"i":"ac07324fd15edb5f","s":"24fa3f3d5ffb80fc","b":1619146624636,"e":1619146624699,"d":"RecoverableZookeeper.exists","r":"TestHCM","p":["12d6f65b5fdcb24d"]}
{"i":"ac07324fd15edb5f","s":"0276e38faa657ebb","b":1619146624701,"e":1619146624703,"d":"RecoverableZookeeper.getData","r":"TestHCM","p":["12d6f65b5fdcb24d"]}
{"i":"ac07324fd15edb5f","s":"83f7644fb6e518e4","b":1619146624862,"e":1619146624862,"d":"RecoverableZookeeper.exists","r":"TestHCM","p":["12d6f65b5fdcb24d"]}
{"i":"ac07324fd15edb5f","s":"e8205548e4d44f92","b":1619146624863,"e":1619146624864,"d":"RecoverableZookeeper.getData","r":"TestHCM","p":["12d6f65b5fdcb24d"]}
{"i":"ac07324fd15edb5f","s":"fa6e8a2a1da756b1","b":1619146624967,"e":1619146624967,"d":"MasterService.IsMasterRunning","r":"HMaster","p":["12d6f65b5fdcb24d"]}
{"i":"ac07324fd15edb5f","s":"5234bacf9339e6d2","b":1619146624959,"e":1619146624967,"d":"RpcClientImpl.tracedWriteRequest","r":"TestHCM","p":["12d6f65b5fdcb24d"]}
{"i":"ac07324fd15edb5f","s":"55c6a21776bffd93","b":1619146625009,"e":1619146625009,"d":"RpcClientImpl.tracedWriteRequest","r":"TestHCM","p":["12d6f65b5fdcb24d"]}
{"i":"ac07324fd15edb5f","s":"de60edd8d56b9c7f","b":1619146625009,"e":1619146625111,"d":"MasterService.CreateTable","r":"HMaster","p":["12d6f65b5fdcb24d"]}
{"i":"ac07324fd15edb5f","s":"a11818c3a4013bec","b":1619146625120,"e":1619146625120,"d":"MasterService.IsMasterRunning","r":"HMaster","p":["12d6f65b5fdcb24d"]}
{"i":"ac07324fd15edb5f","s":"5f94d54e8589428f","b":1619146625119,"e":1619146625120,"d":"RpcClientImpl.tracedWriteRequest","r":"TestHCM","p":["12d6f65b5fdcb24d"]}
{"i":"ac07324fd15edb5f","s":"2fff704162a71686","b":1619146625127,"e":1619146625127,"d":"MasterService.getProcedureResult","r":"HMaster","p":["12d6f65b5fdcb24d"]}
{"i":"ac07324fd15edb5f","s":"fb5f22863060d7fc","b":1619146625127,"e":1619146625127,"d":"RpcClientImpl.tracedWriteRequest","r":"TestHCM","p":["12d6f65b5fdcb24d"]}
{"i":"ac07324fd15edb5f","s":"bfb3f89c60d758ec","b":1619146625230,"e":1619146625230,"d":"MasterService.IsMasterRunning","r":"HMaster","p":["12d6f65b5fdcb24d"]}
{"i":"ac07324fd15edb5f","s":"75f80a65eecf980a","b":1619146625230,"e":1619146625230,"d":"RpcClientImpl.tracedWriteRequest","r":"TestHCM","p":["12d6f65b5fdcb24d"]}
{"i":"ac07324fd15edb5f","s":"a04d0b8635c7be19","b":1619146625231,"e":1619146625231,"d":"MasterService.getProcedureResult","r":"HMaster","p":["12d6f65b5fdcb24d"]}
{"i":"ac07324fd15edb5f","s":"e2f4d43631ee0f75","b":1619146625231,"e":1619146625231,"d":"RpcClientImpl.tracedWriteRequest","r":"TestHCM","p":["12d6f65b5fdcb24d"]}
{"i":"ac07324fd15edb5f","s":"008252caf4b3dd94","b":1619146625432,"e":1619146625432,"d":"MasterService.IsMasterRunning","r":"HMaster","p":["12d6f65b5fdcb24d"]}
{"i":"ac07324fd15edb5f","s":"7daa06d7e599f8b2","b":1619146625432,"e":1619146625432,"d":"RpcClientImpl.tracedWriteRequest","r":"TestHCM","p":["12d6f65b5fdcb24d"]}
{"i":"ac07324fd15edb5f","s":"cbfb4e06628ac683","b":1619146625433,"e":1619146625433,"d":"MasterService.getProcedureResult","r":"HMaster","p":["12d6f65b5fdcb24d"]}
{"i":"ac07324fd15edb5f","s":"c6ceb295da619987","b":1619146625433,"e":1619146625433,"d":"RpcClientImpl.tracedWriteRequest","r":"TestHCM","p":["12d6f65b5fdcb24d"]}
{"i":"ac07324fd15edb5f","s":"12d6f65b5fdcb24d","b":1619146624405,"e":1619146625458,"d":"HBase15645","r":"TestHCM","p":[]}
{"i":"87a7369271b790b3","s":"18b7c1a6c974ba03","b":1619146735712,"e":1619146735777,"d":"RecoverableZookeeper.exists","r":"TestHCM","p":["6afc1d47de8f6d55"]}
{"i":"87a7369271b790b3","s":"59fd9bcecd9ff109","b":1619146735778,"e":1619146735780,"d":"RecoverableZookeeper.getData","r":"TestHCM","p":["6afc1d47de8f6d55"]}
{"i":"87a7369271b790b3","s":"3328585f358a5c96","b":1619146735930,"e":1619146735931,"d":"RecoverableZookeeper.exists","r":"TestHCM","p":["6afc1d47de8f6d55"]}
{"i":"87a7369271b790b3","s":"6c802537a5535d12","b":1619146735933,"e":1619146735933,"d":"RecoverableZookeeper.getData","r":"TestHCM","p":["6afc1d47de8f6d55"]}
{"i":"87a7369271b790b3","s":"38431497068eae0d","b":1619146736044,"e":1619146736044,"d":"MasterService.IsMasterRunning","r":"HMaster","p":["6afc1d47de8f6d55"]}
{"i":"87a7369271b790b3","s":"c5c2bc15704a0003","b":1619146736036,"e":1619146736044,"d":"RpcClientImpl.tracedWriteRequest","r":"TestHCM","p":["6afc1d47de8f6d55"]}
{"i":"87a7369271b790b3","s":"eb0e5daae37bfc7f","b":1619146736091,"e":1619146736092,"d":"RpcClientImpl.tracedWriteRequest","r":"TestHCM","p":["6afc1d47de8f6d55"]}
{"i":"87a7369271b790b3","s":"6b7afdf33da821aa","b":1619146736092,"e":1619146736193,"d":"MasterService.CreateTable","r":"HMaster","p":["6afc1d47de8f6d55"]}
{"i":"87a7369271b790b3","s":"d560772a2a1c1a13","b":1619146736202,"e":1619146736202,"d":"MasterService.IsMasterRunning","r":"HMaster","p":["6afc1d47de8f6d55"]}
{"i":"87a7369271b790b3","s":"eafdca31b3b3b870","b":1619146736201,"e":1619146736202,"d":"RpcClientImpl.tracedWriteRequest","r":"TestHCM","p":["6afc1d47de8f6d55"]}
{"i":"87a7369271b790b3","s":"3a605824c3d92d1c","b":1619146736207,"e":1619146736207,"d":"MasterService.getProcedureResult","r":"HMaster","p":["6afc1d47de8f6d55"]}
{"i":"87a7369271b790b3","s":"e3a2c0f38cb91592","b":1619146736206,"e":1619146736207,"d":"RpcClientImpl.tracedWriteRequest","r":"TestHCM","p":["6afc1d47de8f6d55"]}
{"i":"87a7369271b790b3","s":"b6c2473479d8da65","b":1619146736309,"e":1619146736309,"d":"MasterService.IsMasterRunning","r":"HMaster","p":["6afc1d47de8f6d55"]}
{"i":"87a7369271b790b3","s":"64ebbf98da23634b","b":1619146736308,"e":1619146736308,"d":"RpcClientImpl.tracedWriteRequest","r":"TestHCM","p":["6afc1d47de8f6d55"]}
{"i":"87a7369271b790b3","s":"f3470f9d774ab5ab","b":1619146736309,"e":1619146736309,"d":"MasterService.getProcedureResult","r":"HMaster","p":["6afc1d47de8f6d55"]}
{"i":"87a7369271b790b3","s":"da649b48e0843adb","b":1619146736309,"e":1619146736309,"d":"RpcClientImpl.tracedWriteRequest","r":"TestHCM","p":["6afc1d47de8f6d55"]}
{"i":"87a7369271b790b3","s":"90ab0f4f3b005649","b":1619146736510,"e":1619146736510,"d":"MasterService.IsMasterRunning","r":"HMaster","p":["6afc1d47de8f6d55"]}
{"i":"87a7369271b790b3","s":"569c70d873914d6b","b":1619146736510,"e":1619146736510,"d":"RpcClientImpl.tracedWriteRequest","r":"TestHCM","p":["6afc1d47de8f6d55"]}
{"i":"87a7369271b790b3","s":"9d2664a45af20935","b":1619146736512,"e":1619146736512,"d":"MasterService.getProcedureResult","r":"HMaster","p":["6afc1d47de8f6d55"]}
{"i":"87a7369271b790b3","s":"4ca31e9b34b2d801","b":1619146736511,"e":1619146736511,"d":"RpcClientImpl.tracedWriteRequest","r":"TestHCM","p":["6afc1d47de8f6d55"]}
{"i":"87a7369271b790b3","s":"6afc1d47de8f6d55","b":1619146735485,"e":1619146736534,"d":"HBase15645","r":"TestHCM","p":[]}
{"i":"76e7e5e7eb461418","s":"097f3222238ed65f","b":1619146747310,"e":1619146747346,"d":"RecoverableZookeeper.exists","r":"TestHCM","p":["da8616a74febd59e"]}
{"i":"76e7e5e7eb461418","s":"94c126cbc53880a6","b":1619146747347,"e":1619146747350,"d":"RecoverableZookeeper.getData","r":"TestHCM","p":["da8616a74febd59e"]}
{"i":"76e7e5e7eb461418","s":"5274333dd0bb07d9","b":1619146747499,"e":1619146747500,"d":"RecoverableZookeeper.exists","r":"TestHCM","p":["da8616a74febd59e"]}
{"i":"76e7e5e7eb461418","s":"c3547958141b8002","b":1619146747501,"e":1619146747501,"d":"RecoverableZookeeper.getData","r":"TestHCM","p":["da8616a74febd59e"]}
{"i":"76e7e5e7eb461418","s":"f1d0e85856c1fcf8","b":1619146747605,"e":1619146747605,"d":"MasterService.IsMasterRunning","r":"HMaster","p":["da8616a74febd59e"]}
{"i":"76e7e5e7eb461418","s":"9e5152630d2c6cdf","b":1619146747597,"e":1619146747605,"d":"RpcClientImpl.tracedWriteRequest","r":"TestHCM","p":["da8616a74febd59e"]}
{"i":"76e7e5e7eb461418","s":"fefd6c8a6041bacb","b":1619146747646,"e":1619146747647,"d":"RpcClientImpl.tracedWriteRequest","r":"TestHCM","p":["da8616a74febd59e"]}
{"i":"76e7e5e7eb461418","s":"869e309c3c9abec8","b":1619146747647,"e":1619146747749,"d":"MasterService.CreateTable","r":"HMaster","p":["da8616a74febd59e"]}
{"i":"76e7e5e7eb461418","s":"2c4be091dc53196f","b":1619146747758,"e":1619146747758,"d":"MasterService.IsMasterRunning","r":"HMaster","p":["da8616a74febd59e"]}
{"i":"76e7e5e7eb461418","s":"563d925e5a56cd29","b":1619146747757,"e":1619146747758,"d":"RpcClientImpl.tracedWriteRequest","r":"TestHCM","p":["da8616a74febd59e"]}
{"i":"76e7e5e7eb461418","s":"622fb3b10136bc06","b":1619146747763,"e":1619146747763,"d":"RpcClientImpl.tracedWriteRequest","r":"TestHCM","p":["da8616a74febd59e"]}
{"i":"76e7e5e7eb461418","s":"e7c3d7c9fb7acca4","b":1619146747763,"e":1619146747763,"d":"MasterService.getProcedureResult","r":"HMaster","p":["da8616a74febd59e"]}
{"i":"76e7e5e7eb461418","s":"e07a086463e7f94e","b":1619146747866,"e":1619146747866,"d":"MasterService.IsMasterRunning","r":"HMaster","p":["da8616a74febd59e"]}
{"i":"76e7e5e7eb461418","s":"92920c4a9ec1d6d1","b":1619146747865,"e":1619146747865,"d":"RpcClientImpl.tracedWriteRequest","r":"TestHCM","p":["da8616a74febd59e"]}
{"i":"76e7e5e7eb461418","s":"6e83a1654d78e093","b":1619146747866,"e":1619146747866,"d":"MasterService.getProcedureResult","r":"HMaster","p":["da8616a74febd59e"]}
{"i":"76e7e5e7eb461418","s":"85c12c4b6d477854","b":1619146747866,"e":1619146747866,"d":"RpcClientImpl.tracedWriteRequest","r":"TestHCM","p":["da8616a74febd59e"]}
{"i":"76e7e5e7eb461418","s":"2491459b5e241f49","b":1619146748068,"e":1619146748068,"d":"MasterService.IsMasterRunning","r":"HMaster","p":["da8616a74febd59e"]}
{"i":"76e7e5e7eb461418","s":"2248ff27ccc1b85a","b":1619146748067,"e":1619146748067,"d":"RpcClientImpl.tracedWriteRequest","r":"TestHCM","p":["da8616a74febd59e"]}
{"i":"76e7e5e7eb461418","s":"5fd36779822b7bc1","b":1619146748069,"e":1619146748069,"d":"MasterService.getProcedureResult","r":"HMaster","p":["da8616a74febd59e"]}
{"i":"76e7e5e7eb461418","s":"cb9309b762bda19b","b":1619146748068,"e":1619146748068,"d":"RpcClientImpl.tracedWriteRequest","r":"TestHCM","p":["da8616a74febd59e"]}
{"i":"76e7e5e7eb461418","s":"da8616a74febd59e","b":1619146747095,"e":1619146748094,"d":"HBase15645","r":"TestHCM","p":[]}
{"i":"048b74489dd4acd1","s":"67a3aaa2a42f7e9f","b":1619146758918,"e":1619146758955,"d":"RecoverableZookeeper.exists","r":"TestHCM","p":["fa4463b4c6d4dcc4"]}
{"i":"048b74489dd4acd1","s":"26ff2c17403a98bf","b":1619146758956,"e":1619146758958,"d":"RecoverableZookeeper.getData","r":"TestHCM","p":["fa4463b4c6d4dcc4"]}
{"i":"048b74489dd4acd1","s":"460f314d324ef5b7","b":1619146759108,"e":1619146759108,"d":"RecoverableZookeeper.exists","r":"TestHCM","p":["fa4463b4c6d4dcc4"]}
{"i":"048b74489dd4acd1","s":"22d828c12522f5b3","b":1619146759109,"e":1619146759110,"d":"RecoverableZookeeper.getData","r":"TestHCM","p":["fa4463b4c6d4dcc4"]}
{"i":"048b74489dd4acd1","s":"6d59271ae6047f7b","b":1619146759209,"e":1619146759209,"d":"MasterService.IsMasterRunning","r":"HMaster","p":["fa4463b4c6d4dcc4"]}
{"i":"048b74489dd4acd1","s":"65fc8da1949576d5","b":1619146759202,"e":1619146759209,"d":"RpcClientImpl.tracedWriteRequest","r":"TestHCM","p":["fa4463b4c6d4dcc4"]}
{"i":"048b74489dd4acd1","s":"97fec946f04c1b5b","b":1619146759249,"e":1619146759249,"d":"RpcClientImpl.tracedWriteRequest","r":"TestHCM","p":["fa4463b4c6d4dcc4"]}
{"i":"048b74489dd4acd1","s":"60609aed43d1d658","b":1619146759250,"e":1619146759351,"d":"MasterService.CreateTable","r":"HMaster","p":["fa4463b4c6d4dcc4"]}
{"i":"048b74489dd4acd1","s":"ec9e38f2314a88ae","b":1619146759356,"e":1619146759356,"d":"MasterService.IsMasterRunning","r":"HMaster","p":["fa4463b4c6d4dcc4"]}
{"i":"048b74489dd4acd1","s":"6c90d2221a278c83","b":1619146759356,"e":1619146759356,"d":"RpcClientImpl.tracedWriteRequest","r":"TestHCM","p":["fa4463b4c6d4dcc4"]}
{"i":"048b74489dd4acd1","s":"822126ca664a5258","b":1619146759361,"e":1619146759361,"d":"MasterService.getProcedureResult","r":"HMaster","p":["fa4463b4c6d4dcc4"]}
{"i":"048b74489dd4acd1","s":"4d4e353c963bc8f0","b":1619146759361,"e":1619146759361,"d":"RpcClientImpl.tracedWriteRequest","r":"TestHCM","p":["fa4463b4c6d4dcc4"]}
{"i":"048b74489dd4acd1","s":"26e01ab25d782793","b":1619146759464,"e":1619146759464,"d":"MasterService.IsMasterRunning","r":"HMaster","p":["fa4463b4c6d4dcc4"]}
{"i":"048b74489dd4acd1","s":"10a4854688445ea5","b":1619146759464,"e":1619146759464,"d":"RpcClientImpl.tracedWriteRequest","r":"TestHCM","p":["fa4463b4c6d4dcc4"]}
{"i":"048b74489dd4acd1","s":"064df7f5f5bcfc8d","b":1619146759465,"e":1619146759465,"d":"MasterService.getProcedureResult","r":"HMaster","p":["fa4463b4c6d4dcc4"]}
{"i":"048b74489dd4acd1","s":"f01bc2b948ffc3c7","b":1619146759465,"e":1619146759465,"d":"RpcClientImpl.tracedWriteRequest","r":"TestHCM","p":["fa4463b4c6d4dcc4"]}
{"i":"048b74489dd4acd1","s":"f41642a1a46aa6cc","b":1619146759666,"e":1619146759666,"d":"RpcClientImpl.tracedWriteRequest","r":"TestHCM","p":["fa4463b4c6d4dcc4"]}
{"i":"048b74489dd4acd1","s":"69de5e0ff42a7d1e","b":1619146759666,"e":1619146759666,"d":"MasterService.IsMasterRunning","r":"HMaster","p":["fa4463b4c6d4dcc4"]}
{"i":"048b74489dd4acd1","s":"4aab2feb66a492d1","b":1619146759667,"e":1619146759667,"d":"MasterService.getProcedureResult","r":"HMaster","p":["fa4463b4c6d4dcc4"]}
{"i":"048b74489dd4acd1","s":"2ee67612426155c3","b":1619146759667,"e":1619146759667,"d":"RpcClientImpl.tracedWriteRequest","r":"TestHCM","p":["fa4463b4c6d4dcc4"]}
{"i":"048b74489dd4acd1","s":"fa4463b4c6d4dcc4","b":1619146758691,"e":1619146759693,"d":"HBase15645","r":"TestHCM","p":[]}
{"i":"037fbc35c25427c0","s":"da4120fdb32a4e83","b":1619146770563,"e":1619146770603,"d":"RecoverableZookeeper.exists","r":"TestHCM","p":["6e0e0a39a234151a"]}
{"i":"037fbc35c25427c0","s":"f777e71f622d9380","b":1619146770604,"e":1619146770606,"d":"RecoverableZookeeper.getData","r":"TestHCM","p":["6e0e0a39a234151a"]}
{"i":"037fbc35c25427c0","s":"09f4f7ab9cf57893","b":1619146770787,"e":1619146770788,"d":"RecoverableZookeeper.exists","r":"TestHCM","p":["6e0e0a39a234151a"]}
{"i":"037fbc35c25427c0","s":"67fddcda2a60d982","b":1619146770789,"e":1619146770789,"d":"RecoverableZookeeper.getData","r":"TestHCM","p":["6e0e0a39a234151a"]}
{"i":"037fbc35c25427c0","s":"98193968620b9230","b":1619146770894,"e":1619146770894,"d":"MasterService.IsMasterRunning","r":"HMaster","p":["6e0e0a39a234151a"]}
{"i":"037fbc35c25427c0","s":"2627f701becd864a","b":1619146770886,"e":1619146770894,"d":"RpcClientImpl.tracedWriteRequest","r":"TestHCM","p":["6e0e0a39a234151a"]}
{"i":"037fbc35c25427c0","s":"fbf485e9038f1d05","b":1619146770944,"e":1619146770945,"d":"RpcClientImpl.tracedWriteRequest","r":"TestHCM","p":["6e0e0a39a234151a"]}
{"i":"037fbc35c25427c0","s":"c801e746c6fb4024","b":1619146770945,"e":1619146771047,"d":"MasterService.CreateTable","r":"HMaster","p":["6e0e0a39a234151a"]}
{"i":"037fbc35c25427c0","s":"9362ee5b0d800ad6","b":1619146771054,"e":1619146771054,"d":"MasterService.IsMasterRunning","r":"HMaster","p":["6e0e0a39a234151a"]}
{"i":"037fbc35c25427c0","s":"17790a1ade8d762f","b":1619146771054,"e":1619146771054,"d":"RpcClientImpl.tracedWriteRequest","r":"TestHCM","p":["6e0e0a39a234151a"]}
{"i":"037fbc35c25427c0","s":"e07fee4a64187986","b":1619146771065,"e":1619146771065,"d":"MasterService.getProcedureResult","r":"HMaster","p":["6e0e0a39a234151a"]}
{"i":"037fbc35c25427c0","s":"e768ec330b359162","b":1619146771064,"e":1619146771064,"d":"RpcClientImpl.tracedWriteRequest","r":"TestHCM","p":["6e0e0a39a234151a"]}
{"i":"037fbc35c25427c0","s":"bfd28f574e9b3e8a","b":1619146771168,"e":1619146771168,"d":"MasterService.IsMasterRunning","r":"HMaster","p":["6e0e0a39a234151a"]}
{"i":"037fbc35c25427c0","s":"f99fc1072ba64103","b":1619146771168,"e":1619146771168,"d":"RpcClientImpl.tracedWriteRequest","r":"TestHCM","p":["6e0e0a39a234151a"]}
{"i":"037fbc35c25427c0","s":"59ce3d244b67a74f","b":1619146771169,"e":1619146771169,"d":"MasterService.getProcedureResult","r":"HMaster","p":["6e0e0a39a234151a"]}
{"i":"037fbc35c25427c0","s":"c56d2d11eb333d81","b":1619146771169,"e":1619146771169,"d":"RpcClientImpl.tracedWriteRequest","r":"TestHCM","p":["6e0e0a39a234151a"]}
{"i":"037fbc35c25427c0","s":"2c28a599c9d3cba8","b":1619146771370,"e":1619146771370,"d":"MasterService.IsMasterRunning","r":"HMaster","p":["6e0e0a39a234151a"]}
{"i":"037fbc35c25427c0","s":"b063269767c45d02","b":1619146771370,"e":1619146771370,"d":"RpcClientImpl.tracedWriteRequest","r":"TestHCM","p":["6e0e0a39a234151a"]}
{"i":"037fbc35c25427c0","s":"516c53db277f1f6e","b":1619146771371,"e":1619146771371,"d":"MasterService.getProcedureResult","r":"HMaster","p":["6e0e0a39a234151a"]}
{"i":"037fbc35c25427c0","s":"95307547064c7ac2","b":1619146771371,"e":1619146771371,"d":"RpcClientImpl.tracedWriteRequest","r":"TestHCM","p":["6e0e0a39a234151a"]}
{"i":"037fbc35c25427c0","s":"6e0e0a39a234151a","b":1619146770334,"e":1619146771392,"d":"HBase15645","r":"TestHCM","p":[]}
{"i":"755a7787b42b1739","s":"378cc941ccb7643e","b":1619146782191,"e":1619146782233,"d":"RecoverableZookeeper.exists","r":"TestHCM","p":["da43b60d325a2954"]}
{"i":"755a7787b42b1739","s":"af8ef3bffd0d0280","b":1619146782234,"e":1619146782237,"d":"RecoverableZookeeper.getData","r":"TestHCM","p":["da43b60d325a2954"]}
{"i":"755a7787b42b1739","s":"a7e40fe2b499c09a","b":1619146782392,"e":1619146782393,"d":"RecoverableZookeeper.exists","r":"TestHCM","p":["da43b60d325a2954"]}
{"i":"755a7787b42b1739","s":"18ee2d29add6dade","b":1619146782393,"e":1619146782394,"d":"RecoverableZookeeper.getData","r":"TestHCM","p":["da43b60d325a2954"]}
{"i":"755a7787b42b1739","s":"dd5dc54adf633f79","b":1619146782494,"e":1619146782494,"d":"MasterService.IsMasterRunning","r":"HMaster","p":["da43b60d325a2954"]}
{"i":"755a7787b42b1739","s":"b39149edb2142b39","b":1619146782487,"e":1619146782494,"d":"RpcClientImpl.tracedWriteRequest","r":"TestHCM","p":["da43b60d325a2954"]}
{"i":"755a7787b42b1739","s":"f6f85b8d5021c8bf","b":1619146782541,"e":1619146782541,"d":"RpcClientImpl.tracedWriteRequest","r":"TestHCM","p":["da43b60d325a2954"]}
{"i":"755a7787b42b1739","s":"e7c718cd705f11d5","b":1619146782542,"e":1619146782643,"d":"MasterService.CreateTable","r":"HMaster","p":["da43b60d325a2954"]}
{"i":"755a7787b42b1739","s":"091946e2a4d71f7d","b":1619146782651,"e":1619146782651,"d":"MasterService.IsMasterRunning","r":"HMaster","p":["da43b60d325a2954"]}
{"i":"755a7787b42b1739","s":"e7c361c20039d759","b":1619146782651,"e":1619146782651,"d":"RpcClientImpl.tracedWriteRequest","r":"TestHCM","p":["da43b60d325a2954"]}
{"i":"755a7787b42b1739","s":"3435a11b4672b0dc","b":1619146782660,"e":1619146782660,"d":"MasterService.getProcedureResult","r":"HMaster","p":["da43b60d325a2954"]}
{"i":"755a7787b42b1739","s":"ea9ad1797c7fb250","b":1619146782660,"e":1619146782660,"d":"RpcClientImpl.tracedWriteRequest","r":"TestHCM","p":["da43b60d325a2954"]}
{"i":"755a7787b42b1739","s":"fc90615714c8b2b4","b":1619146782762,"e":1619146782762,"d":"MasterService.IsMasterRunning","r":"HMaster","p":["da43b60d325a2954"]}
{"i":"755a7787b42b1739","s":"289e709282ad8083","b":1619146782761,"e":1619146782762,"d":"RpcClientImpl.tracedWriteRequest","r":"TestHCM","p":["da43b60d325a2954"]}
{"i":"755a7787b42b1739","s":"185f776cc4e7baea","b":1619146782763,"e":1619146782763,"d":"MasterService.getProcedureResult","r":"HMaster","p":["da43b60d325a2954"]}
{"i":"755a7787b42b1739","s":"541f6b7a434c5f88","b":1619146782762,"e":1619146782763,"d":"RpcClientImpl.tracedWriteRequest","r":"TestHCM","p":["da43b60d325a2954"]}
{"i":"755a7787b42b1739","s":"790f30d7744a2137","b":1619146782964,"e":1619146782964,"d":"MasterService.IsMasterRunning","r":"HMaster","p":["da43b60d325a2954"]}
{"i":"755a7787b42b1739","s":"0a56ce7d31093b10","b":1619146782963,"e":1619146782964,"d":"RpcClientImpl.tracedWriteRequest","r":"TestHCM","p":["da43b60d325a2954"]}
{"i":"755a7787b42b1739","s":"55867391b09b5c6f","b":1619146782965,"e":1619146782965,"d":"MasterService.getProcedureResult","r":"HMaster","p":["da43b60d325a2954"]}
{"i":"755a7787b42b1739","s":"0566f04449e72844","b":1619146782964,"e":1619146782965,"d":"RpcClientImpl.tracedWriteRequest","r":"TestHCM","p":["da43b60d325a2954"]}
{"i":"755a7787b42b1739","s":"da43b60d325a2954","b":1619146781948,"e":1619146783011,"d":"HBase15645","r":"TestHCM","p":[]}
{"i":"9123b118f54d02f2","s":"667a550fe8b490d2","b":1619146866595,"e":1619146866627,"d":"RecoverableZookeeper.exists","r":"TestHCM","p":["eef32cc2f345a39a"]}
{"i":"9123b118f54d02f2","s":"684845ac454f7568","b":1619146866628,"e":1619146866631,"d":"RecoverableZookeeper.getData","r":"TestHCM","p":["eef32cc2f345a39a"]}
{"i":"9123b118f54d02f2","s":"decf0479f24d0fcc","b":1619146866790,"e":1619146866790,"d":"RecoverableZookeeper.exists","r":"TestHCM","p":["eef32cc2f345a39a"]}
{"i":"9123b118f54d02f2","s":"7b82739361ff75ad","b":1619146866791,"e":1619146866791,"d":"RecoverableZookeeper.getData","r":"TestHCM","p":["eef32cc2f345a39a"]}
{"i":"9123b118f54d02f2","s":"df53ee8678c64eb3","b":1619146866896,"e":1619146866896,"d":"MasterService.IsMasterRunning","r":"HMaster","p":["eef32cc2f345a39a"]}
{"i":"9123b118f54d02f2","s":"d49ab34d3ef907e9","b":1619146866888,"e":1619146866896,"d":"RpcClientImpl.tracedWriteRequest","r":"TestHCM","p":["eef32cc2f345a39a"]}
{"i":"9123b118f54d02f2","s":"5ac15648b1f273b3","b":1619146866936,"e":1619146866937,"d":"RpcClientImpl.tracedWriteRequest","r":"TestHCM","p":["eef32cc2f345a39a"]}
{"i":"9123b118f54d02f2","s":"cd598c8a54b7b6ef","b":1619146866937,"e":1619146867039,"d":"MasterService.CreateTable","r":"HMaster","p":["eef32cc2f345a39a"]}
{"i":"9123b118f54d02f2","s":"0df0f5c67d312b47","b":1619146867048,"e":1619146867048,"d":"MasterService.IsMasterRunning","r":"HMaster","p":["eef32cc2f345a39a"]}
{"i":"9123b118f54d02f2","s":"466038e10bb869fe","b":1619146867048,"e":1619146867048,"d":"RpcClientImpl.tracedWriteRequest","r":"TestHCM","p":["eef32cc2f345a39a"]}
{"i":"9123b118f54d02f2","s":"defe255a44421e7d","b":1619146867055,"e":1619146867055,"d":"RpcClientImpl.tracedWriteRequest","r":"TestHCM","p":["eef32cc2f345a39a"]}
{"i":"9123b118f54d02f2","s":"c8326d7db8be67d3","b":1619146867055,"e":1619146867056,"d":"MasterService.getProcedureResult","r":"HMaster","p":["eef32cc2f345a39a"]}
{"i":"9123b118f54d02f2","s":"b5ea83caf4782515","b":1619146867160,"e":1619146867160,"d":"MasterService.IsMasterRunning","r":"HMaster","p":["eef32cc2f345a39a"]}
{"i":"9123b118f54d02f2","s":"5ba450951b2d74c2","b":1619146867159,"e":1619146867159,"d":"RpcClientImpl.tracedWriteRequest","r":"TestHCM","p":["eef32cc2f345a39a"]}
{"i":"9123b118f54d02f2","s":"59d4398bc055b708","b":1619146867160,"e":1619146867160,"d":"MasterService.getProcedureResult","r":"HMaster","p":["eef32cc2f345a39a"]}
{"i":"9123b118f54d02f2","s":"7eb90705129cb946","b":1619146867160,"e":1619146867160,"d":"RpcClientImpl.tracedWriteRequest","r":"TestHCM","p":["eef32cc2f345a39a"]}
{"i":"9123b118f54d02f2","s":"d9b330c46918b7af","b":1619146867361,"e":1619146867362,"d":"MasterService.IsMasterRunning","r":"HMaster","p":["eef32cc2f345a39a"]}
{"i":"9123b118f54d02f2","s":"5e2ea83a456dad58","b":1619146867361,"e":1619146867361,"d":"RpcClientImpl.tracedWriteRequest","r":"TestHCM","p":["eef32cc2f345a39a"]}
{"i":"9123b118f54d02f2","s":"c9b7df436f30d842","b":1619146867362,"e":1619146867362,"d":"RpcClientImpl.tracedWriteRequest","r":"TestHCM","p":["eef32cc2f345a39a"]}
{"i":"9123b118f54d02f2","s":"ac2202dfc05eefa7","b":1619146867362,"e":1619146867362,"d":"MasterService.getProcedureResult","r":"HMaster","p":["eef32cc2f345a39a"]}
{"i":"9123b118f54d02f2","s":"eef32cc2f345a39a","b":1619146866372,"e":1619146867387,"d":"HBase15645","r":"TestHCM","p":[]}
{"i":"8b2fbf10ef20b6bb","s":"0da7d0aa4b42d0fc","b":1619146878221,"e":1619146878259,"d":"RecoverableZookeeper.exists","r":"TestHCM","p":["263bb8f6c33c58dc"]}
{"i":"8b2fbf10ef20b6bb","s":"716dcc7c9b7a1a33","b":1619146878260,"e":1619146878262,"d":"RecoverableZookeeper.getData","r":"TestHCM","p":["263bb8f6c33c58dc"]}
{"i":"8b2fbf10ef20b6bb","s":"b22276edc34640d5","b":1619146878432,"e":1619146878433,"d":"RecoverableZookeeper.exists","r":"TestHCM","p":["263bb8f6c33c58dc"]}
{"i":"8b2fbf10ef20b6bb","s":"163231df88fcdbc5","b":1619146878434,"e":1619146878434,"d":"RecoverableZookeeper.getData","r":"TestHCM","p":["263bb8f6c33c58dc"]}
{"i":"8b2fbf10ef20b6bb","s":"e18df4737c06b1a3","b":1619146878539,"e":1619146878539,"d":"MasterService.IsMasterRunning","r":"HMaster","p":["263bb8f6c33c58dc"]}
{"i":"8b2fbf10ef20b6bb","s":"eea1275e714b0354","b":1619146878532,"e":1619146878539,"d":"RpcClientImpl.tracedWriteRequest","r":"TestHCM","p":["263bb8f6c33c58dc"]}
{"i":"8b2fbf10ef20b6bb","s":"d341ae9042a5d53f","b":1619146878581,"e":1619146878582,"d":"RpcClientImpl.tracedWriteRequest","r":"TestHCM","p":["263bb8f6c33c58dc"]}
{"i":"8b2fbf10ef20b6bb","s":"670091d607e2c525","b":1619146878582,"e":1619146878684,"d":"MasterService.CreateTable","r":"HMaster","p":["263bb8f6c33c58dc"]}
{"i":"8b2fbf10ef20b6bb","s":"fb678166fdef9acd","b":1619146878693,"e":1619146878693,"d":"MasterService.IsMasterRunning","r":"HMaster","p":["263bb8f6c33c58dc"]}
{"i":"8b2fbf10ef20b6bb","s":"14215c5da1544be4","b":1619146878693,"e":1619146878693,"d":"RpcClientImpl.tracedWriteRequest","r":"TestHCM","p":["263bb8f6c33c58dc"]}
{"i":"8b2fbf10ef20b6bb","s":"093f7fc4b491015e","b":1619146878699,"e":1619146878699,"d":"MasterService.getProcedureResult","r":"HMaster","p":["263bb8f6c33c58dc"]}
{"i":"8b2fbf10ef20b6bb","s":"82f6ecb1abfcc529","b":1619146878699,"e":1619146878699,"d":"RpcClientImpl.tracedWriteRequest","r":"TestHCM","p":["263bb8f6c33c58dc"]}
{"i":"8b2fbf10ef20b6bb","s":"30da05c8b526a4ec","b":1619146878803,"e":1619146878803,"d":"MasterService.IsMasterRunning","r":"HMaster","p":["263bb8f6c33c58dc"]}
{"i":"8b2fbf10ef20b6bb","s":"423fccb7a6722fb0","b":1619146878802,"e":1619146878803,"d":"RpcClientImpl.tracedWriteRequest","r":"TestHCM","p":["263bb8f6c33c58dc"]}
{"i":"8b2fbf10ef20b6bb","s":"5eab7a29eca21f70","b":1619146878804,"e":1619146878804,"d":"MasterService.getProcedureResult","r":"HMaster","p":["263bb8f6c33c58dc"]}
{"i":"8b2fbf10ef20b6bb","s":"65903b9e4b7b993d","b":1619146878803,"e":1619146878803,"d":"RpcClientImpl.tracedWriteRequest","r":"TestHCM","p":["263bb8f6c33c58dc"]}
{"i":"8b2fbf10ef20b6bb","s":"91feb1c94bb4fba3","b":1619146879005,"e":1619146879005,"d":"MasterService.IsMasterRunning","r":"HMaster","p":["263bb8f6c33c58dc"]}
{"i":"8b2fbf10ef20b6bb","s":"ac64068bec79d78b","b":1619146879004,"e":1619146879005,"d":"RpcClientImpl.tracedWriteRequest","r":"TestHCM","p":["263bb8f6c33c58dc"]}
{"i":"8b2fbf10ef20b6bb","s":"e39592dfbf6dc46c","b":1619146879006,"e":1619146879006,"d":"MasterService.getProcedureResult","r":"HMaster","p":["263bb8f6c33c58dc"]}
{"i":"8b2fbf10ef20b6bb","s":"df9fa5f8c68dcce0","b":1619146879005,"e":1619146879005,"d":"RpcClientImpl.tracedWriteRequest","r":"TestHCM","p":["263bb8f6c33c58dc"]}
{"i":"8b2fbf10ef20b6bb","s":"263bb8f6c33c58dc","b":1619146877981,"e":1619146879036,"d":"HBase15645","r":"TestHCM","p":[]}
{"i":"ad2cdbd96eb930aa","s":"957c22c7b8992264","b":1619146889815,"e":1619146889844,"d":"RecoverableZookeeper.exists","r":"TestHCM","p":["0069d278b343a27b"]}
{"i":"ad2cdbd96eb930aa","s":"bac869daafedfecb","b":1619146889845,"e":1619146889847,"d":"RecoverableZookeeper.getData","r":"TestHCM","p":["0069d278b343a27b"]}
{"i":"ad2cdbd96eb930aa","s":"ba98959c81ad7d03","b":1619146890043,"e":1619146890043,"d":"RecoverableZookeeper.exists","r":"TestHCM","p":["0069d278b343a27b"]}
{"i":"ad2cdbd96eb930aa","s":"fa5b06e96888275e","b":1619146890044,"e":1619146890045,"d":"RecoverableZookeeper.getData","r":"TestHCM","p":["0069d278b343a27b"]}
{"i":"ad2cdbd96eb930aa","s":"36c1aeaee9e89239","b":1619146890166,"e":1619146890166,"d":"MasterService.IsMasterRunning","r":"HMaster","p":["0069d278b343a27b"]}
{"i":"ad2cdbd96eb930aa","s":"eded832ea840b6bc","b":1619146890158,"e":1619146890166,"d":"RpcClientImpl.tracedWriteRequest","r":"TestHCM","p":["0069d278b343a27b"]}
{"i":"ad2cdbd96eb930aa","s":"6571382f4857d4fb","b":1619146890213,"e":1619146890213,"d":"RpcClientImpl.tracedWriteRequest","r":"TestHCM","p":["0069d278b343a27b"]}
{"i":"ad2cdbd96eb930aa","s":"1041bc5fedb91f75","b":1619146890213,"e":1619146890315,"d":"MasterService.CreateTable","r":"HMaster","p":["0069d278b343a27b"]}
{"i":"ad2cdbd96eb930aa","s":"171e62c1c4023925","b":1619146890323,"e":1619146890323,"d":"MasterService.IsMasterRunning","r":"HMaster","p":["0069d278b343a27b"]}
{"i":"ad2cdbd96eb930aa","s":"6ba1f5e7bda3917f","b":1619146890323,"e":1619146890323,"d":"RpcClientImpl.tracedWriteRequest","r":"TestHCM","p":["0069d278b343a27b"]}
{"i":"ad2cdbd96eb930aa","s":"b2833e795d21d8c6","b":1619146890330,"e":1619146890330,"d":"MasterService.getProcedureResult","r":"HMaster","p":["0069d278b343a27b"]}
{"i":"ad2cdbd96eb930aa","s":"0a7be600b0675f0e","b":1619146890329,"e":1619146890330,"d":"RpcClientImpl.tracedWriteRequest","r":"TestHCM","p":["0069d278b343a27b"]}
{"i":"ad2cdbd96eb930aa","s":"a1d71ca367e40847","b":1619146890433,"e":1619146890433,"d":"MasterService.IsMasterRunning","r":"HMaster","p":["0069d278b343a27b"]}
{"i":"ad2cdbd96eb930aa","s":"fe5a1a6bbc61b785","b":1619146890432,"e":1619146890433,"d":"RpcClientImpl.tracedWriteRequest","r":"TestHCM","p":["0069d278b343a27b"]}
{"i":"ad2cdbd96eb930aa","s":"9540c7ea258aa894","b":1619146890434,"e":1619146890434,"d":"MasterService.getProcedureResult","r":"HMaster","p":["0069d278b343a27b"]}
{"i":"ad2cdbd96eb930aa","s":"176d491ae5f56936","b":1619146890433,"e":1619146890433,"d":"RpcClientImpl.tracedWriteRequest","r":"TestHCM","p":["0069d278b343a27b"]}
{"i":"ad2cdbd96eb930aa","s":"b7de89acb5301f7c","b":1619146890635,"e":1619146890635,"d":"MasterService.IsMasterRunning","r":"HMaster","p":["0069d278b343a27b"]}
{"i":"ad2cdbd96eb930aa","s":"0c8000fe0e2beaed","b":1619146890634,"e":1619146890635,"d":"RpcClientImpl.tracedWriteRequest","r":"TestHCM","p":["0069d278b343a27b"]}
{"i":"ad2cdbd96eb930aa","s":"df14833965dc7908","b":1619146890636,"e":1619146890636,"d":"MasterService.getProcedureResult","r":"HMaster","p":["0069d278b343a27b"]}
{"i":"ad2cdbd96eb930aa","s":"f99e24a08cde2ef3","b":1619146890635,"e":1619146890636,"d":"RpcClientImpl.tracedWriteRequest","r":"TestHCM","p":["0069d278b343a27b"]}
{"i":"ad2cdbd96eb930aa","s":"0069d278b343a27b","b":1619146889598,"e":1619146890665,"d":"HBase15645","r":"TestHCM","p":[]}
{"i":"6fa8b55c4fcb32d3","s":"77d605cb6b017cd8","b":1619146901489,"e":1619146901524,"d":"RecoverableZookeeper.exists","r":"TestHCM","p":["a85d71a8c5b55076"]}
{"i":"6fa8b55c4fcb32d3","s":"b2b8b5c767d4e61a","b":1619146901525,"e":1619146901526,"d":"RecoverableZookeeper.getData","r":"TestHCM","p":["a85d71a8c5b55076"]}
{"i":"6fa8b55c4fcb32d3","s":"9330eebea3b55881","b":1619146901672,"e":1619146901673,"d":"RecoverableZookeeper.exists","r":"TestHCM","p":["a85d71a8c5b55076"]}
{"i":"6fa8b55c4fcb32d3","s":"7b8de0c92cac75af","b":1619146901674,"e":1619146901674,"d":"RecoverableZookeeper.getData","r":"TestHCM","p":["a85d71a8c5b55076"]}
{"i":"6fa8b55c4fcb32d3","s":"f89438bdf89672cc","b":1619146901773,"e":1619146901773,"d":"MasterService.IsMasterRunning","r":"HMaster","p":["a85d71a8c5b55076"]}
{"i":"6fa8b55c4fcb32d3","s":"b519192715ed19cd","b":1619146901766,"e":1619146901773,"d":"RpcClientImpl.tracedWriteRequest","r":"TestHCM","p":["a85d71a8c5b55076"]}
{"i":"6fa8b55c4fcb32d3","s":"e9798c8365e7c8a7","b":1619146901814,"e":1619146901815,"d":"RpcClientImpl.tracedWriteRequest","r":"TestHCM","p":["a85d71a8c5b55076"]}
{"i":"6fa8b55c4fcb32d3","s":"c4423fb0c35634d8","b":1619146901815,"e":1619146901917,"d":"MasterService.CreateTable","r":"HMaster","p":["a85d71a8c5b55076"]}
{"i":"6fa8b55c4fcb32d3","s":"85349f7f7d6c7cd5","b":1619146901925,"e":1619146901925,"d":"MasterService.IsMasterRunning","r":"HMaster","p":["a85d71a8c5b55076"]}
{"i":"6fa8b55c4fcb32d3","s":"8d951da1289ad05c","b":1619146901924,"e":1619146901925,"d":"RpcClientImpl.tracedWriteRequest","r":"TestHCM","p":["a85d71a8c5b55076"]}
{"i":"6fa8b55c4fcb32d3","s":"ba1322a8b2904a1a","b":1619146901933,"e":1619146901933,"d":"MasterService.getProcedureResult","r":"HMaster","p":["a85d71a8c5b55076"]}
{"i":"6fa8b55c4fcb32d3","s":"0b8febb64957118e","b":1619146901932,"e":1619146901933,"d":"RpcClientImpl.tracedWriteRequest","r":"TestHCM","p":["a85d71a8c5b55076"]}
{"i":"6fa8b55c4fcb32d3","s":"97281ec4bf092f67","b":1619146902036,"e":1619146902036,"d":"MasterService.IsMasterRunning","r":"HMaster","p":["a85d71a8c5b55076"]}
{"i":"6fa8b55c4fcb32d3","s":"8a2ecbc802b4306c","b":1619146902036,"e":1619146902036,"d":"RpcClientImpl.tracedWriteRequest","r":"TestHCM","p":["a85d71a8c5b55076"]}
{"i":"6fa8b55c4fcb32d3","s":"6d93d9e56ebba0ad","b":1619146902037,"e":1619146902037,"d":"MasterService.getProcedureResult","r":"HMaster","p":["a85d71a8c5b55076"]}
{"i":"6fa8b55c4fcb32d3","s":"98f4c2bbd5ef171c","b":1619146902037,"e":1619146902037,"d":"RpcClientImpl.tracedWriteRequest","r":"TestHCM","p":["a85d71a8c5b55076"]}
{"i":"6fa8b55c4fcb32d3","s":"58848ea405eae0b8","b":1619146902238,"e":1619146902238,"d":"MasterService.IsMasterRunning","r":"HMaster","p":["a85d71a8c5b55076"]}
{"i":"6fa8b55c4fcb32d3","s":"b15ab1fd1af17947","b":1619146902238,"e":1619146902238,"d":"RpcClientImpl.tracedWriteRequest","r":"TestHCM","p":["a85d71a8c5b55076"]}
{"i":"6fa8b55c4fcb32d3","s":"844b39d283fa4683","b":1619146902239,"e":1619146902239,"d":"MasterService.getProcedureResult","r":"HMaster","p":["a85d71a8c5b55076"]}
{"i":"6fa8b55c4fcb32d3","s":"b31fbeec399641ce","b":1619146902239,"e":1619146902239,"d":"RpcClientImpl.tracedWriteRequest","r":"TestHCM","p":["a85d71a8c5b55076"]}
{"i":"6fa8b55c4fcb32d3","s":"a85d71a8c5b55076","b":1619146901267,"e":1619146902264,"d":"HBase15645","r":"TestHCM","p":[]}
{"i":"be4032cff7595b7c","s":"96aeb1c6968d6206","b":1619146913114,"e":1619146913145,"d":"RecoverableZookeeper.exists","r":"TestHCM","p":["a1ca5e2718298f4d"]}
{"i":"be4032cff7595b7c","s":"bdb83e2cbc0c6f6a","b":1619146913146,"e":1619146913148,"d":"RecoverableZookeeper.getData","r":"TestHCM","p":["a1ca5e2718298f4d"]}
{"i":"be4032cff7595b7c","s":"f4d90619da0f15cc","b":1619146913310,"e":1619146913311,"d":"RecoverableZookeeper.exists","r":"TestHCM","p":["a1ca5e2718298f4d"]}
{"i":"be4032cff7595b7c","s":"47a8a4ee2b7d8b49","b":1619146913311,"e":1619146913312,"d":"RecoverableZookeeper.getData","r":"TestHCM","p":["a1ca5e2718298f4d"]}
{"i":"be4032cff7595b7c","s":"240881f172740f80","b":1619146913427,"e":1619146913427,"d":"MasterService.IsMasterRunning","r":"HMaster","p":["a1ca5e2718298f4d"]}
{"i":"be4032cff7595b7c","s":"6b1304527651ee51","b":1619146913419,"e":1619146913427,"d":"RpcClientImpl.tracedWriteRequest","r":"TestHCM","p":["a1ca5e2718298f4d"]}
{"i":"be4032cff7595b7c","s":"a2ac8d27c149321f","b":1619146913467,"e":1619146913468,"d":"RpcClientImpl.tracedWriteRequest","r":"TestHCM","p":["a1ca5e2718298f4d"]}
{"i":"be4032cff7595b7c","s":"f7e5c57dcfa6e887","b":1619146913468,"e":1619146913570,"d":"MasterService.CreateTable","r":"HMaster","p":["a1ca5e2718298f4d"]}
{"i":"be4032cff7595b7c","s":"739f423f593e856a","b":1619146913579,"e":1619146913579,"d":"MasterService.IsMasterRunning","r":"HMaster","p":["a1ca5e2718298f4d"]}
{"i":"be4032cff7595b7c","s":"d35f76d3893d208a","b":1619146913578,"e":1619146913579,"d":"RpcClientImpl.tracedWriteRequest","r":"TestHCM","p":["a1ca5e2718298f4d"]}
{"i":"be4032cff7595b7c","s":"7e024c02b26b5eb3","b":1619146913584,"e":1619146913584,"d":"MasterService.getProcedureResult","r":"HMaster","p":["a1ca5e2718298f4d"]}
{"i":"be4032cff7595b7c","s":"433656540e8d1a67","b":1619146913584,"e":1619146913584,"d":"RpcClientImpl.tracedWriteRequest","r":"TestHCM","p":["a1ca5e2718298f4d"]}
{"i":"be4032cff7595b7c","s":"2d9780dc40645822","b":1619146913688,"e":1619146913688,"d":"MasterService.IsMasterRunning","r":"HMaster","p":["a1ca5e2718298f4d"]}
{"i":"be4032cff7595b7c","s":"be03b0cb4fe4d506","b":1619146913687,"e":1619146913688,"d":"RpcClientImpl.tracedWriteRequest","r":"TestHCM","p":["a1ca5e2718298f4d"]}
{"i":"be4032cff7595b7c","s":"a7b2a44dcc6927dc","b":1619146913689,"e":1619146913689,"d":"MasterService.getProcedureResult","r":"HMaster","p":["a1ca5e2718298f4d"]}
{"i":"be4032cff7595b7c","s":"7932615d1b530a9b","b":1619146913688,"e":1619146913689,"d":"RpcClientImpl.tracedWriteRequest","r":"TestHCM","p":["a1ca5e2718298f4d"]}
{"i":"be4032cff7595b7c","s":"179e149ef6d76466","b":1619146913890,"e":1619146913890,"d":"MasterService.IsMasterRunning","r":"HMaster","p":["a1ca5e2718298f4d"]}
{"i":"be4032cff7595b7c","s":"ccf628937f87bc87","b":1619146913889,"e":1619146913890,"d":"RpcClientImpl.tracedWriteRequest","r":"TestHCM","p":["a1ca5e2718298f4d"]}
{"i":"be4032cff7595b7c","s":"0de521dae1336b68","b":1619146913891,"e":1619146913891,"d":"MasterService.getProcedureResult","r":"HMaster","p":["a1ca5e2718298f4d"]}
{"i":"be4032cff7595b7c","s":"77ec4ba695e091e8","b":1619146913890,"e":1619146913890,"d":"RpcClientImpl.tracedWriteRequest","r":"TestHCM","p":["a1ca5e2718298f4d"]}
{"i":"be4032cff7595b7c","s":"a1ca5e2718298f4d","b":1619146912872,"e":1619146913913,"d":"HBase15645","r":"TestHCM","p":[]}
{"i":"b2d7d07105809c99","s":"cae79334849ca65b","b":1619146924739,"e":1619146924773,"d":"RecoverableZookeeper.exists","r":"TestHCM","p":["d016aacdce567643"]}
{"i":"b2d7d07105809c99","s":"c37ae5d9703076c3","b":1619146924775,"e":1619146924777,"d":"RecoverableZookeeper.getData","r":"TestHCM","p":["d016aacdce567643"]}
{"i":"b2d7d07105809c99","s":"89c21f54e727ddcc","b":1619146924931,"e":1619146924932,"d":"RecoverableZookeeper.exists","r":"TestHCM","p":["d016aacdce567643"]}
{"i":"b2d7d07105809c99","s":"be4da231cf192432","b":1619146924933,"e":1619146924933,"d":"RecoverableZookeeper.getData","r":"TestHCM","p":["d016aacdce567643"]}
{"i":"b2d7d07105809c99","s":"b14664704fbd6069","b":1619146925052,"e":1619146925052,"d":"MasterService.IsMasterRunning","r":"HMaster","p":["d016aacdce567643"]}
{"i":"b2d7d07105809c99","s":"2d574bdf66bbcfe6","b":1619146925044,"e":1619146925052,"d":"RpcClientImpl.tracedWriteRequest","r":"TestHCM","p":["d016aacdce567643"]}
{"i":"b2d7d07105809c99","s":"149d04afc4bb43e8","b":1619146925096,"e":1619146925097,"d":"RpcClientImpl.tracedWriteRequest","r":"TestHCM","p":["d016aacdce567643"]}
{"i":"b2d7d07105809c99","s":"f92fbe3b587119cf","b":1619146925097,"e":1619146925199,"d":"MasterService.CreateTable","r":"HMaster","p":["d016aacdce567643"]}
{"i":"b2d7d07105809c99","s":"30cd6001cf23aff5","b":1619146925207,"e":1619146925207,"d":"MasterService.IsMasterRunning","r":"HMaster","p":["d016aacdce567643"]}
{"i":"b2d7d07105809c99","s":"7b9188491dd487e9","b":1619146925207,"e":1619146925207,"d":"RpcClientImpl.tracedWriteRequest","r":"TestHCM","p":["d016aacdce567643"]}
{"i":"b2d7d07105809c99","s":"6f764ca1b91b975e","b":1619146925217,"e":1619146925217,"d":"MasterService.getProcedureResult","r":"HMaster","p":["d016aacdce567643"]}
{"i":"b2d7d07105809c99","s":"defee80a9ab58ea4","b":1619146925216,"e":1619146925217,"d":"RpcClientImpl.tracedWriteRequest","r":"TestHCM","p":["d016aacdce567643"]}
{"i":"b2d7d07105809c99","s":"a98eeedc586d25b0","b":1619146925320,"e":1619146925320,"d":"MasterService.IsMasterRunning","r":"HMaster","p":["d016aacdce567643"]}
{"i":"b2d7d07105809c99","s":"2a7238424c8cb020","b":1619146925320,"e":1619146925320,"d":"RpcClientImpl.tracedWriteRequest","r":"TestHCM","p":["d016aacdce567643"]}
{"i":"b2d7d07105809c99","s":"2ba6fb6b60879226","b":1619146925321,"e":1619146925321,"d":"MasterService.getProcedureResult","r":"HMaster","p":["d016aacdce567643"]}
{"i":"b2d7d07105809c99","s":"02b57a2542443533","b":1619146925321,"e":1619146925321,"d":"RpcClientImpl.tracedWriteRequest","r":"TestHCM","p":["d016aacdce567643"]}
{"i":"b2d7d07105809c99","s":"73f8f34200242e65","b":1619146925523,"e":1619146925523,"d":"MasterService.IsMasterRunning","r":"HMaster","p":["d016aacdce567643"]}
{"i":"b2d7d07105809c99","s":"ce6077e28c5dd3fd","b":1619146925522,"e":1619146925522,"d":"RpcClientImpl.tracedWriteRequest","r":"TestHCM","p":["d016aacdce567643"]}
{"i":"b2d7d07105809c99","s":"a2490821e423f682","b":1619146925524,"e":1619146925524,"d":"MasterService.getProcedureResult","r":"HMaster","p":["d016aacdce567643"]}
{"i":"b2d7d07105809c99","s":"2727bd5a2e316936","b":1619146925523,"e":1619146925524,"d":"RpcClientImpl.tracedWriteRequest","r":"TestHCM","p":["d016aacdce567643"]}
{"i":"b2d7d07105809c99","s":"d016aacdce567643","b":1619146924480,"e":1619146925553,"d":"HBase15645","r":"TestHCM","p":[]}
{"i":"9f360029a4a7262f","s":"dc5fe71ad496f4a3","b":1619150798985,"e":1619150801100,"d":"ReplicationSource","r":"TestReplicationSource","p":[]}
{"i":"271c90bdfd2a4a30","s":"7a028d550316b3fe","b":1619151031421,"e":1619151033593,"d":"ReplicationSource","r":"TestReplicationSource","p":[]}
{"i":"bcb063a35c0273c8","s":"7d1a57fa4737b375","b":1619151044341,"e":1619151046472,"d":"ReplicationSource","r":"TestReplicationSource","p":[]}
{"i":"58f1b06992bc1b4a","s":"b47421cf0dd6e57b","b":1619151057331,"e":1619151059456,"d":"ReplicationSource","r":"TestReplicationSource","p":[]}
{"i":"295a9ff76147ce2e","s":"a2fb51ef288fb62a","b":1619151070338,"e":1619151072462,"d":"ReplicationSource","r":"TestReplicationSource","p":[]}
{"i":"2e6b1420b7fab4fe","s":"3f6465182edb71ab","b":1619151083334,"e":1619151085447,"d":"ReplicationSource","r":"TestReplicationSource","p":[]}
{"i":"cc857f3bd077da2a","s":"06e0cf3ab9044f5b","b":1619152176508,"e":1619152178632,"d":"ReplicationSource","r":"TestReplicationSource","p":[]}
{"i":"608a4fa679ed25dc","s":"f55439c415931ad9","b":1619152189527,"e":1619152191669,"d":"ReplicationSource","r":"TestReplicationSource","p":[]}
{"i":"d6e11790fd75d7fa","s":"519b96c622a5cd9a","b":1619152202535,"e":1619152204648,"d":"ReplicationSource","r":"TestReplicationSource","p":[]}
{"i":"54ab3d805c5028d3","s":"f208f760e454b9e7","b":1619152215534,"e":1619152217649,"d":"ReplicationSource","r":"TestReplicationSource","p":[]}
{"i":"a69af19c59784853","s":"e2e9c220055d63ef","b":1619152228541,"e":1619152230666,"d":"ReplicationSource","r":"TestReplicationSource","p":[]}
{"i":"96670fe134aef59f","s":"a528595691176f03","b":1619203883053,"e":1619203885178,"d":"ReplicationSource","r":"TestReplicationSource","p":[]}
{"i":"c8b666dca9f3b6db","s":"d093fbde5b972904","b":1619203949134,"e":1619203951268,"d":"ReplicationSource","r":"TestReplicationSource","p":[]}
{"i":"1b63edb5d89dbfa6","s":"607bfdfe73ac1520","b":1619203963133,"e":1619203965257,"d":"ReplicationSource","r":"TestReplicationSource","p":[]}
{"i":"222c3ac7da614462","s":"8f54dfc880790626","b":1619203977150,"e":1619203979269,"d":"ReplicationSource","r":"TestReplicationSource","p":[]}
{"i":"aecc2a1d82742b38","s":"b00a4f545e94ade1","b":1619203991162,"e":1619203993297,"d":"ReplicationSource","r":"TestReplicationSource","p":[]}
{"i":"3ab60d5539434f0d","s":"14791edd5ef4c348","b":1619204005168,"e":1619204007307,"d":"ReplicationSource","r":"TestReplicationSource","p":[]}
