bug triggering time: 21-04-15 21:42:43
Number of Maps  = 16
Samples per Map = 1000
21/04/15 21:41:21 INFO tracing.SpanReceiverHost: Loaded SpanReceiver org.apache.htrace.impl.LocalFileSpanReceiver successfully.
21/04/15 21:41:21 INFO mortbay.log: Logging to org.slf4j.impl.Log4jLoggerAdapter(org.mortbay.log) via org.mortbay.log.Slf4jLog
21/04/15 21:41:21 INFO server.AuthenticationFilter: Unable to initialize FileSignerSecretProvider, falling back to use random secrets.
21/04/15 21:41:21 INFO http.HttpRequestLog: Http request log for http.requests.namenode is not defined
21/04/15 21:41:21 INFO http.HttpServer2: Added global filter 'safety' (class=org.apache.hadoop.http.HttpServer2$QuotingInputFilter)
21/04/15 21:41:21 INFO http.HttpServer2: Added filter static_user_filter (class=org.apache.hadoop.http.lib.StaticUserWebFilter$StaticUserFilter) to context hdfs
21/04/15 21:41:21 INFO http.HttpServer2: Added filter static_user_filter (class=org.apache.hadoop.http.lib.StaticUserWebFilter$StaticUserFilter) to context static
21/04/15 21:41:21 INFO tracing.SpanReceiverHost: Loaded SpanReceiver org.apache.htrace.impl.LocalFileSpanReceiver successfully.
21/04/15 21:41:21 INFO http.HttpServer2: Jetty bound to port 46459
21/04/15 21:41:21 INFO mortbay.log: jetty-6.1.26
21/04/15 21:41:21 INFO mortbay.log: Started HttpServer2$SelectChannelConnectorWithSafeStartup@localhost:46459
!!!http://localhost:46459
Wrote input for Map #0
Wrote input for Map #1
Wrote input for Map #2
Wrote input for Map #3
Wrote input for Map #4
Wrote input for Map #5
Wrote input for Map #6
Wrote input for Map #7
Wrote input for Map #8
Wrote input for Map #9
Wrote input for Map #10
Wrote input for Map #11
Wrote input for Map #12
Wrote input for Map #13
Wrote input for Map #14
Wrote input for Map #15
Starting Job
21/04/15 21:41:22 WARN util.NativeCodeLoader: Unable to load native-hadoop library for your platform... using builtin-java classes where applicable
21/04/15 21:41:22 INFO namenode.TransferFsImage: Image Transfer timeout configured to 60000 milliseconds
21/04/15 21:41:22 INFO client.RMProxy: Connecting to ResourceManager at /0.0.0.0:8032
21/04/15 21:41:23 INFO input.FileInputFormat: Total input paths to process : 16
21/04/15 21:41:23 INFO mapreduce.JobSubmitter: number of splits:16
21/04/15 21:41:23 INFO mapreduce.JobSubmitter: Submitting tokens for job: job_1598481421677_0048
21/04/15 21:41:23 INFO impl.YarnClientImpl: Submitted application application_1598481421677_0048
21/04/15 21:41:23 INFO mapreduce.Job: The url to track the job: http://santaclara:8088/proxy/application_1598481421677_0048/
21/04/15 21:41:23 INFO mapreduce.Job: Running job: job_1598481421677_0048
21/04/15 21:41:27 INFO namenode.TransferFsImage: Uploaded image with txid 1 to namenode at http://localhost:46459 in 5.091 seconds
21/04/15 21:41:27 INFO mortbay.log: Stopped HttpServer2$SelectChannelConnectorWithSafeStartup@localhost:0
21/04/15 21:41:28 INFO mapreduce.Job: Job job_1598481421677_0048 running in uber mode : false
21/04/15 21:41:28 INFO mapreduce.Job:  map 0% reduce 0%
21/04/15 21:41:32 INFO mapreduce.Job:  map 6% reduce 0%
21/04/15 21:41:35 INFO mapreduce.Job:  map 13% reduce 0%
21/04/15 21:41:37 INFO mortbay.log: Logging to org.slf4j.impl.Log4jLoggerAdapter(org.mortbay.log) via org.mortbay.log.Slf4jLog
21/04/15 21:41:37 INFO server.AuthenticationFilter: Unable to initialize FileSignerSecretProvider, falling back to use random secrets.
21/04/15 21:41:37 INFO http.HttpRequestLog: Http request log for http.requests.namenode is not defined
21/04/15 21:41:37 INFO http.HttpServer2: Added global filter 'safety' (class=org.apache.hadoop.http.HttpServer2$QuotingInputFilter)
21/04/15 21:41:37 INFO http.HttpServer2: Added filter static_user_filter (class=org.apache.hadoop.http.lib.StaticUserWebFilter$StaticUserFilter) to context hdfs
21/04/15 21:41:37 INFO http.HttpServer2: Added filter static_user_filter (class=org.apache.hadoop.http.lib.StaticUserWebFilter$StaticUserFilter) to context static
21/04/15 21:41:37 INFO tracing.SpanReceiverHost: Loaded SpanReceiver org.apache.htrace.impl.LocalFileSpanReceiver successfully.
21/04/15 21:41:38 INFO http.HttpServer2: Jetty bound to port 42997
21/04/15 21:41:38 INFO mortbay.log: jetty-6.1.26
21/04/15 21:41:38 INFO mortbay.log: Started HttpServer2$SelectChannelConnectorWithSafeStartup@localhost:42997
!!!http://localhost:42997
21/04/15 21:41:38 WARN util.NativeCodeLoader: Unable to load native-hadoop library for your platform... using builtin-java classes where applicable
21/04/15 21:41:38 INFO namenode.TransferFsImage: Image Transfer timeout configured to 60000 milliseconds
21/04/15 21:41:38 INFO mapreduce.Job:  map 19% reduce 0%
21/04/15 21:41:42 INFO mapreduce.Job:  map 25% reduce 0%
21/04/15 21:41:43 INFO namenode.TransferFsImage: Uploaded image with txid 1 to namenode at http://localhost:42997 in 5.093 seconds
21/04/15 21:41:43 INFO mortbay.log: Stopped HttpServer2$SelectChannelConnectorWithSafeStartup@localhost:0
21/04/15 21:41:45 INFO mapreduce.Job:  map 31% reduce 0%
21/04/15 21:41:48 INFO mapreduce.Job:  map 38% reduce 0%
21/04/15 21:41:51 INFO mapreduce.Job:  map 44% reduce 0%
21/04/15 21:41:54 INFO mapreduce.Job:  map 50% reduce 0%
21/04/15 21:41:54 INFO mortbay.log: Logging to org.slf4j.impl.Log4jLoggerAdapter(org.mortbay.log) via org.mortbay.log.Slf4jLog
21/04/15 21:41:54 INFO server.AuthenticationFilter: Unable to initialize FileSignerSecretProvider, falling back to use random secrets.
21/04/15 21:41:54 INFO http.HttpRequestLog: Http request log for http.requests.namenode is not defined
21/04/15 21:41:54 INFO http.HttpServer2: Added global filter 'safety' (class=org.apache.hadoop.http.HttpServer2$QuotingInputFilter)
21/04/15 21:41:54 INFO http.HttpServer2: Added filter static_user_filter (class=org.apache.hadoop.http.lib.StaticUserWebFilter$StaticUserFilter) to context hdfs
21/04/15 21:41:54 INFO http.HttpServer2: Added filter static_user_filter (class=org.apache.hadoop.http.lib.StaticUserWebFilter$StaticUserFilter) to context static
21/04/15 21:41:54 INFO tracing.SpanReceiverHost: Loaded SpanReceiver org.apache.htrace.impl.LocalFileSpanReceiver successfully.
21/04/15 21:41:54 INFO http.HttpServer2: Jetty bound to port 43057
21/04/15 21:41:54 INFO mortbay.log: jetty-6.1.26
21/04/15 21:41:54 INFO mortbay.log: Started HttpServer2$SelectChannelConnectorWithSafeStartup@localhost:43057
!!!http://localhost:43057
21/04/15 21:41:54 WARN util.NativeCodeLoader: Unable to load native-hadoop library for your platform... using builtin-java classes where applicable
21/04/15 21:41:54 INFO namenode.TransferFsImage: Image Transfer timeout configured to 60000 milliseconds
21/04/15 21:41:57 INFO mapreduce.Job:  map 56% reduce 0%
21/04/15 21:41:59 INFO namenode.TransferFsImage: Uploaded image with txid 1 to namenode at http://localhost:43057 in 5.093 seconds
21/04/15 21:41:59 INFO mortbay.log: Stopped HttpServer2$SelectChannelConnectorWithSafeStartup@localhost:0
21/04/15 21:42:00 INFO mapreduce.Job:  map 63% reduce 0%
21/04/15 21:42:03 INFO mapreduce.Job:  map 69% reduce 0%
21/04/15 21:42:06 INFO mapreduce.Job:  map 75% reduce 0%
21/04/15 21:42:09 INFO mapreduce.Job:  map 81% reduce 0%
21/04/15 21:42:10 INFO mortbay.log: Logging to org.slf4j.impl.Log4jLoggerAdapter(org.mortbay.log) via org.mortbay.log.Slf4jLog
21/04/15 21:42:10 INFO server.AuthenticationFilter: Unable to initialize FileSignerSecretProvider, falling back to use random secrets.
21/04/15 21:42:10 INFO http.HttpRequestLog: Http request log for http.requests.namenode is not defined
21/04/15 21:42:10 INFO http.HttpServer2: Added global filter 'safety' (class=org.apache.hadoop.http.HttpServer2$QuotingInputFilter)
21/04/15 21:42:10 INFO http.HttpServer2: Added filter static_user_filter (class=org.apache.hadoop.http.lib.StaticUserWebFilter$StaticUserFilter) to context hdfs
21/04/15 21:42:10 INFO http.HttpServer2: Added filter static_user_filter (class=org.apache.hadoop.http.lib.StaticUserWebFilter$StaticUserFilter) to context static
21/04/15 21:42:10 INFO tracing.SpanReceiverHost: Loaded SpanReceiver org.apache.htrace.impl.LocalFileSpanReceiver successfully.
21/04/15 21:42:10 INFO http.HttpServer2: Jetty bound to port 37705
21/04/15 21:42:10 INFO mortbay.log: jetty-6.1.26
21/04/15 21:42:10 INFO mortbay.log: Started HttpServer2$SelectChannelConnectorWithSafeStartup@localhost:37705
!!!http://localhost:37705
21/04/15 21:42:11 WARN util.NativeCodeLoader: Unable to load native-hadoop library for your platform... using builtin-java classes where applicable
21/04/15 21:42:11 INFO namenode.TransferFsImage: Image Transfer timeout configured to 60000 milliseconds
21/04/15 21:42:12 INFO mapreduce.Job:  map 88% reduce 0%
21/04/15 21:42:15 INFO mapreduce.Job:  map 94% reduce 0%
21/04/15 21:42:16 INFO namenode.TransferFsImage: Uploaded image with txid 1 to namenode at http://localhost:37705 in 5.083 seconds
21/04/15 21:42:16 INFO mortbay.log: Stopped HttpServer2$SelectChannelConnectorWithSafeStartup@localhost:0
21/04/15 21:42:18 INFO mapreduce.Job:  map 100% reduce 0%
21/04/15 21:42:21 INFO mapreduce.Job:  map 100% reduce 100%
21/04/15 21:42:21 INFO mapreduce.Job: Job job_1598481421677_0048 completed successfully
21/04/15 21:42:21 INFO mapreduce.Job: Counters: 49
        File System Counters
                FILE: Number of bytes read=358
                FILE: Number of bytes written=1970683
                FILE: Number of read operations=0
                FILE: Number of large read operations=0
                FILE: Number of write operations=0
                HDFS: Number of bytes read=4230
                HDFS: Number of bytes written=215
                HDFS: Number of read operations=67
                HDFS: Number of large read operations=0
                HDFS: Number of write operations=3
        Job Counters
                Launched map tasks=16
                Launched reduce tasks=1
                Data-local map tasks=16
                Total time spent by all maps in occupied slots (ms)=854368
                Total time spent by all reduces in occupied slots (ms)=58208
                Total time spent by all map tasks (ms)=26699
                Total time spent by all reduce tasks (ms)=1819
                Total vcore-seconds taken by all map tasks=26699
                Total vcore-seconds taken by all reduce tasks=1819
                Total megabyte-seconds taken by all map tasks=109359104
                Total megabyte-seconds taken by all reduce tasks=7450624
        Map-Reduce Framework
                Map input records=16
                Map output records=32
                Map output bytes=288
                Map output materialized bytes=448
                Input split bytes=2342
                Combine input records=0
                Combine output records=0
                Reduce input groups=2
                Reduce shuffle bytes=448
                Reduce input records=32
                Reduce output records=0
                Spilled Records=64
                Shuffled Maps =16
                Failed Shuffles=0
                Merged Map outputs=16
                GC time elapsed (ms)=795
                CPU time spent (ms)=11510
                Physical memory (bytes) snapshot=5323284480
                Virtual memory (bytes) snapshot=48286502912
                Total committed heap usage (bytes)=5793382400
        Shuffle Errors
                BAD_ID=0
                CONNECTION=0
                IO_ERROR=0
                WRONG_LENGTH=0
                WRONG_MAP=0
                WRONG_REDUCE=0
        File Input Format Counters
                Bytes Read=1888
        File Output Format Counters
                Bytes Written=97
Job Finished in 58.493 seconds
Estimated value of Pi is 3.14250000000000000000
21/04/15 21:42:26 INFO mortbay.log: Logging to org.slf4j.impl.Log4jLoggerAdapter(org.mortbay.log) via org.mortbay.log.Slf4jLog
21/04/15 21:42:26 INFO server.AuthenticationFilter: Unable to initialize FileSignerSecretProvider, falling back to use random secrets.
21/04/15 21:42:26 INFO http.HttpRequestLog: Http request log for http.requests.namenode is not defined
21/04/15 21:42:26 INFO http.HttpServer2: Added global filter 'safety' (class=org.apache.hadoop.http.HttpServer2$QuotingInputFilter)
21/04/15 21:42:26 INFO http.HttpServer2: Added filter static_user_filter (class=org.apache.hadoop.http.lib.StaticUserWebFilter$StaticUserFilter) to context hdfs
21/04/15 21:42:26 INFO http.HttpServer2: Added filter static_user_filter (class=org.apache.hadoop.http.lib.StaticUserWebFilter$StaticUserFilter) to context static
21/04/15 21:42:26 INFO tracing.SpanReceiverHost: Loaded SpanReceiver org.apache.htrace.impl.LocalFileSpanReceiver successfully.
21/04/15 21:42:27 INFO http.HttpServer2: Jetty bound to port 43123
21/04/15 21:42:27 INFO mortbay.log: jetty-6.1.26
21/04/15 21:42:27 INFO mortbay.log: Started HttpServer2$SelectChannelConnectorWithSafeStartup@localhost:43123
!!!http://localhost:43123
21/04/15 21:42:27 WARN util.NativeCodeLoader: Unable to load native-hadoop library for your platform... using builtin-java classes where applicable
21/04/15 21:42:27 INFO namenode.TransferFsImage: Image Transfer timeout configured to 60000 milliseconds
21/04/15 21:42:32 INFO namenode.TransferFsImage: Uploaded image with txid 1 to namenode at http://localhost:43123 in 5.078 seconds
21/04/15 21:42:32 INFO mortbay.log: Stopped HttpServer2$SelectChannelConnectorWithSafeStartup@localhost:0